----------------------------------------
ActivityId: e1e48010-f432-4497-97aa-9d6035082dfa

Timestamp: 9/12/2025 3:37:39 PM

Message: ‹‹‹Operation: 'ModelReset'. Parameters: 'notify:True'. Reason: 'MetaDataChange|InvalidatedModules:Telerik.Sitefinity.DynamicModules.Data.OpenAccessDynamicModuleProvider;Telerik.Sitefinity.DynamicModules.Builder.Data.OpenAccessModuleBuilderDataProvider'. User: 'walter.villamar@iroute.com.ec'. StackTrace: '
Telerik.Sitefinity.Data.OA.OpenAccessConnection: Void ResetModel(Telerik.Sitefinity.Services.OperationReason, Boolean)
Telerik.Sitefinity.Data.TransactionManager: Void CommitTransaction(System.String)
Telerik.Sitefinity.DynamicModules.Builder.ModuleBuilderHelper: Telerik.Sitefinity.DynamicModules.Builder.Data.ContentTypeContext SaveContentType(System.Guid, Telerik.Sitefinity.DynamicModules.Builder.Data.ContentTypeContext, System.String, Boolean)
Telerik.Sitefinity.DynamicModules.Builder.Web.Services.ContentTypeService: Telerik.Sitefinity.DynamicModules.Builder.Data.ContentTypeContext SaveContentTypeInternal(System.String, Telerik.Sitefinity.DynamicModules.Builder.Data.ContentTypeContext, System.String, Boolean)
unknown: System.Object SyncInvokeSaveContentType(System.Object, System.Object[], System.Object[])
System.ServiceModel.Dispatcher.SyncMethodInvoker: System.Object Invoke(System.Object, System.Object[], System.Object[] ByRef)
System.ServiceModel.Dispatcher.DispatchOperationRuntime: Void InvokeBegin(System.ServiceModel.Dispatcher.MessageRpc ByRef)
System.ServiceModel.Dispatcher.ImmutableDispatchRuntime: Void ProcessMessage5(System.ServiceModel.Dispatcher.MessageRpc ByRef)
System.ServiceModel.Dispatcher.ImmutableDispatchRuntime: Void ProcessMessage11(System.ServiceModel.Dispatcher.MessageRpc ByRef)
System.ServiceModel.Dispatcher.MessageRpc: Boolean Process(Boolean)
System.ServiceModel.Dispatcher.ChannelHandler: Boolean DispatchAndReleasePump(System.ServiceModel.Channels.RequestContext, Boolean, System.ServiceModel.OperationContext)
System.ServiceModel.Dispatcher.ChannelHandler: Boolean HandleRequest(System.ServiceModel.Channels.RequestContext, System.ServiceModel.OperationContext)
System.ServiceModel.Dispatcher.ChannelHandler: Void AsyncMessagePump(System.IAsyncResult)
System.ServiceModel.Dispatcher.ChannelHandler: Void OnAsyncReceiveComplete(System.IAsyncResult)
System.Runtime.Fx+AsyncThunk: Void UnhandledExceptionFrame(System.IAsyncResult)
Telerik.Sitefinity.Utilities.MS.ServiceModel.Web.AsyncResult: Void Complete(Boolean)
Telerik.Sitefinity.Utilities.MS.ServiceModel.Web.RequestInterceptorReplyChannelBase`1+TryReceiveRequestAsyncResult: Void InnerTryReceiveCallback(System.IAsyncResult)
System.Runtime.AsyncResult: Void Complete(Boolean)
System.Runtime.InputQueue`1+AsyncQueueReader: Void Set(Item)
System.Runtime.InputQueue`1: Void EnqueueAndDispatch(Item, Boolean)
System.Runtime.InputQueue`1: Void EnqueueAndDispatch(T, System.Action, Boolean)
System.ServiceModel.Channels.SingletonChannelAcceptor`3: Void Enqueue(QueueItemType, System.Action, Boolean)
System.ServiceModel.Channels.HttpPipeline+EnqueueMessageAsyncResult: Void CompleteParseAndEnqueue(System.IAsyncResult)
System.ServiceModel.Channels.HttpPipeline+EnqueueMessageAsyncResult: Boolean HandleParseIncomingMessage(System.IAsyncResult)
System.Runtime.AsyncResult: Boolean SyncContinue(System.IAsyncResult)
System.ServiceModel.Channels.HttpPipeline+EmptyHttpPipeline: System.IAsyncResult BeginProcessInboundRequest(System.ServiceModel.Channels.ReplyChannelAcceptor, System.Action, System.AsyncCallback, System.Object)
System.ServiceModel.Channels.HttpChannelListener`1+HttpContextReceivedAsyncResult`1: System.Runtime.AsyncCompletionResult ProcessHttpContextAsync()
System.ServiceModel.Channels.HttpChannelListener`1: System.IAsyncResult BeginHttpContextReceived(System.ServiceModel.Channels.HttpRequestContext, System.Action, System.AsyncCallback, System.Object)
System.ServiceModel.Activation.HostedHttpTransportManager: Void HttpContextReceived(System.ServiceModel.Activation.HostedHttpRequestAsyncResult)
System.ServiceModel.Activation.HostedHttpRequestAsyncResult: Void HandleRequest()
System.ServiceModel.Activation.HostedHttpRequestAsyncResult: Void BeginRequest()
System.ServiceModel.Activation.HostedHttpRequestAsyncResult: Void OnBeginRequest(System.Object)
System.ServiceModel.AspNetPartialTrustHelpers: Void PartialTrustInvoke(System.Threading.ContextCallback, System.Object)
System.ServiceModel.Activation.HostedHttpRequestAsyncResult: Void OnBeginRequestWithFlow(System.Object)
System.Runtime.IOThreadScheduler+ScheduledOverlapped: Void IOCallback(UInt32, UInt32, System.Threading.NativeOverlapped*)
System.Runtime.Fx+IOCompletionThunk: Void UnhandledExceptionFrame(UInt32, UInt32, System.Threading.NativeOverlapped*)
System.Threading._IOCompletionCallback: Void PerformIOCompletionCallback(UInt32, UInt32, System.Threading.NativeOverlapped*)'.›››


----------------------------------------
----------------------------------------
ActivityId: 7a52524b-4abe-493e-8880-f8e30cce8883

Timestamp: 9/12/2025 3:43:08 PM

Message: ‹‹‹Operation: 'ModelReset'. Parameters: 'notify:True'. Reason: 'MetaDataChange|InvalidatedModules:Telerik.Sitefinity.Modules.Libraries.Data.OpenAccessLibrariesProvider'. User: 'walter.villamar@iroute.com.ec'. StackTrace: '
Telerik.Sitefinity.Data.OA.OpenAccessConnection: Void ResetModel(Telerik.Sitefinity.Services.OperationReason, Boolean)
Telerik.Sitefinity.Data.Decorators.OpenAccessDecorator: Void EnsureModelReset()
Telerik.Sitefinity.Data.Metadata.OpenAccessMetaDataProvider: Void CommitTransaction(Boolean)
DynamicModule.ns.Wrapped_OpenAccessMetaDataProvider_8e8eef2ddcda431ebc97a71d330509b2: Telerik.Microsoft.Practices.Unity.InterceptionExtension.IMethodReturn <CommitTransaction_DelegateImplementation>__36(Telerik.Microsoft.Practices.Unity.InterceptionExtension.IMethodInvocation, Telerik.Microsoft.Practices.Unity.InterceptionExtension.GetNextInterceptionBehaviorDelegate)
Telerik.Sitefinity.Data.DataEventsCallHandler: Telerik.Microsoft.Practices.Unity.InterceptionExtension.IMethodReturn Invoke(Telerik.Microsoft.Practices.Unity.InterceptionExtension.IMethodInvocation, Telerik.Microsoft.Practices.Unity.InterceptionExtension.GetNextHandlerDelegate)
Telerik.Sitefinity.Security.SitefinityAuthorizationCallHandler: Telerik.Microsoft.Practices.Unity.InterceptionExtension.IMethodReturn Invoke(Telerik.Microsoft.Practices.Unity.InterceptionExtension.IMethodInvocation, Telerik.Microsoft.Practices.Unity.InterceptionExtension.GetNextHandlerDelegate)
DynamicModule.ns.Wrapped_OpenAccessMetaDataProvider_8e8eef2ddcda431ebc97a71d330509b2: Void CommitTransaction(Boolean)
DynamicModule.ns.Wrapped_OpenAccessMetaDataProvider_8e8eef2ddcda431ebc97a71d330509b2: Telerik.Microsoft.Practices.Unity.InterceptionExtension.IMethodReturn <CommitTransaction_DelegateImplementation>__35(Telerik.Microsoft.Practices.Unity.InterceptionExtension.IMethodInvocation, Telerik.Microsoft.Practices.Unity.InterceptionExtension.GetNextInterceptionBehaviorDelegate)
Telerik.Sitefinity.Data.DataEventsCallHandler: Telerik.Microsoft.Practices.Unity.InterceptionExtension.IMethodReturn Invoke(Telerik.Microsoft.Practices.Unity.InterceptionExtension.IMethodInvocation, Telerik.Microsoft.Practices.Unity.InterceptionExtension.GetNextHandlerDelegate)
Telerik.Sitefinity.Security.SitefinityAuthorizationCallHandler: Telerik.Microsoft.Practices.Unity.InterceptionExtension.IMethodReturn Invoke(Telerik.Microsoft.Practices.Unity.InterceptionExtension.IMethodInvocation, Telerik.Microsoft.Practices.Unity.InterceptionExtension.GetNextHandlerDelegate)
DynamicModule.ns.Wrapped_OpenAccessMetaDataProvider_8e8eef2ddcda431ebc97a71d330509b2: Void CommitTransaction()
Telerik.Sitefinity.ModuleEditor.Web.Services.Model.CustomFieldsContext: Boolean SaveChanges()
unknown: System.Object SyncInvokeApplyChanges(System.Object, System.Object[], System.Object[])
System.ServiceModel.Dispatcher.SyncMethodInvoker: System.Object Invoke(System.Object, System.Object[], System.Object[] ByRef)
System.ServiceModel.Dispatcher.DispatchOperationRuntime: Void InvokeBegin(System.ServiceModel.Dispatcher.MessageRpc ByRef)
System.ServiceModel.Dispatcher.ImmutableDispatchRuntime: Void ProcessMessage5(System.ServiceModel.Dispatcher.MessageRpc ByRef)
System.ServiceModel.Dispatcher.ImmutableDispatchRuntime: Void ProcessMessage11(System.ServiceModel.Dispatcher.MessageRpc ByRef)
System.ServiceModel.Dispatcher.MessageRpc: Boolean Process(Boolean)
System.ServiceModel.Dispatcher.ChannelHandler: Boolean DispatchAndReleasePump(System.ServiceModel.Channels.RequestContext, Boolean, System.ServiceModel.OperationContext)
System.ServiceModel.Dispatcher.ChannelHandler: Boolean HandleRequest(System.ServiceModel.Channels.RequestContext, System.ServiceModel.OperationContext)
System.ServiceModel.Dispatcher.ChannelHandler: Void AsyncMessagePump(System.IAsyncResult)
System.ServiceModel.Dispatcher.ChannelHandler: Void OnAsyncReceiveComplete(System.IAsyncResult)
System.Runtime.Fx+AsyncThunk: Void UnhandledExceptionFrame(System.IAsyncResult)
Telerik.Sitefinity.Utilities.MS.ServiceModel.Web.AsyncResult: Void Complete(Boolean)
Telerik.Sitefinity.Utilities.MS.ServiceModel.Web.RequestInterceptorReplyChannelBase`1+TryReceiveRequestAsyncResult: Void InnerTryReceiveCallback(System.IAsyncResult)
System.Runtime.AsyncResult: Void Complete(Boolean)
System.Runtime.InputQueue`1+AsyncQueueReader: Void Set(Item)
System.Runtime.InputQueue`1: Void EnqueueAndDispatch(Item, Boolean)
System.Runtime.InputQueue`1: Void EnqueueAndDispatch(T, System.Action, Boolean)
System.ServiceModel.Channels.SingletonChannelAcceptor`3: Void Enqueue(QueueItemType, System.Action, Boolean)
System.ServiceModel.Channels.HttpPipeline+EnqueueMessageAsyncResult: Void CompleteParseAndEnqueue(System.IAsyncResult)
System.ServiceModel.Channels.HttpPipeline+EnqueueMessageAsyncResult: Boolean HandleParseIncomingMessage(System.IAsyncResult)
System.Runtime.AsyncResult: Boolean SyncContinue(System.IAsyncResult)
System.ServiceModel.Channels.HttpPipeline+EmptyHttpPipeline: System.IAsyncResult BeginProcessInboundRequest(System.ServiceModel.Channels.ReplyChannelAcceptor, System.Action, System.AsyncCallback, System.Object)
System.ServiceModel.Channels.HttpChannelListener`1+HttpContextReceivedAsyncResult`1: System.Runtime.AsyncCompletionResult ProcessHttpContextAsync()
System.ServiceModel.Channels.HttpChannelListener`1: System.IAsyncResult BeginHttpContextReceived(System.ServiceModel.Channels.HttpRequestContext, System.Action, System.AsyncCallback, System.Object)
System.ServiceModel.Activation.HostedHttpTransportManager: Void HttpContextReceived(System.ServiceModel.Activation.HostedHttpRequestAsyncResult)
System.ServiceModel.Activation.HostedHttpRequestAsyncResult: Void HandleRequest()
System.ServiceModel.Activation.HostedHttpRequestAsyncResult: Void BeginRequest()
System.ServiceModel.Activation.HostedHttpRequestAsyncResult: Void OnBeginRequest(System.Object)
System.ServiceModel.AspNetPartialTrustHelpers: Void PartialTrustInvoke(System.Threading.ContextCallback, System.Object)
System.ServiceModel.Activation.HostedHttpRequestAsyncResult: Void OnBeginRequestWithFlow(System.Object)
System.Runtime.IOThreadScheduler+ScheduledOverlapped: Void IOCallback(UInt32, UInt32, System.Threading.NativeOverlapped*)
System.Runtime.Fx+IOCompletionThunk: Void UnhandledExceptionFrame(UInt32, UInt32, System.Threading.NativeOverlapped*)
System.Threading._IOCompletionCallback: Void PerformIOCompletionCallback(UInt32, UInt32, System.Threading.NativeOverlapped*)'.›››


----------------------------------------
