----------------------------------------
ActivityId: e1bc5080-1f80-442b-b012-ab6018dd80fa

Timestamp: 8/28/2025 8:14:44 PM

Message: HandlingInstanceID: fa203f2a-b919-4bba-b59a-2861158bfe59
An exception of type 'System.DirectoryServices.Protocols.LdapException' occurred and was caught.
------------------------------------------------------------------------------------------------
08/28/2025 15:14:44
Type : System.DirectoryServices.Protocols.LdapException, System.DirectoryServices.Protocols, Version=4.0.0.0, Culture=neutral, PublicKeyToken=b03f5f7f11d50a3a
Message : ‹‹‹The LDAP server is unavailable.›››
Source : System.DirectoryServices.Protocols
Help link : 
ErrorCode : ‹‹‹81›››
ServerErrorMessage : 
PartialResults : ‹‹‹System.DirectoryServices.Protocols.PartialResultsCollection›››
Data : ‹‹‹System.Collections.ListDictionaryInternal›››
TargetSite : ‹‹‹Void Connect()›››
HResult : ‹‹‹-2146233088›››
Stack Trace :    at System.DirectoryServices.Protocols.LdapConnection.Connect()
   at System.DirectoryServices.Protocols.LdapConnection.SendRequestHelper(DirectoryRequest request, Int32& messageID)
   at System.DirectoryServices.Protocols.LdapConnection.SendRequest(DirectoryRequest request, TimeSpan requestTimeout)
   at Telerik.Sitefinity.Security.Ldap.LdapFacade.Search(LdapQuery query, String rootDN, Int32 pageSize)

Additional Info:

MachineName : PCIR-DESARR04
TimeStamp : 8/28/2025 8:14:44 PM
FullName : Telerik.Sitefinity.Utilities, Version=15.3.8522.0, Culture=neutral, PublicKeyToken=b28c218413bdf563
AppDomainName : /LM/W3SVC/2/ROOT-1-134008813064682111
ThreadIdentity : Anonymous
WindowsIdentity : IIS APPPOOL\intranet
Requested URL : http://localhost:8081/Sitefinity/Login?ReturnUrl=http%3a%2f%2flocalhost%3a8081%2fsitefinity


Category: ErrorLog

Priority: 0

EventId: 90030

Severity: Error

Title:Enterprise Library Exception Handling

Machine: PCIR-DESARR04

App Domain: /LM/W3SVC/2/ROOT-1-134008813064682111

ProcessId: 24736

Process Name: c:\windows\system32\inetsrv\w3wp.exe

Thread Name: 

Win32 ThreadId:17232

Extended Properties: 
----------------------------------------
----------------------------------------
ActivityId: e1bc5080-1f80-442b-b012-ab6018dd80fa

Timestamp: 8/28/2025 8:15:05 PM

Message: HandlingInstanceID: 32f1fb41-5397-4c37-914b-2ef9900fde6a
An exception of type 'System.DirectoryServices.Protocols.LdapException' occurred and was caught.
------------------------------------------------------------------------------------------------
08/28/2025 15:15:05
Type : System.DirectoryServices.Protocols.LdapException, System.DirectoryServices.Protocols, Version=4.0.0.0, Culture=neutral, PublicKeyToken=b03f5f7f11d50a3a
Message : ‹‹‹The LDAP server returned an unknown error.›››
Source : System.DirectoryServices.Protocols
Help link : 
ErrorCode : ‹‹‹52›››
ServerErrorMessage : 
PartialResults : ‹‹‹System.DirectoryServices.Protocols.PartialResultsCollection›››
Data : ‹‹‹System.Collections.ListDictionaryInternal›››
TargetSite : ‹‹‹Void Connect()›››
HResult : ‹‹‹-2146233088›››
Stack Trace :    at System.DirectoryServices.Protocols.LdapConnection.Connect()
   at System.DirectoryServices.Protocols.LdapConnection.SendRequestHelper(DirectoryRequest request, Int32& messageID)
   at System.DirectoryServices.Protocols.LdapConnection.SendRequest(DirectoryRequest request, TimeSpan requestTimeout)
   at Telerik.Sitefinity.Security.Ldap.LdapFacade.Search(LdapQuery query, String rootDN, Int32 pageSize)

Additional Info:

MachineName : PCIR-DESARR04
TimeStamp : 8/28/2025 8:15:05 PM
FullName : Telerik.Sitefinity.Utilities, Version=15.3.8522.0, Culture=neutral, PublicKeyToken=b28c218413bdf563
AppDomainName : /LM/W3SVC/2/ROOT-1-134008813064682111
ThreadIdentity : Anonymous
WindowsIdentity : IIS APPPOOL\intranet
Requested URL : http://localhost:8081/Sitefinity/Login?ReturnUrl=http%3a%2f%2flocalhost%3a8081%2fsitefinity


Category: ErrorLog

Priority: 0

EventId: 90030

Severity: Error

Title:Enterprise Library Exception Handling

Machine: PCIR-DESARR04

App Domain: /LM/W3SVC/2/ROOT-1-134008813064682111

ProcessId: 24736

Process Name: c:\windows\system32\inetsrv\w3wp.exe

Thread Name: 

Win32 ThreadId:17232

Extended Properties: 
----------------------------------------
----------------------------------------
ActivityId: e1bc5080-1f80-442b-b012-ab6018dd80fa

Timestamp: 8/28/2025 8:15:05 PM

Message: HandlingInstanceID: 9a7bf787-8863-434b-a494-afa32cb93522
An exception of type 'System.ApplicationException' occurred and was caught.
---------------------------------------------------------------------------
08/28/2025 15:15:05
Type : System.ApplicationException, mscorlib, Version=4.0.0.0, Culture=neutral, PublicKeyToken=b77a5c561934e089
Message : ‹‹‹Role 'SitefinityAdmin' not found in provider 'LdapRoles'›››
Source : Telerik.Sitefinity
Help link : 
Data : ‹‹‹System.Collections.ListDictionaryInternal›››
TargetSite : ‹‹‹System.Guid GetRoleId(System.String, System.String)›››
HResult : ‹‹‹-2146232832›››
Stack Trace :    at Telerik.Sitefinity.Security.SecurityManager.GetRoleId(String roleProviderName, String roleName)
   at Telerik.Sitefinity.Security.SecurityManager.BuildAdminRoles()

Additional Info:

MachineName : PCIR-DESARR04
TimeStamp : 8/28/2025 8:15:05 PM
FullName : Telerik.Sitefinity.Utilities, Version=15.3.8522.0, Culture=neutral, PublicKeyToken=b28c218413bdf563
AppDomainName : /LM/W3SVC/2/ROOT-1-134008813064682111
ThreadIdentity : Anonymous
WindowsIdentity : IIS APPPOOL\intranet
Requested URL : http://localhost:8081/Sitefinity/Login?ReturnUrl=http%3a%2f%2flocalhost%3a8081%2fsitefinity


Category: ErrorLog

Priority: 0

EventId: 9010

Severity: Warning

Title:Enterprise Library Exception Handling

Machine: PCIR-DESARR04

App Domain: /LM/W3SVC/2/ROOT-1-134008813064682111

ProcessId: 24736

Process Name: c:\windows\system32\inetsrv\w3wp.exe

Thread Name: 

Win32 ThreadId:17232

Extended Properties: 
----------------------------------------
----------------------------------------
ActivityId: e1bc5080-1f80-442b-b012-ab6018dd80fa

Timestamp: 8/28/2025 8:15:26 PM

Message: HandlingInstanceID: 969ff497-66d7-445d-b427-acc352ea52e9
An exception of type 'System.DirectoryServices.Protocols.LdapException' occurred and was caught.
------------------------------------------------------------------------------------------------
08/28/2025 15:15:26
Type : System.DirectoryServices.Protocols.LdapException, System.DirectoryServices.Protocols, Version=4.0.0.0, Culture=neutral, PublicKeyToken=b03f5f7f11d50a3a
Message : ‹‹‹The LDAP server returned an unknown error.›››
Source : System.DirectoryServices.Protocols
Help link : 
ErrorCode : ‹‹‹52›››
ServerErrorMessage : 
PartialResults : ‹‹‹System.DirectoryServices.Protocols.PartialResultsCollection›››
Data : ‹‹‹System.Collections.ListDictionaryInternal›››
TargetSite : ‹‹‹Void Connect()›››
HResult : ‹‹‹-2146233088›››
Stack Trace :    at System.DirectoryServices.Protocols.LdapConnection.Connect()
   at System.DirectoryServices.Protocols.LdapConnection.SendRequestHelper(DirectoryRequest request, Int32& messageID)
   at System.DirectoryServices.Protocols.LdapConnection.SendRequest(DirectoryRequest request, TimeSpan requestTimeout)
   at Telerik.Sitefinity.Security.Ldap.LdapFacade.Search(LdapQuery query, String rootDN, Int32 pageSize)

Additional Info:

MachineName : PCIR-DESARR04
TimeStamp : 8/28/2025 8:15:26 PM
FullName : Telerik.Sitefinity.Utilities, Version=15.3.8522.0, Culture=neutral, PublicKeyToken=b28c218413bdf563
AppDomainName : /LM/W3SVC/2/ROOT-1-134008813064682111
ThreadIdentity : Anonymous
WindowsIdentity : IIS APPPOOL\intranet
Requested URL : http://localhost:8081/Sitefinity/Login?ReturnUrl=http%3a%2f%2flocalhost%3a8081%2fsitefinity


Category: ErrorLog

Priority: 0

EventId: 90030

Severity: Error

Title:Enterprise Library Exception Handling

Machine: PCIR-DESARR04

App Domain: /LM/W3SVC/2/ROOT-1-134008813064682111

ProcessId: 24736

Process Name: c:\windows\system32\inetsrv\w3wp.exe

Thread Name: 

Win32 ThreadId:17232

Extended Properties: 
----------------------------------------
----------------------------------------
ActivityId: e1bc5080-1f80-442b-b012-ab6018dd80fa

Timestamp: 8/28/2025 8:15:48 PM

Message: HandlingInstanceID: 43a0c7a7-e901-4b80-bc17-942339250324
An exception of type 'System.DirectoryServices.Protocols.LdapException' occurred and was caught.
------------------------------------------------------------------------------------------------
08/28/2025 15:15:48
Type : System.DirectoryServices.Protocols.LdapException, System.DirectoryServices.Protocols, Version=4.0.0.0, Culture=neutral, PublicKeyToken=b03f5f7f11d50a3a
Message : ‹‹‹The LDAP server returned an unknown error.›››
Source : System.DirectoryServices.Protocols
Help link : 
ErrorCode : ‹‹‹52›››
ServerErrorMessage : 
PartialResults : ‹‹‹System.DirectoryServices.Protocols.PartialResultsCollection›››
Data : ‹‹‹System.Collections.ListDictionaryInternal›››
TargetSite : ‹‹‹Void Connect()›››
HResult : ‹‹‹-2146233088›››
Stack Trace :    at System.DirectoryServices.Protocols.LdapConnection.Connect()
   at System.DirectoryServices.Protocols.LdapConnection.SendRequestHelper(DirectoryRequest request, Int32& messageID)
   at System.DirectoryServices.Protocols.LdapConnection.SendRequest(DirectoryRequest request, TimeSpan requestTimeout)
   at Telerik.Sitefinity.Security.Ldap.LdapFacade.Search(LdapQuery query, String rootDN, Int32 pageSize)

Additional Info:

MachineName : PCIR-DESARR04
TimeStamp : 8/28/2025 8:15:48 PM
FullName : Telerik.Sitefinity.Utilities, Version=15.3.8522.0, Culture=neutral, PublicKeyToken=b28c218413bdf563
AppDomainName : /LM/W3SVC/2/ROOT-1-134008813064682111
ThreadIdentity : Anonymous
WindowsIdentity : IIS APPPOOL\intranet
Requested URL : http://localhost:8081/Sitefinity/Login?ReturnUrl=http%3a%2f%2flocalhost%3a8081%2fsitefinity


Category: ErrorLog

Priority: 0

EventId: 90030

Severity: Error

Title:Enterprise Library Exception Handling

Machine: PCIR-DESARR04

App Domain: /LM/W3SVC/2/ROOT-1-134008813064682111

ProcessId: 24736

Process Name: c:\windows\system32\inetsrv\w3wp.exe

Thread Name: 

Win32 ThreadId:17232

Extended Properties: 
----------------------------------------
----------------------------------------
ActivityId: e4821e9c-f31e-472a-b7f6-ecc7537a7d29

Timestamp: 8/29/2025 3:13:13 PM

Message: HandlingInstanceID: c9c45a99-cbc5-40bd-97ef-99b7b08dffb1
An exception of type 'System.DirectoryServices.Protocols.LdapException' occurred and was caught.
------------------------------------------------------------------------------------------------
08/29/2025 10:13:13
Type : System.DirectoryServices.Protocols.LdapException, System.DirectoryServices.Protocols, Version=4.0.0.0, Culture=neutral, PublicKeyToken=b03f5f7f11d50a3a
Message : ‹‹‹The LDAP server is unavailable.›››
Source : System.DirectoryServices.Protocols
Help link : 
ErrorCode : ‹‹‹81›››
ServerErrorMessage : 
PartialResults : ‹‹‹System.DirectoryServices.Protocols.PartialResultsCollection›››
Data : ‹‹‹System.Collections.ListDictionaryInternal›››
TargetSite : ‹‹‹Void Connect()›››
HResult : ‹‹‹-2146233088›››
Stack Trace :    at System.DirectoryServices.Protocols.LdapConnection.Connect()
   at System.DirectoryServices.Protocols.LdapConnection.SendRequestHelper(DirectoryRequest request, Int32& messageID)
   at System.DirectoryServices.Protocols.LdapConnection.SendRequest(DirectoryRequest request, TimeSpan requestTimeout)
   at Telerik.Sitefinity.Security.Ldap.LdapFacade.Search(LdapQuery query, String rootDN, Int32 pageSize)

Additional Info:

MachineName : PCIR-DESARR04
TimeStamp : 8/29/2025 3:13:13 PM
FullName : Telerik.Sitefinity.Utilities, Version=15.3.8522.0, Culture=neutral, PublicKeyToken=b28c218413bdf563
AppDomainName : /LM/W3SVC/2/ROOT-1-134008813064682111
ThreadIdentity : Anonymous
WindowsIdentity : IIS APPPOOL\intranet
Requested URL : http://localhost:8081/Sitefinity/Login?ReturnUrl=http%3a%2f%2flocalhost%3a8081%2fsitefinity


Category: ErrorLog

Priority: 0

EventId: 90030

Severity: Error

Title:Enterprise Library Exception Handling

Machine: PCIR-DESARR04

App Domain: /LM/W3SVC/2/ROOT-1-134008813064682111

ProcessId: 24736

Process Name: c:\windows\system32\inetsrv\w3wp.exe

Thread Name: 

Win32 ThreadId:28524

Extended Properties: 
----------------------------------------
----------------------------------------
ActivityId: e4821e9c-f31e-472a-b7f6-ecc7537a7d29

Timestamp: 8/29/2025 3:13:34 PM

Message: HandlingInstanceID: d569c975-00ad-4b60-8a06-7ef15b47a24c
An exception of type 'System.DirectoryServices.Protocols.LdapException' occurred and was caught.
------------------------------------------------------------------------------------------------
08/29/2025 10:13:34
Type : System.DirectoryServices.Protocols.LdapException, System.DirectoryServices.Protocols, Version=4.0.0.0, Culture=neutral, PublicKeyToken=b03f5f7f11d50a3a
Message : ‹‹‹The LDAP server returned an unknown error.›››
Source : System.DirectoryServices.Protocols
Help link : 
ErrorCode : ‹‹‹52›››
ServerErrorMessage : 
PartialResults : ‹‹‹System.DirectoryServices.Protocols.PartialResultsCollection›››
Data : ‹‹‹System.Collections.ListDictionaryInternal›››
TargetSite : ‹‹‹Void Connect()›››
HResult : ‹‹‹-2146233088›››
Stack Trace :    at System.DirectoryServices.Protocols.LdapConnection.Connect()
   at System.DirectoryServices.Protocols.LdapConnection.SendRequestHelper(DirectoryRequest request, Int32& messageID)
   at System.DirectoryServices.Protocols.LdapConnection.SendRequest(DirectoryRequest request, TimeSpan requestTimeout)
   at Telerik.Sitefinity.Security.Ldap.LdapFacade.Search(LdapQuery query, String rootDN, Int32 pageSize)

Additional Info:

MachineName : PCIR-DESARR04
TimeStamp : 8/29/2025 3:13:34 PM
FullName : Telerik.Sitefinity.Utilities, Version=15.3.8522.0, Culture=neutral, PublicKeyToken=b28c218413bdf563
AppDomainName : /LM/W3SVC/2/ROOT-1-134008813064682111
ThreadIdentity : Anonymous
WindowsIdentity : IIS APPPOOL\intranet
Requested URL : http://localhost:8081/Sitefinity/Login?ReturnUrl=http%3a%2f%2flocalhost%3a8081%2fsitefinity


Category: ErrorLog

Priority: 0

EventId: 90030

Severity: Error

Title:Enterprise Library Exception Handling

Machine: PCIR-DESARR04

App Domain: /LM/W3SVC/2/ROOT-1-134008813064682111

ProcessId: 24736

Process Name: c:\windows\system32\inetsrv\w3wp.exe

Thread Name: 

Win32 ThreadId:28524

Extended Properties: 
----------------------------------------
----------------------------------------
ActivityId: e4821e9c-f31e-472a-b7f6-ecc7537a7d29

Timestamp: 8/29/2025 3:13:55 PM

Message: HandlingInstanceID: 43e3a415-39f0-4b14-b67c-bdd156b1a987
An exception of type 'System.DirectoryServices.Protocols.LdapException' occurred and was caught.
------------------------------------------------------------------------------------------------
08/29/2025 10:13:55
Type : System.DirectoryServices.Protocols.LdapException, System.DirectoryServices.Protocols, Version=4.0.0.0, Culture=neutral, PublicKeyToken=b03f5f7f11d50a3a
Message : ‹‹‹The LDAP server returned an unknown error.›››
Source : System.DirectoryServices.Protocols
Help link : 
ErrorCode : ‹‹‹52›››
ServerErrorMessage : 
PartialResults : ‹‹‹System.DirectoryServices.Protocols.PartialResultsCollection›››
Data : ‹‹‹System.Collections.ListDictionaryInternal›››
TargetSite : ‹‹‹Void Connect()›››
HResult : ‹‹‹-2146233088›››
Stack Trace :    at System.DirectoryServices.Protocols.LdapConnection.Connect()
   at System.DirectoryServices.Protocols.LdapConnection.SendRequestHelper(DirectoryRequest request, Int32& messageID)
   at System.DirectoryServices.Protocols.LdapConnection.SendRequest(DirectoryRequest request, TimeSpan requestTimeout)
   at Telerik.Sitefinity.Security.Ldap.LdapFacade.Search(LdapQuery query, String rootDN, Int32 pageSize)

Additional Info:

MachineName : PCIR-DESARR04
TimeStamp : 8/29/2025 3:13:55 PM
FullName : Telerik.Sitefinity.Utilities, Version=15.3.8522.0, Culture=neutral, PublicKeyToken=b28c218413bdf563
AppDomainName : /LM/W3SVC/2/ROOT-1-134008813064682111
ThreadIdentity : Anonymous
WindowsIdentity : IIS APPPOOL\intranet
Requested URL : http://localhost:8081/Sitefinity/Login?ReturnUrl=http%3a%2f%2flocalhost%3a8081%2fsitefinity


Category: ErrorLog

Priority: 0

EventId: 90030

Severity: Error

Title:Enterprise Library Exception Handling

Machine: PCIR-DESARR04

App Domain: /LM/W3SVC/2/ROOT-1-134008813064682111

ProcessId: 24736

Process Name: c:\windows\system32\inetsrv\w3wp.exe

Thread Name: 

Win32 ThreadId:28524

Extended Properties: 
----------------------------------------
----------------------------------------
ActivityId: 4339209b-9135-437b-a94e-01df44b744be

Timestamp: 8/29/2025 3:42:46 PM

Message: HandlingInstanceID: ff44cdab-c308-4e4e-923c-2638fd073ec9
An exception of type 'System.DirectoryServices.Protocols.LdapException' occurred and was caught.
------------------------------------------------------------------------------------------------
08/29/2025 10:42:46
Type : System.DirectoryServices.Protocols.LdapException, System.DirectoryServices.Protocols, Version=4.0.0.0, Culture=neutral, PublicKeyToken=b03f5f7f11d50a3a
Message : ‹‹‹The LDAP server is unavailable.›››
Source : System.DirectoryServices.Protocols
Help link : 
ErrorCode : ‹‹‹81›››
ServerErrorMessage : 
PartialResults : ‹‹‹System.DirectoryServices.Protocols.PartialResultsCollection›››
Data : ‹‹‹System.Collections.ListDictionaryInternal›››
TargetSite : ‹‹‹Void Connect()›››
HResult : ‹‹‹-2146233088›››
Stack Trace :    at System.DirectoryServices.Protocols.LdapConnection.Connect()
   at System.DirectoryServices.Protocols.LdapConnection.SendRequestHelper(DirectoryRequest request, Int32& messageID)
   at System.DirectoryServices.Protocols.LdapConnection.SendRequest(DirectoryRequest request, TimeSpan requestTimeout)
   at Telerik.Sitefinity.Security.Ldap.LdapFacade.Search(LdapQuery query, String rootDN, Int32 pageSize)

Additional Info:

MachineName : PCIR-DESARR04
TimeStamp : 8/29/2025 3:42:46 PM
FullName : Telerik.Sitefinity.Utilities, Version=15.3.8522.0, Culture=neutral, PublicKeyToken=b28c218413bdf563
AppDomainName : /LM/W3SVC/2/ROOT-1-134008813064682111
ThreadIdentity : Anonymous
WindowsIdentity : IIS APPPOOL\intranet
Requested URL : http://localhost:8081/Sitefinity/Login?ReturnUrl=https%3A%2F%2Flocalhost%3A8081%2FSitefinity%2Fadminapp%2Fpages


Category: ErrorLog

Priority: 0

EventId: 90030

Severity: Error

Title:Enterprise Library Exception Handling

Machine: PCIR-DESARR04

App Domain: /LM/W3SVC/2/ROOT-1-134008813064682111

ProcessId: 24736

Process Name: c:\windows\system32\inetsrv\w3wp.exe

Thread Name: 

Win32 ThreadId:31924

Extended Properties: 
----------------------------------------
----------------------------------------
ActivityId: 4339209b-9135-437b-a94e-01df44b744be

Timestamp: 8/29/2025 3:43:07 PM

Message: HandlingInstanceID: 5c6e0576-aba6-4a2e-aacc-44750c15cd2f
An exception of type 'System.DirectoryServices.Protocols.LdapException' occurred and was caught.
------------------------------------------------------------------------------------------------
08/29/2025 10:43:07
Type : System.DirectoryServices.Protocols.LdapException, System.DirectoryServices.Protocols, Version=4.0.0.0, Culture=neutral, PublicKeyToken=b03f5f7f11d50a3a
Message : ‹‹‹The LDAP server returned an unknown error.›››
Source : System.DirectoryServices.Protocols
Help link : 
ErrorCode : ‹‹‹52›››
ServerErrorMessage : 
PartialResults : ‹‹‹System.DirectoryServices.Protocols.PartialResultsCollection›››
Data : ‹‹‹System.Collections.ListDictionaryInternal›››
TargetSite : ‹‹‹Void Connect()›››
HResult : ‹‹‹-2146233088›››
Stack Trace :    at System.DirectoryServices.Protocols.LdapConnection.Connect()
   at System.DirectoryServices.Protocols.LdapConnection.SendRequestHelper(DirectoryRequest request, Int32& messageID)
   at System.DirectoryServices.Protocols.LdapConnection.SendRequest(DirectoryRequest request, TimeSpan requestTimeout)
   at Telerik.Sitefinity.Security.Ldap.LdapFacade.Search(LdapQuery query, String rootDN, Int32 pageSize)

Additional Info:

MachineName : PCIR-DESARR04
TimeStamp : 8/29/2025 3:43:07 PM
FullName : Telerik.Sitefinity.Utilities, Version=15.3.8522.0, Culture=neutral, PublicKeyToken=b28c218413bdf563
AppDomainName : /LM/W3SVC/2/ROOT-1-134008813064682111
ThreadIdentity : Anonymous
WindowsIdentity : IIS APPPOOL\intranet
Requested URL : http://localhost:8081/Sitefinity/Login?ReturnUrl=https%3A%2F%2Flocalhost%3A8081%2FSitefinity%2Fadminapp%2Fpages


Category: ErrorLog

Priority: 0

EventId: 90030

Severity: Error

Title:Enterprise Library Exception Handling

Machine: PCIR-DESARR04

App Domain: /LM/W3SVC/2/ROOT-1-134008813064682111

ProcessId: 24736

Process Name: c:\windows\system32\inetsrv\w3wp.exe

Thread Name: 

Win32 ThreadId:31924

Extended Properties: 
----------------------------------------
----------------------------------------
ActivityId: 4339209b-9135-437b-a94e-01df44b744be

Timestamp: 8/29/2025 3:43:28 PM

Message: HandlingInstanceID: f056a691-7e3c-4acd-8020-c984ea205658
An exception of type 'System.DirectoryServices.Protocols.LdapException' occurred and was caught.
------------------------------------------------------------------------------------------------
08/29/2025 10:43:28
Type : System.DirectoryServices.Protocols.LdapException, System.DirectoryServices.Protocols, Version=4.0.0.0, Culture=neutral, PublicKeyToken=b03f5f7f11d50a3a
Message : ‹‹‹The LDAP server returned an unknown error.›››
Source : System.DirectoryServices.Protocols
Help link : 
ErrorCode : ‹‹‹52›››
ServerErrorMessage : 
PartialResults : ‹‹‹System.DirectoryServices.Protocols.PartialResultsCollection›››
Data : ‹‹‹System.Collections.ListDictionaryInternal›››
TargetSite : ‹‹‹Void Connect()›››
HResult : ‹‹‹-2146233088›››
Stack Trace :    at System.DirectoryServices.Protocols.LdapConnection.Connect()
   at System.DirectoryServices.Protocols.LdapConnection.SendRequestHelper(DirectoryRequest request, Int32& messageID)
   at System.DirectoryServices.Protocols.LdapConnection.SendRequest(DirectoryRequest request, TimeSpan requestTimeout)
   at Telerik.Sitefinity.Security.Ldap.LdapFacade.Search(LdapQuery query, String rootDN, Int32 pageSize)

Additional Info:

MachineName : PCIR-DESARR04
TimeStamp : 8/29/2025 3:43:28 PM
FullName : Telerik.Sitefinity.Utilities, Version=15.3.8522.0, Culture=neutral, PublicKeyToken=b28c218413bdf563
AppDomainName : /LM/W3SVC/2/ROOT-1-134008813064682111
ThreadIdentity : Anonymous
WindowsIdentity : IIS APPPOOL\intranet
Requested URL : http://localhost:8081/Sitefinity/Login?ReturnUrl=https%3A%2F%2Flocalhost%3A8081%2FSitefinity%2Fadminapp%2Fpages


Category: ErrorLog

Priority: 0

EventId: 90030

Severity: Error

Title:Enterprise Library Exception Handling

Machine: PCIR-DESARR04

App Domain: /LM/W3SVC/2/ROOT-1-134008813064682111

ProcessId: 24736

Process Name: c:\windows\system32\inetsrv\w3wp.exe

Thread Name: 

Win32 ThreadId:31924

Extended Properties: 
----------------------------------------
----------------------------------------
ActivityId: 4339209b-9135-437b-a94e-01df44b744be

Timestamp: 8/29/2025 3:43:49 PM

Message: HandlingInstanceID: c62c67ed-909c-4acc-ab8c-ca910e7f6faf
An exception of type 'System.DirectoryServices.Protocols.LdapException' occurred and was caught.
------------------------------------------------------------------------------------------------
08/29/2025 10:43:49
Type : System.DirectoryServices.Protocols.LdapException, System.DirectoryServices.Protocols, Version=4.0.0.0, Culture=neutral, PublicKeyToken=b03f5f7f11d50a3a
Message : ‹‹‹The LDAP server returned an unknown error.›››
Source : System.DirectoryServices.Protocols
Help link : 
ErrorCode : ‹‹‹52›››
ServerErrorMessage : 
PartialResults : ‹‹‹System.DirectoryServices.Protocols.PartialResultsCollection›››
Data : ‹‹‹System.Collections.ListDictionaryInternal›››
TargetSite : ‹‹‹Void Connect()›››
HResult : ‹‹‹-2146233088›››
Stack Trace :    at System.DirectoryServices.Protocols.LdapConnection.Connect()
   at System.DirectoryServices.Protocols.LdapConnection.SendRequestHelper(DirectoryRequest request, Int32& messageID)
   at System.DirectoryServices.Protocols.LdapConnection.SendRequest(DirectoryRequest request, TimeSpan requestTimeout)
   at Telerik.Sitefinity.Security.Ldap.LdapFacade.Search(LdapQuery query, String rootDN, Int32 pageSize)

Additional Info:

MachineName : PCIR-DESARR04
TimeStamp : 8/29/2025 3:43:49 PM
FullName : Telerik.Sitefinity.Utilities, Version=15.3.8522.0, Culture=neutral, PublicKeyToken=b28c218413bdf563
AppDomainName : /LM/W3SVC/2/ROOT-1-134008813064682111
ThreadIdentity : walter.villamar@iroute.com.ec
WindowsIdentity : IIS APPPOOL\intranet
Requested URL : http://localhost:8081/Sitefinity/Login?ReturnUrl=https%3A%2F%2Flocalhost%3A8081%2FSitefinity%2Fadminapp%2Fpages


Category: ErrorLog

Priority: 0

EventId: 90030

Severity: Error

Title:Enterprise Library Exception Handling

Machine: PCIR-DESARR04

App Domain: /LM/W3SVC/2/ROOT-1-134008813064682111

ProcessId: 24736

Process Name: c:\windows\system32\inetsrv\w3wp.exe

Thread Name: 

Win32 ThreadId:31924

Extended Properties: 
----------------------------------------
----------------------------------------
ActivityId: 035341e5-f415-4a38-bacc-04bf30bf9570

Timestamp: 8/29/2025 3:44:09 PM

Message: HandlingInstanceID: 182d1df1-ccdf-4342-b6e9-2ae5a60a5c62
An exception of type 'System.DirectoryServices.Protocols.LdapException' occurred and was caught.
------------------------------------------------------------------------------------------------
08/29/2025 10:44:09
Type : System.DirectoryServices.Protocols.LdapException, System.DirectoryServices.Protocols, Version=4.0.0.0, Culture=neutral, PublicKeyToken=b03f5f7f11d50a3a
Message : ‹‹‹The LDAP server is unavailable.›››
Source : System.DirectoryServices.Protocols
Help link : 
ErrorCode : ‹‹‹81›››
ServerErrorMessage : 
PartialResults : ‹‹‹System.DirectoryServices.Protocols.PartialResultsCollection›››
Data : ‹‹‹System.Collections.ListDictionaryInternal›››
TargetSite : ‹‹‹Void Connect()›››
HResult : ‹‹‹-2146233088›››
Stack Trace :    at System.DirectoryServices.Protocols.LdapConnection.Connect()
   at System.DirectoryServices.Protocols.LdapConnection.SendRequestHelper(DirectoryRequest request, Int32& messageID)
   at System.DirectoryServices.Protocols.LdapConnection.SendRequest(DirectoryRequest request, TimeSpan requestTimeout)
   at Telerik.Sitefinity.Security.Ldap.LdapFacade.Search(LdapQuery query, String rootDN, Int32 pageSize)

Additional Info:

MachineName : PCIR-DESARR04
TimeStamp : 8/29/2025 3:44:09 PM
FullName : Telerik.Sitefinity.Utilities, Version=15.3.8522.0, Culture=neutral, PublicKeyToken=b28c218413bdf563
AppDomainName : /LM/W3SVC/2/ROOT-1-134008813064682111
ThreadIdentity : Anonymous
WindowsIdentity : IIS APPPOOL\intranet
Requested URL : http://localhost:8081/Sitefinity/Login?ReturnUrl=https%3A%2F%2Flocalhost%3A8081%2FSitefinity%2Fadminapp%2Fpages


Category: ErrorLog

Priority: 0

EventId: 90030

Severity: Error

Title:Enterprise Library Exception Handling

Machine: PCIR-DESARR04

App Domain: /LM/W3SVC/2/ROOT-1-134008813064682111

ProcessId: 24736

Process Name: c:\windows\system32\inetsrv\w3wp.exe

Thread Name: 

Win32 ThreadId:23824

Extended Properties: 
----------------------------------------
----------------------------------------
ActivityId: 035341e5-f415-4a38-bacc-04bf30bf9570

Timestamp: 8/29/2025 3:44:30 PM

Message: HandlingInstanceID: c6678a12-427f-4926-9bf0-677f35d7fe7a
An exception of type 'System.DirectoryServices.Protocols.LdapException' occurred and was caught.
------------------------------------------------------------------------------------------------
08/29/2025 10:44:30
Type : System.DirectoryServices.Protocols.LdapException, System.DirectoryServices.Protocols, Version=4.0.0.0, Culture=neutral, PublicKeyToken=b03f5f7f11d50a3a
Message : ‹‹‹The LDAP server returned an unknown error.›››
Source : System.DirectoryServices.Protocols
Help link : 
ErrorCode : ‹‹‹52›››
ServerErrorMessage : 
PartialResults : ‹‹‹System.DirectoryServices.Protocols.PartialResultsCollection›››
Data : ‹‹‹System.Collections.ListDictionaryInternal›››
TargetSite : ‹‹‹Void Connect()›››
HResult : ‹‹‹-2146233088›››
Stack Trace :    at System.DirectoryServices.Protocols.LdapConnection.Connect()
   at System.DirectoryServices.Protocols.LdapConnection.SendRequestHelper(DirectoryRequest request, Int32& messageID)
   at System.DirectoryServices.Protocols.LdapConnection.SendRequest(DirectoryRequest request, TimeSpan requestTimeout)
   at Telerik.Sitefinity.Security.Ldap.LdapFacade.Search(LdapQuery query, String rootDN, Int32 pageSize)

Additional Info:

MachineName : PCIR-DESARR04
TimeStamp : 8/29/2025 3:44:30 PM
FullName : Telerik.Sitefinity.Utilities, Version=15.3.8522.0, Culture=neutral, PublicKeyToken=b28c218413bdf563
AppDomainName : /LM/W3SVC/2/ROOT-1-134008813064682111
ThreadIdentity : Anonymous
WindowsIdentity : IIS APPPOOL\intranet
Requested URL : http://localhost:8081/Sitefinity/Login?ReturnUrl=https%3A%2F%2Flocalhost%3A8081%2FSitefinity%2Fadminapp%2Fpages


Category: ErrorLog

Priority: 0

EventId: 90030

Severity: Error

Title:Enterprise Library Exception Handling

Machine: PCIR-DESARR04

App Domain: /LM/W3SVC/2/ROOT-1-134008813064682111

ProcessId: 24736

Process Name: c:\windows\system32\inetsrv\w3wp.exe

Thread Name: 

Win32 ThreadId:23824

Extended Properties: 
----------------------------------------
----------------------------------------
ActivityId: 035341e5-f415-4a38-bacc-04bf30bf9570

Timestamp: 8/29/2025 3:44:52 PM

Message: HandlingInstanceID: 66d51b98-ea02-4285-8977-6ffbd54aca50
An exception of type 'System.DirectoryServices.Protocols.LdapException' occurred and was caught.
------------------------------------------------------------------------------------------------
08/29/2025 10:44:52
Type : System.DirectoryServices.Protocols.LdapException, System.DirectoryServices.Protocols, Version=4.0.0.0, Culture=neutral, PublicKeyToken=b03f5f7f11d50a3a
Message : ‹‹‹The LDAP server returned an unknown error.›››
Source : System.DirectoryServices.Protocols
Help link : 
ErrorCode : ‹‹‹52›››
ServerErrorMessage : 
PartialResults : ‹‹‹System.DirectoryServices.Protocols.PartialResultsCollection›››
Data : ‹‹‹System.Collections.ListDictionaryInternal›››
TargetSite : ‹‹‹Void Connect()›››
HResult : ‹‹‹-2146233088›››
Stack Trace :    at System.DirectoryServices.Protocols.LdapConnection.Connect()
   at System.DirectoryServices.Protocols.LdapConnection.SendRequestHelper(DirectoryRequest request, Int32& messageID)
   at System.DirectoryServices.Protocols.LdapConnection.SendRequest(DirectoryRequest request, TimeSpan requestTimeout)
   at Telerik.Sitefinity.Security.Ldap.LdapFacade.Search(LdapQuery query, String rootDN, Int32 pageSize)

Additional Info:

MachineName : PCIR-DESARR04
TimeStamp : 8/29/2025 3:44:52 PM
FullName : Telerik.Sitefinity.Utilities, Version=15.3.8522.0, Culture=neutral, PublicKeyToken=b28c218413bdf563
AppDomainName : /LM/W3SVC/2/ROOT-1-134008813064682111
ThreadIdentity : Anonymous
WindowsIdentity : IIS APPPOOL\intranet
Requested URL : http://localhost:8081/Sitefinity/Login?ReturnUrl=https%3A%2F%2Flocalhost%3A8081%2FSitefinity%2Fadminapp%2Fpages


Category: ErrorLog

Priority: 0

EventId: 90030

Severity: Error

Title:Enterprise Library Exception Handling

Machine: PCIR-DESARR04

App Domain: /LM/W3SVC/2/ROOT-1-134008813064682111

ProcessId: 24736

Process Name: c:\windows\system32\inetsrv\w3wp.exe

Thread Name: 

Win32 ThreadId:23824

Extended Properties: 
----------------------------------------
----------------------------------------
ActivityId: 035341e5-f415-4a38-bacc-04bf30bf9570

Timestamp: 8/29/2025 3:45:13 PM

Message: HandlingInstanceID: a73ff581-7196-4ba8-be26-15571ebe9853
An exception of type 'System.DirectoryServices.Protocols.LdapException' occurred and was caught.
------------------------------------------------------------------------------------------------
08/29/2025 10:45:13
Type : System.DirectoryServices.Protocols.LdapException, System.DirectoryServices.Protocols, Version=4.0.0.0, Culture=neutral, PublicKeyToken=b03f5f7f11d50a3a
Message : ‹‹‹The LDAP server returned an unknown error.›››
Source : System.DirectoryServices.Protocols
Help link : 
ErrorCode : ‹‹‹52›››
ServerErrorMessage : 
PartialResults : ‹‹‹System.DirectoryServices.Protocols.PartialResultsCollection›››
Data : ‹‹‹System.Collections.ListDictionaryInternal›››
TargetSite : ‹‹‹Void Connect()›››
HResult : ‹‹‹-2146233088›››
Stack Trace :    at System.DirectoryServices.Protocols.LdapConnection.Connect()
   at System.DirectoryServices.Protocols.LdapConnection.SendRequestHelper(DirectoryRequest request, Int32& messageID)
   at System.DirectoryServices.Protocols.LdapConnection.SendRequest(DirectoryRequest request, TimeSpan requestTimeout)
   at Telerik.Sitefinity.Security.Ldap.LdapFacade.Search(LdapQuery query, String rootDN, Int32 pageSize)

Additional Info:

MachineName : PCIR-DESARR04
TimeStamp : 8/29/2025 3:45:13 PM
FullName : Telerik.Sitefinity.Utilities, Version=15.3.8522.0, Culture=neutral, PublicKeyToken=b28c218413bdf563
AppDomainName : /LM/W3SVC/2/ROOT-1-134008813064682111
ThreadIdentity : walter.villamar@iroute.com.ec
WindowsIdentity : IIS APPPOOL\intranet
Requested URL : http://localhost:8081/Sitefinity/Login?ReturnUrl=https%3A%2F%2Flocalhost%3A8081%2FSitefinity%2Fadminapp%2Fpages


Category: ErrorLog

Priority: 0

EventId: 90030

Severity: Error

Title:Enterprise Library Exception Handling

Machine: PCIR-DESARR04

App Domain: /LM/W3SVC/2/ROOT-1-134008813064682111

ProcessId: 24736

Process Name: c:\windows\system32\inetsrv\w3wp.exe

Thread Name: 

Win32 ThreadId:23824

Extended Properties: 
----------------------------------------
----------------------------------------
ActivityId: db921afb-a8c0-4daf-ab24-cfd6718f48fc

Timestamp: 8/29/2025 3:45:36 PM

Message: HandlingInstanceID: c44b6d90-3e21-47cd-8b2a-496e590dc42f
An exception of type 'System.DirectoryServices.Protocols.LdapException' occurred and was caught.
------------------------------------------------------------------------------------------------
08/29/2025 10:45:36
Type : System.DirectoryServices.Protocols.LdapException, System.DirectoryServices.Protocols, Version=4.0.0.0, Culture=neutral, PublicKeyToken=b03f5f7f11d50a3a
Message : ‹‹‹The LDAP server is unavailable.›››
Source : System.DirectoryServices.Protocols
Help link : 
ErrorCode : ‹‹‹81›››
ServerErrorMessage : 
PartialResults : ‹‹‹System.DirectoryServices.Protocols.PartialResultsCollection›››
Data : ‹‹‹System.Collections.ListDictionaryInternal›››
TargetSite : ‹‹‹Void Connect()›››
HResult : ‹‹‹-2146233088›››
Stack Trace :    at System.DirectoryServices.Protocols.LdapConnection.Connect()
   at System.DirectoryServices.Protocols.LdapConnection.SendRequestHelper(DirectoryRequest request, Int32& messageID)
   at System.DirectoryServices.Protocols.LdapConnection.SendRequest(DirectoryRequest request, TimeSpan requestTimeout)
   at Telerik.Sitefinity.Security.Ldap.LdapFacade.Search(LdapQuery query, String rootDN, Int32 pageSize)

Additional Info:

MachineName : PCIR-DESARR04
TimeStamp : 8/29/2025 3:45:36 PM
FullName : Telerik.Sitefinity.Utilities, Version=15.3.8522.0, Culture=neutral, PublicKeyToken=b28c218413bdf563
AppDomainName : /LM/W3SVC/2/ROOT-1-134008813064682111
ThreadIdentity : Anonymous
WindowsIdentity : IIS APPPOOL\intranet
Requested URL : http://localhost:8081/Sitefinity/Login?ReturnUrl=http%3a%2f%2flocalhost%3a8081%2fSitefinity


Category: ErrorLog

Priority: 0

EventId: 90030

Severity: Error

Title:Enterprise Library Exception Handling

Machine: PCIR-DESARR04

App Domain: /LM/W3SVC/2/ROOT-1-134008813064682111

ProcessId: 24736

Process Name: c:\windows\system32\inetsrv\w3wp.exe

Thread Name: 

Win32 ThreadId:32560

Extended Properties: 
----------------------------------------
----------------------------------------
ActivityId: db921afb-a8c0-4daf-ab24-cfd6718f48fc

Timestamp: 8/29/2025 3:45:57 PM

Message: HandlingInstanceID: c9624170-e061-4aef-aedd-73d2609e1968
An exception of type 'System.DirectoryServices.Protocols.LdapException' occurred and was caught.
------------------------------------------------------------------------------------------------
08/29/2025 10:45:57
Type : System.DirectoryServices.Protocols.LdapException, System.DirectoryServices.Protocols, Version=4.0.0.0, Culture=neutral, PublicKeyToken=b03f5f7f11d50a3a
Message : ‹‹‹The LDAP server returned an unknown error.›››
Source : System.DirectoryServices.Protocols
Help link : 
ErrorCode : ‹‹‹52›››
ServerErrorMessage : 
PartialResults : ‹‹‹System.DirectoryServices.Protocols.PartialResultsCollection›››
Data : ‹‹‹System.Collections.ListDictionaryInternal›››
TargetSite : ‹‹‹Void Connect()›››
HResult : ‹‹‹-2146233088›››
Stack Trace :    at System.DirectoryServices.Protocols.LdapConnection.Connect()
   at System.DirectoryServices.Protocols.LdapConnection.SendRequestHelper(DirectoryRequest request, Int32& messageID)
   at System.DirectoryServices.Protocols.LdapConnection.SendRequest(DirectoryRequest request, TimeSpan requestTimeout)
   at Telerik.Sitefinity.Security.Ldap.LdapFacade.Search(LdapQuery query, String rootDN, Int32 pageSize)

Additional Info:

MachineName : PCIR-DESARR04
TimeStamp : 8/29/2025 3:45:57 PM
FullName : Telerik.Sitefinity.Utilities, Version=15.3.8522.0, Culture=neutral, PublicKeyToken=b28c218413bdf563
AppDomainName : /LM/W3SVC/2/ROOT-1-134008813064682111
ThreadIdentity : Anonymous
WindowsIdentity : IIS APPPOOL\intranet
Requested URL : http://localhost:8081/Sitefinity/Login?ReturnUrl=http%3a%2f%2flocalhost%3a8081%2fSitefinity


Category: ErrorLog

Priority: 0

EventId: 90030

Severity: Error

Title:Enterprise Library Exception Handling

Machine: PCIR-DESARR04

App Domain: /LM/W3SVC/2/ROOT-1-134008813064682111

ProcessId: 24736

Process Name: c:\windows\system32\inetsrv\w3wp.exe

Thread Name: 

Win32 ThreadId:32560

Extended Properties: 
----------------------------------------
----------------------------------------
ActivityId: db921afb-a8c0-4daf-ab24-cfd6718f48fc

Timestamp: 8/29/2025 3:46:18 PM

Message: HandlingInstanceID: 573d3118-d500-4cd6-9db4-fa429aa26507
An exception of type 'System.DirectoryServices.Protocols.LdapException' occurred and was caught.
------------------------------------------------------------------------------------------------
08/29/2025 10:46:18
Type : System.DirectoryServices.Protocols.LdapException, System.DirectoryServices.Protocols, Version=4.0.0.0, Culture=neutral, PublicKeyToken=b03f5f7f11d50a3a
Message : ‹‹‹The LDAP server returned an unknown error.›››
Source : System.DirectoryServices.Protocols
Help link : 
ErrorCode : ‹‹‹52›››
ServerErrorMessage : 
PartialResults : ‹‹‹System.DirectoryServices.Protocols.PartialResultsCollection›››
Data : ‹‹‹System.Collections.ListDictionaryInternal›››
TargetSite : ‹‹‹Void Connect()›››
HResult : ‹‹‹-2146233088›››
Stack Trace :    at System.DirectoryServices.Protocols.LdapConnection.Connect()
   at System.DirectoryServices.Protocols.LdapConnection.SendRequestHelper(DirectoryRequest request, Int32& messageID)
   at System.DirectoryServices.Protocols.LdapConnection.SendRequest(DirectoryRequest request, TimeSpan requestTimeout)
   at Telerik.Sitefinity.Security.Ldap.LdapFacade.Search(LdapQuery query, String rootDN, Int32 pageSize)

Additional Info:

MachineName : PCIR-DESARR04
TimeStamp : 8/29/2025 3:46:18 PM
FullName : Telerik.Sitefinity.Utilities, Version=15.3.8522.0, Culture=neutral, PublicKeyToken=b28c218413bdf563
AppDomainName : /LM/W3SVC/2/ROOT-1-134008813064682111
ThreadIdentity : Anonymous
WindowsIdentity : IIS APPPOOL\intranet
Requested URL : http://localhost:8081/Sitefinity/Login?ReturnUrl=http%3a%2f%2flocalhost%3a8081%2fSitefinity


Category: ErrorLog

Priority: 0

EventId: 90030

Severity: Error

Title:Enterprise Library Exception Handling

Machine: PCIR-DESARR04

App Domain: /LM/W3SVC/2/ROOT-1-134008813064682111

ProcessId: 24736

Process Name: c:\windows\system32\inetsrv\w3wp.exe

Thread Name: 

Win32 ThreadId:32560

Extended Properties: 
----------------------------------------
----------------------------------------
ActivityId: db921afb-a8c0-4daf-ab24-cfd6718f48fc

Timestamp: 8/29/2025 3:46:39 PM

Message: HandlingInstanceID: e1ee2b3a-dee6-44b6-9c50-dcb421c4a462
An exception of type 'System.DirectoryServices.Protocols.LdapException' occurred and was caught.
------------------------------------------------------------------------------------------------
08/29/2025 10:46:39
Type : System.DirectoryServices.Protocols.LdapException, System.DirectoryServices.Protocols, Version=4.0.0.0, Culture=neutral, PublicKeyToken=b03f5f7f11d50a3a
Message : ‹‹‹The LDAP server returned an unknown error.›››
Source : System.DirectoryServices.Protocols
Help link : 
ErrorCode : ‹‹‹52›››
ServerErrorMessage : 
PartialResults : ‹‹‹System.DirectoryServices.Protocols.PartialResultsCollection›››
Data : ‹‹‹System.Collections.ListDictionaryInternal›››
TargetSite : ‹‹‹Void Connect()›››
HResult : ‹‹‹-2146233088›››
Stack Trace :    at System.DirectoryServices.Protocols.LdapConnection.Connect()
   at System.DirectoryServices.Protocols.LdapConnection.SendRequestHelper(DirectoryRequest request, Int32& messageID)
   at System.DirectoryServices.Protocols.LdapConnection.SendRequest(DirectoryRequest request, TimeSpan requestTimeout)
   at Telerik.Sitefinity.Security.Ldap.LdapFacade.Search(LdapQuery query, String rootDN, Int32 pageSize)

Additional Info:

MachineName : PCIR-DESARR04
TimeStamp : 8/29/2025 3:46:39 PM
FullName : Telerik.Sitefinity.Utilities, Version=15.3.8522.0, Culture=neutral, PublicKeyToken=b28c218413bdf563
AppDomainName : /LM/W3SVC/2/ROOT-1-134008813064682111
ThreadIdentity : walter.villamar@iroute.com.ec
WindowsIdentity : IIS APPPOOL\intranet
Requested URL : http://localhost:8081/Sitefinity/Login?ReturnUrl=http%3a%2f%2flocalhost%3a8081%2fSitefinity


Category: ErrorLog

Priority: 0

EventId: 90030

Severity: Error

Title:Enterprise Library Exception Handling

Machine: PCIR-DESARR04

App Domain: /LM/W3SVC/2/ROOT-1-134008813064682111

ProcessId: 24736

Process Name: c:\windows\system32\inetsrv\w3wp.exe

Thread Name: 

Win32 ThreadId:32560

Extended Properties: 
----------------------------------------
----------------------------------------
ActivityId: 882dd730-4552-413c-bd0b-1bd07b568d21

Timestamp: 8/29/2025 3:54:58 PM

Message: HandlingInstanceID: 5d9161af-e3d6-4668-aa30-09b5e90bbdd9
An exception of type 'System.DirectoryServices.Protocols.LdapException' occurred and was caught.
------------------------------------------------------------------------------------------------
08/29/2025 10:54:58
Type : System.DirectoryServices.Protocols.LdapException, System.DirectoryServices.Protocols, Version=4.0.0.0, Culture=neutral, PublicKeyToken=b03f5f7f11d50a3a
Message : ‹‹‹The LDAP server is unavailable.›››
Source : System.DirectoryServices.Protocols
Help link : 
ErrorCode : ‹‹‹81›››
ServerErrorMessage : 
PartialResults : ‹‹‹System.DirectoryServices.Protocols.PartialResultsCollection›››
Data : ‹‹‹System.Collections.ListDictionaryInternal›››
TargetSite : ‹‹‹Void Connect()›››
HResult : ‹‹‹-2146233088›››
Stack Trace :    at System.DirectoryServices.Protocols.LdapConnection.Connect()
   at System.DirectoryServices.Protocols.LdapConnection.SendRequestHelper(DirectoryRequest request, Int32& messageID)
   at System.DirectoryServices.Protocols.LdapConnection.SendRequest(DirectoryRequest request, TimeSpan requestTimeout)
   at Telerik.Sitefinity.Security.Ldap.LdapFacade.Search(LdapQuery query, String rootDN, Int32 pageSize)

Additional Info:

MachineName : PCIR-DESARR04
TimeStamp : 8/29/2025 3:54:58 PM
FullName : Telerik.Sitefinity.Utilities, Version=15.3.8522.0, Culture=neutral, PublicKeyToken=b28c218413bdf563
AppDomainName : /LM/W3SVC/2/ROOT-1-134008813064682111
ThreadIdentity : Anonymous
WindowsIdentity : IIS APPPOOL\intranet
Requested URL : http://localhost:8081/Sitefinity/Login?ReturnUrl=http%3a%2f%2flocalhost%3a8081%2fSitefinity


Category: ErrorLog

Priority: 0

EventId: 90030

Severity: Error

Title:Enterprise Library Exception Handling

Machine: PCIR-DESARR04

App Domain: /LM/W3SVC/2/ROOT-1-134008813064682111

ProcessId: 24736

Process Name: c:\windows\system32\inetsrv\w3wp.exe

Thread Name: 

Win32 ThreadId:26220

Extended Properties: 
----------------------------------------
----------------------------------------
ActivityId: 882dd730-4552-413c-bd0b-1bd07b568d21

Timestamp: 8/29/2025 3:55:19 PM

Message: HandlingInstanceID: 97bea7bb-a06c-470b-94e3-4ea93920c0f0
An exception of type 'System.DirectoryServices.Protocols.LdapException' occurred and was caught.
------------------------------------------------------------------------------------------------
08/29/2025 10:55:19
Type : System.DirectoryServices.Protocols.LdapException, System.DirectoryServices.Protocols, Version=4.0.0.0, Culture=neutral, PublicKeyToken=b03f5f7f11d50a3a
Message : ‹‹‹The LDAP server returned an unknown error.›››
Source : System.DirectoryServices.Protocols
Help link : 
ErrorCode : ‹‹‹52›››
ServerErrorMessage : 
PartialResults : ‹‹‹System.DirectoryServices.Protocols.PartialResultsCollection›››
Data : ‹‹‹System.Collections.ListDictionaryInternal›››
TargetSite : ‹‹‹Void Connect()›››
HResult : ‹‹‹-2146233088›››
Stack Trace :    at System.DirectoryServices.Protocols.LdapConnection.Connect()
   at System.DirectoryServices.Protocols.LdapConnection.SendRequestHelper(DirectoryRequest request, Int32& messageID)
   at System.DirectoryServices.Protocols.LdapConnection.SendRequest(DirectoryRequest request, TimeSpan requestTimeout)
   at Telerik.Sitefinity.Security.Ldap.LdapFacade.Search(LdapQuery query, String rootDN, Int32 pageSize)

Additional Info:

MachineName : PCIR-DESARR04
TimeStamp : 8/29/2025 3:55:19 PM
FullName : Telerik.Sitefinity.Utilities, Version=15.3.8522.0, Culture=neutral, PublicKeyToken=b28c218413bdf563
AppDomainName : /LM/W3SVC/2/ROOT-1-134008813064682111
ThreadIdentity : Anonymous
WindowsIdentity : IIS APPPOOL\intranet
Requested URL : http://localhost:8081/Sitefinity/Login?ReturnUrl=http%3a%2f%2flocalhost%3a8081%2fSitefinity


Category: ErrorLog

Priority: 0

EventId: 90030

Severity: Error

Title:Enterprise Library Exception Handling

Machine: PCIR-DESARR04

App Domain: /LM/W3SVC/2/ROOT-1-134008813064682111

ProcessId: 24736

Process Name: c:\windows\system32\inetsrv\w3wp.exe

Thread Name: 

Win32 ThreadId:26220

Extended Properties: 
----------------------------------------
----------------------------------------
ActivityId: 882dd730-4552-413c-bd0b-1bd07b568d21

Timestamp: 8/29/2025 3:55:40 PM

Message: HandlingInstanceID: 4e996174-edd6-4826-8fd1-31164f8e1a6a
An exception of type 'System.DirectoryServices.Protocols.LdapException' occurred and was caught.
------------------------------------------------------------------------------------------------
08/29/2025 10:55:40
Type : System.DirectoryServices.Protocols.LdapException, System.DirectoryServices.Protocols, Version=4.0.0.0, Culture=neutral, PublicKeyToken=b03f5f7f11d50a3a
Message : ‹‹‹The LDAP server returned an unknown error.›››
Source : System.DirectoryServices.Protocols
Help link : 
ErrorCode : ‹‹‹52›››
ServerErrorMessage : 
PartialResults : ‹‹‹System.DirectoryServices.Protocols.PartialResultsCollection›››
Data : ‹‹‹System.Collections.ListDictionaryInternal›››
TargetSite : ‹‹‹Void Connect()›››
HResult : ‹‹‹-2146233088›››
Stack Trace :    at System.DirectoryServices.Protocols.LdapConnection.Connect()
   at System.DirectoryServices.Protocols.LdapConnection.SendRequestHelper(DirectoryRequest request, Int32& messageID)
   at System.DirectoryServices.Protocols.LdapConnection.SendRequest(DirectoryRequest request, TimeSpan requestTimeout)
   at Telerik.Sitefinity.Security.Ldap.LdapFacade.Search(LdapQuery query, String rootDN, Int32 pageSize)

Additional Info:

MachineName : PCIR-DESARR04
TimeStamp : 8/29/2025 3:55:40 PM
FullName : Telerik.Sitefinity.Utilities, Version=15.3.8522.0, Culture=neutral, PublicKeyToken=b28c218413bdf563
AppDomainName : /LM/W3SVC/2/ROOT-1-134008813064682111
ThreadIdentity : Anonymous
WindowsIdentity : IIS APPPOOL\intranet
Requested URL : http://localhost:8081/Sitefinity/Login?ReturnUrl=http%3a%2f%2flocalhost%3a8081%2fSitefinity


Category: ErrorLog

Priority: 0

EventId: 90030

Severity: Error

Title:Enterprise Library Exception Handling

Machine: PCIR-DESARR04

App Domain: /LM/W3SVC/2/ROOT-1-134008813064682111

ProcessId: 24736

Process Name: c:\windows\system32\inetsrv\w3wp.exe

Thread Name: 

Win32 ThreadId:26220

Extended Properties: 
----------------------------------------
----------------------------------------
ActivityId: 882dd730-4552-413c-bd0b-1bd07b568d21

Timestamp: 8/29/2025 3:56:01 PM

Message: HandlingInstanceID: 1d401576-c6ed-4a26-b2bb-09b8dc8bd6ba
An exception of type 'System.DirectoryServices.Protocols.LdapException' occurred and was caught.
------------------------------------------------------------------------------------------------
08/29/2025 10:56:01
Type : System.DirectoryServices.Protocols.LdapException, System.DirectoryServices.Protocols, Version=4.0.0.0, Culture=neutral, PublicKeyToken=b03f5f7f11d50a3a
Message : ‹‹‹The LDAP server returned an unknown error.›››
Source : System.DirectoryServices.Protocols
Help link : 
ErrorCode : ‹‹‹52›››
ServerErrorMessage : 
PartialResults : ‹‹‹System.DirectoryServices.Protocols.PartialResultsCollection›››
Data : ‹‹‹System.Collections.ListDictionaryInternal›››
TargetSite : ‹‹‹Void Connect()›››
HResult : ‹‹‹-2146233088›››
Stack Trace :    at System.DirectoryServices.Protocols.LdapConnection.Connect()
   at System.DirectoryServices.Protocols.LdapConnection.SendRequestHelper(DirectoryRequest request, Int32& messageID)
   at System.DirectoryServices.Protocols.LdapConnection.SendRequest(DirectoryRequest request, TimeSpan requestTimeout)
   at Telerik.Sitefinity.Security.Ldap.LdapFacade.Search(LdapQuery query, String rootDN, Int32 pageSize)

Additional Info:

MachineName : PCIR-DESARR04
TimeStamp : 8/29/2025 3:56:01 PM
FullName : Telerik.Sitefinity.Utilities, Version=15.3.8522.0, Culture=neutral, PublicKeyToken=b28c218413bdf563
AppDomainName : /LM/W3SVC/2/ROOT-1-134008813064682111
ThreadIdentity : walter.villamar@iroute.com.ec
WindowsIdentity : IIS APPPOOL\intranet
Requested URL : http://localhost:8081/Sitefinity/Login?ReturnUrl=http%3a%2f%2flocalhost%3a8081%2fSitefinity


Category: ErrorLog

Priority: 0

EventId: 90030

Severity: Error

Title:Enterprise Library Exception Handling

Machine: PCIR-DESARR04

App Domain: /LM/W3SVC/2/ROOT-1-134008813064682111

ProcessId: 24736

Process Name: c:\windows\system32\inetsrv\w3wp.exe

Thread Name: 

Win32 ThreadId:26220

Extended Properties: 
----------------------------------------
----------------------------------------
ActivityId: 67d3506a-f843-4f47-95ac-3181b7ac0611

Timestamp: 29/08/2025 15:59:25

Message: HandlingInstanceID: d5a0816d-54ee-4b03-bc1a-d0d838824b8c
An exception of type 'System.Web.HttpException' occurred and was caught.
------------------------------------------------------------------------
08/29/2025 10:59:25
Type : System.Web.HttpException, System.Web, Version=4.0.0.0, Culture=neutral, PublicKeyToken=b03f5f7f11d50a3a
Message : ‹‹‹Se detectó un posible valor Request.Path peligroso en el cliente (:).›››
Source : System.Web
Help link : 
WebEventCode : ‹‹‹0›››
ErrorCode : ‹‹‹-2147467259›››
Data : ‹‹‹System.Collections.ListDictionaryInternal›››
TargetSite : ‹‹‹Void ValidateInputIfRequiredByConfig()›››
HResult : ‹‹‹-2147467259›››
Stack Trace :    en System.Web.HttpRequest.ValidateInputIfRequiredByConfig()
   en System.Web.HttpApplication.PipelineStepManager.ValidateHelper(HttpContext context)

Additional Info:

MachineName : PCIR-DESARR04
TimeStamp : 29/08/2025 15:59:25
FullName : Telerik.Sitefinity.Utilities, Version=15.3.8522.0, Culture=neutral, PublicKeyToken=b28c218413bdf563
AppDomainName : /LM/W3SVC/2/ROOT-1-134008813064682111
ThreadIdentity : 
WindowsIdentity : IIS APPPOOL\intranet
Requested URL : http://localhost:8081/Sitefinity/adminapp/pages/(sfedit/9a941a82-5de5-4a6b-b251-4fa1da418dcc/dialog:confirm/editWidgetPropsBasic)?sf_culture=en&sf_provider=OpenAccessDataProvider&reload=0.03886518510989845


Category: ErrorLog

Priority: 0

EventId: 90000

Severity: Error

Title:Enterprise Library Exception Handling

Machine: PCIR-DESARR04

App Domain: /LM/W3SVC/2/ROOT-1-134008813064682111

ProcessId: 24736

Process Name: c:\windows\system32\inetsrv\w3wp.exe

Thread Name: 

Win32 ThreadId:31428

Extended Properties: 
----------------------------------------
----------------------------------------
ActivityId: 00000000-0000-0000-0000-000000000000

Timestamp: 29/8/2025 17:25:01

Message: HandlingInstanceID: 0a7fafb3-83e6-49f4-9fd1-130b6fc3d08a
An exception of type 'System.DirectoryServices.Protocols.LdapException' occurred and was caught.
------------------------------------------------------------------------------------------------
08/29/2025 12:25:01
Type : System.DirectoryServices.Protocols.LdapException, System.DirectoryServices.Protocols, Version=4.0.0.0, Culture=neutral, PublicKeyToken=b03f5f7f11d50a3a
Message : ‹‹‹The LDAP server is unavailable.›››
Source : System.DirectoryServices.Protocols
Help link : 
ErrorCode : ‹‹‹81›››
ServerErrorMessage : 
PartialResults : ‹‹‹System.DirectoryServices.Protocols.PartialResultsCollection›››
Data : ‹‹‹System.Collections.ListDictionaryInternal›››
TargetSite : ‹‹‹Void Connect()›››
HResult : ‹‹‹-2146233088›››
Stack Trace :    at System.DirectoryServices.Protocols.LdapConnection.Connect()
   at System.DirectoryServices.Protocols.LdapConnection.SendRequestHelper(DirectoryRequest request, Int32& messageID)
   at System.DirectoryServices.Protocols.LdapConnection.SendRequest(DirectoryRequest request, TimeSpan requestTimeout)
   at Telerik.Sitefinity.Security.Ldap.LdapFacade.Search(LdapQuery query, String rootDN, Int32 pageSize)

Additional Info:

MachineName : PCIR-DESARR04
TimeStamp : 29/8/2025 17:25:01
FullName : Telerik.Sitefinity.Utilities, Version=15.3.8522.0, Culture=neutral, PublicKeyToken=b28c218413bdf563
AppDomainName : /LM/W3SVC/2/ROOT-1-134009618207066132
ThreadIdentity : system
WindowsIdentity : IIS APPPOOL\intranet
Requested URL : http://localhost:8081/


Category: ErrorLog

Priority: 0

EventId: 90030

Severity: Error

Title:Enterprise Library Exception Handling

Machine: PCIR-DESARR04

App Domain: /LM/W3SVC/2/ROOT-1-134009618207066132

ProcessId: 14552

Process Name: c:\windows\system32\inetsrv\w3wp.exe

Thread Name: BackgroundTasksService-Thread-2

Win32 ThreadId:17220

Extended Properties: 
----------------------------------------
----------------------------------------
ActivityId: 62dde85d-5801-490d-aee8-b49a617490a3

Timestamp: 29/8/2025 17:26:08

Message: HandlingInstanceID: 477182c4-1068-4c4e-a883-d03e44f275b2
An exception of type 'System.DirectoryServices.Protocols.LdapException' occurred and was caught.
------------------------------------------------------------------------------------------------
08/29/2025 12:26:08
Type : System.DirectoryServices.Protocols.LdapException, System.DirectoryServices.Protocols, Version=4.0.0.0, Culture=neutral, PublicKeyToken=b03f5f7f11d50a3a
Message : ‹‹‹The LDAP server is unavailable.›››
Source : System.DirectoryServices.Protocols
Help link : 
ErrorCode : ‹‹‹81›››
ServerErrorMessage : 
PartialResults : ‹‹‹System.DirectoryServices.Protocols.PartialResultsCollection›››
Data : ‹‹‹System.Collections.ListDictionaryInternal›››
TargetSite : ‹‹‹Void Connect()›››
HResult : ‹‹‹-2146233088›››
Stack Trace :    en System.DirectoryServices.Protocols.LdapConnection.Connect()
   en System.DirectoryServices.Protocols.LdapConnection.SendRequestHelper(DirectoryRequest request, Int32& messageID)
   en System.DirectoryServices.Protocols.LdapConnection.SendRequest(DirectoryRequest request, TimeSpan requestTimeout)
   en Telerik.Sitefinity.Security.Ldap.LdapFacade.Search(LdapQuery query, String rootDN, Int32 pageSize)

Additional Info:

MachineName : PCIR-DESARR04
TimeStamp : 29/8/2025 17:26:08
FullName : Telerik.Sitefinity.Utilities, Version=15.3.8522.0, Culture=neutral, PublicKeyToken=b28c218413bdf563
AppDomainName : /LM/W3SVC/2/ROOT-1-134009618207066132
ThreadIdentity : walter.villamar@iroute.com.ec
WindowsIdentity : IIS APPPOOL\intranet
Requested URL : http://localhost:8081/secretar%C3%ADa-general


Category: ErrorLog

Priority: 0

EventId: 90030

Severity: Error

Title:Enterprise Library Exception Handling

Machine: PCIR-DESARR04

App Domain: /LM/W3SVC/2/ROOT-1-134009618207066132

ProcessId: 14552

Process Name: c:\windows\system32\inetsrv\w3wp.exe

Thread Name: 

Win32 ThreadId:31556

Extended Properties: 
----------------------------------------
----------------------------------------
ActivityId: 62dde85d-5801-490d-aee8-b49a617490a3

Timestamp: 29/8/2025 17:26:08

Message: HandlingInstanceID: 9c5938df-2287-478e-85f4-b1044a05b40f
An exception of type 'System.ApplicationException' occurred and was caught.
---------------------------------------------------------------------------
08/29/2025 12:26:08
Type : System.ApplicationException, mscorlib, Version=4.0.0.0, Culture=neutral, PublicKeyToken=b77a5c561934e089
Message : ‹‹‹Role 'SitefinityAdmin' not found in provider 'LdapRoles'›››
Source : Telerik.Sitefinity
Help link : 
Data : ‹‹‹System.Collections.ListDictionaryInternal›››
TargetSite : ‹‹‹System.Guid GetRoleId(System.String, System.String)›››
HResult : ‹‹‹-2146232832›››
Stack Trace :    en Telerik.Sitefinity.Security.SecurityManager.GetRoleId(String roleProviderName, String roleName)
   en Telerik.Sitefinity.Security.SecurityManager.BuildAdminRoles()

Additional Info:

MachineName : PCIR-DESARR04
TimeStamp : 29/8/2025 17:26:08
FullName : Telerik.Sitefinity.Utilities, Version=15.3.8522.0, Culture=neutral, PublicKeyToken=b28c218413bdf563
AppDomainName : /LM/W3SVC/2/ROOT-1-134009618207066132
ThreadIdentity : walter.villamar@iroute.com.ec
WindowsIdentity : IIS APPPOOL\intranet
Requested URL : http://localhost:8081/secretar%C3%ADa-general


Category: ErrorLog

Priority: 0

EventId: 9010

Severity: Warning

Title:Enterprise Library Exception Handling

Machine: PCIR-DESARR04

App Domain: /LM/W3SVC/2/ROOT-1-134009618207066132

ProcessId: 14552

Process Name: c:\windows\system32\inetsrv\w3wp.exe

Thread Name: 

Win32 ThreadId:31556

Extended Properties: 
----------------------------------------
