----------------------------------------
ActivityId: 3f20f841-164d-4641-bd44-9090432dd1ad

Timestamp: 06/01/2026 03:14:55 p. m.

Message: ‹‹‹Timestamp: 06/01/2026 03:14:54 p. m.
Message: System.Xml.XmlException: Data at the root level is invalid. Line 1, position 1.
   at System.Xml.XmlTextReaderImpl.Throw(Exception e)
   at System.Xml.XmlTextReaderImpl.Throw(String res, String arg)
   at System.Xml.XmlTextReaderImpl.ParseRootLevelWhitespace()
   at System.Xml.XmlTextReaderImpl.ParseDocumentContent()
   at System.Xml.XmlTextReaderImpl.Read()
   at System.Xml.XmlTextReader.Read()
   at Telerik.Sitefinity.Configuration.Data.XmlConfigProvider.ReadNextTag(XmlReader reader, Int32 depth)
   at Telerik.Sitefinity.Configuration.Data.XmlConfigProvider.LoadSectionFromReader(ConfigSection section, XmlReader reader, LoadContext loadContext)
   at Telerik.Sitefinity.Configuration.Data.XmlConfigProvider.LoadSectionFromFile(ConfigSection section, LoadContext loadContext)
   at Telerik.Sitefinity.Configuration.Data.XmlConfigProvider.LoadSection(ConfigSection section)
   at Telerik.Sitefinity.Configuration.ConfigSection.Initialize(ConfigProvider provider)
   at Telerik.Sitefinity.Configuration.Config.GetSectionInternal(Type sectionType, Boolean safeMode, String sectionName)
   at Telerik.Sitefinity.Configuration.Config.GetSectionPrivate(Type sectionType, Boolean safeMode, String sectionName)
   at Telerik.Sitefinity.Configuration.Config.GetSectionPrivate[TSection](Boolean safeMode)
   at Telerik.Sitefinity.Abstractions.Log.IsElmahLoggingEnabled()
   at Telerik.Sitefinity.Abstractions.Log.<>c.<GetDefaultCategoryConfigurator>b__13_1()
   at Telerik.Sitefinity.Abstractions.Log.EvaluateExpression(Func`1 expression, Boolean safeMode)
   at Telerik.Sitefinity.Abstractions.Log.GetDefaultCategoryConfigurator(Boolean safeMode)
   at Telerik.Sitefinity.Abstractions.ObjectFactory.ConfigureLogging(ConfigurationSourceBuilder configBuilder)
   at Telerik.Sitefinity.Abstractions.ObjectFactory.RegisterIoCTypes()
   at Telerik.Sitefinity.Abstractions.Bootstrapper.Bootstrap()
   at Telerik.Sitefinity.Web.SitefinityHttpModule.<>c.<BootstrapAsync>b__4_0(Object ctx)
Category: 
Priority: -1
EventId: 0
Severity: Critical
Title:
Machine: PCIR-DESARR3
App Domain: /LM/W3SVC/2/ROOT-1-134121860750217749
ProcessId: 38192
Process Name: C:\Program Files (x86)\IIS Express\iisexpress.exe
Thread Name: 
Win32 ThreadId:35712
Extended Properties: ›››

Category: ErrorLog

Priority: -1

EventId: 1

Severity: Information

Title:

Machine: PCIR-DESARR3

App Domain: /LM/W3SVC/2/ROOT-1-134121860750217749

ProcessId: 38192

Process Name: C:\Program Files (x86)\IIS Express\iisexpress.exe

Thread Name: 

Win32 ThreadId:35712

Extended Properties: 
----------------------------------------
----------------------------------------
ActivityId: 4772649b-267f-4d7b-b759-09f200bb5565

Timestamp: 06/01/2026 03:15:26 p. m.

Message: ‹‹‹Timestamp: 06/01/2026 03:15:26 p. m.
Message: System.Xml.XmlException: Data at the root level is invalid. Line 1, position 1.
   at System.Xml.XmlTextReaderImpl.Throw(Exception e)
   at System.Xml.XmlTextReaderImpl.Throw(String res, String arg)
   at System.Xml.XmlTextReaderImpl.ParseRootLevelWhitespace()
   at System.Xml.XmlTextReaderImpl.ParseDocumentContent()
   at System.Xml.XmlTextReaderImpl.Read()
   at System.Xml.XmlTextReader.Read()
   at Telerik.Sitefinity.Configuration.Data.XmlConfigProvider.ReadNextTag(XmlReader reader, Int32 depth)
   at Telerik.Sitefinity.Configuration.Data.XmlConfigProvider.LoadSectionFromReader(ConfigSection section, XmlReader reader, LoadContext loadContext)
   at Telerik.Sitefinity.Configuration.Data.XmlConfigProvider.LoadSectionFromFile(ConfigSection section, LoadContext loadContext)
   at Telerik.Sitefinity.Configuration.Data.XmlConfigProvider.LoadSection(ConfigSection section)
   at Telerik.Sitefinity.Configuration.ConfigSection.Initialize(ConfigProvider provider)
   at Telerik.Sitefinity.Configuration.Config.GetSectionInternal(Type sectionType, Boolean safeMode, String sectionName)
   at Telerik.Sitefinity.Configuration.Config.GetSectionPrivate(Type sectionType, Boolean safeMode, String sectionName)
   at Telerik.Sitefinity.Configuration.Config.GetSectionPrivate[TSection](Boolean safeMode)
   at Telerik.Sitefinity.Abstractions.Log.IsElmahLoggingEnabled()
   at Telerik.Sitefinity.Abstractions.Log.<>c.<GetDefaultCategoryConfigurator>b__13_1()
   at Telerik.Sitefinity.Abstractions.Log.EvaluateExpression(Func`1 expression, Boolean safeMode)
   at Telerik.Sitefinity.Abstractions.Log.GetDefaultCategoryConfigurator(Boolean safeMode)
   at Telerik.Sitefinity.Abstractions.ObjectFactory.ConfigureLogging(ConfigurationSourceBuilder configBuilder)
   at Telerik.Sitefinity.Abstractions.ObjectFactory.RegisterIoCTypes()
   at Telerik.Sitefinity.Abstractions.Bootstrapper.Bootstrap()
   at Telerik.Sitefinity.Web.SitefinityHttpModule.<>c.<BootstrapAsync>b__4_0(Object ctx)
Category: 
Priority: -1
EventId: 0
Severity: Critical
Title:
Machine: PCIR-DESARR3
App Domain: /LM/W3SVC/2/ROOT-2-134121861187292864
ProcessId: 38192
Process Name: C:\Program Files (x86)\IIS Express\iisexpress.exe
Thread Name: 
Win32 ThreadId:16456
Extended Properties: ›››

Category: ErrorLog

Priority: -1

EventId: 1

Severity: Information

Title:

Machine: PCIR-DESARR3

App Domain: /LM/W3SVC/2/ROOT-2-134121861187292864

ProcessId: 38192

Process Name: C:\Program Files (x86)\IIS Express\iisexpress.exe

Thread Name: 

Win32 ThreadId:16456

Extended Properties: 
----------------------------------------
----------------------------------------
ActivityId: be4a70e4-165a-4320-a357-a6bc4a63fdbd

Timestamp: 06/01/2026 03:15:45 p. m.

Message: ‹‹‹Timestamp: 06/01/2026 03:15:45 p. m.
Message: System.Xml.XmlException: Data at the root level is invalid. Line 1, position 1.
   at System.Xml.XmlTextReaderImpl.Throw(Exception e)
   at System.Xml.XmlTextReaderImpl.Throw(String res, String arg)
   at System.Xml.XmlTextReaderImpl.ParseRootLevelWhitespace()
   at System.Xml.XmlTextReaderImpl.ParseDocumentContent()
   at System.Xml.XmlTextReaderImpl.Read()
   at System.Xml.XmlTextReader.Read()
   at Telerik.Sitefinity.Configuration.Data.XmlConfigProvider.ReadNextTag(XmlReader reader, Int32 depth)
   at Telerik.Sitefinity.Configuration.Data.XmlConfigProvider.LoadSectionFromReader(ConfigSection section, XmlReader reader, LoadContext loadContext)
   at Telerik.Sitefinity.Configuration.Data.XmlConfigProvider.LoadSectionFromFile(ConfigSection section, LoadContext loadContext)
   at Telerik.Sitefinity.Configuration.Data.XmlConfigProvider.LoadSection(ConfigSection section)
   at Telerik.Sitefinity.Configuration.ConfigSection.Initialize(ConfigProvider provider)
   at Telerik.Sitefinity.Configuration.Config.GetSectionInternal(Type sectionType, Boolean safeMode, String sectionName)
   at Telerik.Sitefinity.Configuration.Config.GetSectionPrivate(Type sectionType, Boolean safeMode, String sectionName)
   at Telerik.Sitefinity.Configuration.Config.GetSectionPrivate[TSection](Boolean safeMode)
   at Telerik.Sitefinity.Abstractions.Log.IsElmahLoggingEnabled()
   at Telerik.Sitefinity.Abstractions.Log.<>c.<GetDefaultCategoryConfigurator>b__13_1()
   at Telerik.Sitefinity.Abstractions.Log.EvaluateExpression(Func`1 expression, Boolean safeMode)
   at Telerik.Sitefinity.Abstractions.Log.GetDefaultCategoryConfigurator(Boolean safeMode)
   at Telerik.Sitefinity.Abstractions.ObjectFactory.ConfigureLogging(ConfigurationSourceBuilder configBuilder)
   at Telerik.Sitefinity.Abstractions.ObjectFactory.RegisterIoCTypes()
   at Telerik.Sitefinity.Abstractions.Bootstrapper.Bootstrap()
   at Telerik.Sitefinity.Web.SitefinityHttpModule.<>c.<BootstrapAsync>b__4_0(Object ctx)
Category: 
Priority: -1
EventId: 0
Severity: Critical
Title:
Machine: PCIR-DESARR3
App Domain: /LM/W3SVC/2/ROOT-3-134121861380334344
ProcessId: 38192
Process Name: C:\Program Files (x86)\IIS Express\iisexpress.exe
Thread Name: 
Win32 ThreadId:16456
Extended Properties: ›››

Category: ErrorLog

Priority: -1

EventId: 1

Severity: Information

Title:

Machine: PCIR-DESARR3

App Domain: /LM/W3SVC/2/ROOT-3-134121861380334344

ProcessId: 38192

Process Name: C:\Program Files (x86)\IIS Express\iisexpress.exe

Thread Name: 

Win32 ThreadId:16456

Extended Properties: 
----------------------------------------
----------------------------------------
ActivityId: 2214f368-7cd0-41b4-aa45-9fadcf9d5178

Timestamp: 06/01/2026 05:45:56 p. m.

Message: ‹‹‹Timestamp: 06/01/2026 05:45:55 p. m.
Message: System.Xml.XmlException: Data at the root level is invalid. Line 1, position 1.
   at System.Xml.XmlTextReaderImpl.Throw(Exception e)
   at System.Xml.XmlTextReaderImpl.ParseRootLevelWhitespace()
   at System.Xml.XmlTextReaderImpl.ParseDocumentContent()
   at Telerik.Sitefinity.Configuration.Data.XmlConfigProvider.ReadNextTag(XmlReader reader, Int32 depth)
   at Telerik.Sitefinity.Configuration.Data.XmlConfigProvider.LoadSectionFromReader(ConfigSection section, XmlReader reader, LoadContext loadContext)
   at Telerik.Sitefinity.Configuration.Data.XmlConfigProvider.LoadSectionFromFile(ConfigSection section, LoadContext loadContext)
   at Telerik.Sitefinity.Configuration.Data.XmlConfigProvider.LoadSection(ConfigSection section)
   at Telerik.Sitefinity.Configuration.ConfigSection.Initialize(ConfigProvider provider)
   at Telerik.Sitefinity.Configuration.Config.GetSectionInternal(Type sectionType, Boolean safeMode, String sectionName)
   at Telerik.Sitefinity.Configuration.Config.GetSectionPrivate(Type sectionType, Boolean safeMode, String sectionName)
   at Telerik.Sitefinity.Configuration.Config.GetSectionPrivate[TSection](Boolean safeMode)
   at Telerik.Sitefinity.Abstractions.Log.IsElmahLoggingEnabled()
   at Telerik.Sitefinity.Abstractions.Log.EvaluateExpression(Func`1 expression, Boolean safeMode)
   at Telerik.Sitefinity.Abstractions.Log.GetDefaultCategoryConfigurator(Boolean safeMode)
   at Telerik.Sitefinity.Abstractions.ObjectFactory.ConfigureLogging(ConfigurationSourceBuilder configBuilder)
   at Telerik.Sitefinity.Abstractions.ObjectFactory.RegisterIoCTypes()
   at Telerik.Sitefinity.Abstractions.Bootstrapper.Bootstrap()
   at Telerik.Sitefinity.Web.SitefinityHttpModule.<>c.<BootstrapAsync>b__4_0(Object ctx)
Category: 
Priority: -1
EventId: 0
Severity: Critical
Title:
Machine: PCIR-DESARR3
App Domain: /LM/W3SVC/2/ROOT-1-134121951240168265
ProcessId: 32684
Process Name: C:\Program Files\IIS Express\iisexpress.exe
Thread Name: 
Win32 ThreadId:39448
Extended Properties: ›››

Category: ErrorLog

Priority: -1

EventId: 1

Severity: Information

Title:

Machine: PCIR-DESARR3

App Domain: /LM/W3SVC/2/ROOT-1-134121951240168265

ProcessId: 32684

Process Name: C:\Program Files\IIS Express\iisexpress.exe

Thread Name: 

Win32 ThreadId:39448

Extended Properties: 
----------------------------------------
----------------------------------------
ActivityId: c07f0dc1-d56d-4bd2-adfa-8175619b700f

Timestamp: 06/01/2026 05:46:31 p. m.

Message: ‹‹‹Timestamp: 06/01/2026 05:46:30 p. m.
Message: System.Xml.XmlException: Data at the root level is invalid. Line 1, position 1.
   at System.Xml.XmlTextReaderImpl.Throw(Exception e)
   at System.Xml.XmlTextReaderImpl.ParseRootLevelWhitespace()
   at System.Xml.XmlTextReaderImpl.ParseDocumentContent()
   at Telerik.Sitefinity.Configuration.Data.XmlConfigProvider.ReadNextTag(XmlReader reader, Int32 depth)
   at Telerik.Sitefinity.Configuration.Data.XmlConfigProvider.LoadSectionFromReader(ConfigSection section, XmlReader reader, LoadContext loadContext)
   at Telerik.Sitefinity.Configuration.Data.XmlConfigProvider.LoadSectionFromFile(ConfigSection section, LoadContext loadContext)
   at Telerik.Sitefinity.Configuration.Data.XmlConfigProvider.LoadSection(ConfigSection section)
   at Telerik.Sitefinity.Configuration.ConfigSection.Initialize(ConfigProvider provider)
   at Telerik.Sitefinity.Configuration.Config.GetSectionInternal(Type sectionType, Boolean safeMode, String sectionName)
   at Telerik.Sitefinity.Configuration.Config.GetSectionPrivate(Type sectionType, Boolean safeMode, String sectionName)
   at Telerik.Sitefinity.Configuration.Config.GetSectionPrivate[TSection](Boolean safeMode)
   at Telerik.Sitefinity.Abstractions.Log.IsElmahLoggingEnabled()
   at Telerik.Sitefinity.Abstractions.Log.EvaluateExpression(Func`1 expression, Boolean safeMode)
   at Telerik.Sitefinity.Abstractions.Log.GetDefaultCategoryConfigurator(Boolean safeMode)
   at Telerik.Sitefinity.Abstractions.ObjectFactory.ConfigureLogging(ConfigurationSourceBuilder configBuilder)
   at Telerik.Sitefinity.Abstractions.ObjectFactory.RegisterIoCTypes()
   at Telerik.Sitefinity.Abstractions.Bootstrapper.Bootstrap()
   at Telerik.Sitefinity.Web.SitefinityHttpModule.<>c.<BootstrapAsync>b__4_0(Object ctx)
Category: 
Priority: -1
EventId: 0
Severity: Critical
Title:
Machine: PCIR-DESARR3
App Domain: /LM/W3SVC/2/ROOT-2-134121951815289276
ProcessId: 32684
Process Name: C:\Program Files\IIS Express\iisexpress.exe
Thread Name: 
Win32 ThreadId:39448
Extended Properties: ›››

Category: ErrorLog

Priority: -1

EventId: 1

Severity: Information

Title:

Machine: PCIR-DESARR3

App Domain: /LM/W3SVC/2/ROOT-2-134121951815289276

ProcessId: 32684

Process Name: C:\Program Files\IIS Express\iisexpress.exe

Thread Name: 

Win32 ThreadId:39448

Extended Properties: 
----------------------------------------
----------------------------------------
ActivityId: e0742640-a3b9-42fd-8c37-5d3d10342fc5

Timestamp: 06/01/2026 06:27:06 p. m.

Message: ‹‹‹Timestamp: 06/01/2026 06:27:05 p. m.
Message: System.Xml.XmlException: Data at the root level is invalid. Line 1, position 1.
   at System.Xml.XmlTextReaderImpl.Throw(Exception e)
   at System.Xml.XmlTextReaderImpl.ParseRootLevelWhitespace()
   at System.Xml.XmlTextReaderImpl.ParseDocumentContent()
   at Telerik.Sitefinity.Configuration.Data.XmlConfigProvider.ReadNextTag(XmlReader reader, Int32 depth)
   at Telerik.Sitefinity.Configuration.Data.XmlConfigProvider.LoadSectionFromReader(ConfigSection section, XmlReader reader, LoadContext loadContext)
   at Telerik.Sitefinity.Configuration.Data.XmlConfigProvider.LoadSectionFromFile(ConfigSection section, LoadContext loadContext)
   at Telerik.Sitefinity.Configuration.Data.XmlConfigProvider.LoadSection(ConfigSection section)
   at Telerik.Sitefinity.Configuration.ConfigSection.Initialize(ConfigProvider provider)
   at Telerik.Sitefinity.Configuration.Config.GetSectionInternal(Type sectionType, Boolean safeMode, String sectionName)
   at Telerik.Sitefinity.Configuration.Config.GetSectionPrivate(Type sectionType, Boolean safeMode, String sectionName)
   at Telerik.Sitefinity.Configuration.Config.GetSectionPrivate[TSection](Boolean safeMode)
   at Telerik.Sitefinity.Abstractions.Log.IsElmahLoggingEnabled()
   at Telerik.Sitefinity.Abstractions.Log.EvaluateExpression(Func`1 expression, Boolean safeMode)
   at Telerik.Sitefinity.Abstractions.Log.GetDefaultCategoryConfigurator(Boolean safeMode)
   at Telerik.Sitefinity.Abstractions.ObjectFactory.ConfigureLogging(ConfigurationSourceBuilder configBuilder)
   at Telerik.Sitefinity.Abstractions.ObjectFactory.RegisterIoCTypes()
   at Telerik.Sitefinity.Abstractions.Bootstrapper.Bootstrap()
   at Telerik.Sitefinity.Web.SitefinityHttpModule.<>c.<BootstrapAsync>b__4_0(Object ctx)
Category: 
Priority: -1
EventId: 0
Severity: Critical
Title:
Machine: PCIR-DESARR3
App Domain: /LM/W3SVC/2/ROOT-1-134121976051103061
ProcessId: 39292
Process Name: C:\Program Files\IIS Express\iisexpress.exe
Thread Name: 
Win32 ThreadId:42712
Extended Properties: ›››

Category: ErrorLog

Priority: -1

EventId: 1

Severity: Information

Title:

Machine: PCIR-DESARR3

App Domain: /LM/W3SVC/2/ROOT-1-134121976051103061

ProcessId: 39292

Process Name: C:\Program Files\IIS Express\iisexpress.exe

Thread Name: 

Win32 ThreadId:42712

Extended Properties: 
----------------------------------------
----------------------------------------
ActivityId: a2b0d8b1-3edc-48b8-a1d8-cf2b009f9c47

Timestamp: 06/01/2026 06:28:06 p. m.

Message: ‹‹‹Timestamp: 06/01/2026 06:28:05 p. m.
Message: System.Xml.XmlException: Data at the root level is invalid. Line 1, position 1.
   at System.Xml.XmlTextReaderImpl.Throw(Exception e)
   at System.Xml.XmlTextReaderImpl.ParseRootLevelWhitespace()
   at System.Xml.XmlTextReaderImpl.ParseDocumentContent()
   at Telerik.Sitefinity.Configuration.Data.XmlConfigProvider.ReadNextTag(XmlReader reader, Int32 depth)
   at Telerik.Sitefinity.Configuration.Data.XmlConfigProvider.LoadSectionFromReader(ConfigSection section, XmlReader reader, LoadContext loadContext)
   at Telerik.Sitefinity.Configuration.Data.XmlConfigProvider.LoadSectionFromFile(ConfigSection section, LoadContext loadContext)
   at Telerik.Sitefinity.Configuration.Data.XmlConfigProvider.LoadSection(ConfigSection section)
   at Telerik.Sitefinity.Configuration.ConfigSection.Initialize(ConfigProvider provider)
   at Telerik.Sitefinity.Configuration.Config.GetSectionInternal(Type sectionType, Boolean safeMode, String sectionName)
   at Telerik.Sitefinity.Configuration.Config.GetSectionPrivate(Type sectionType, Boolean safeMode, String sectionName)
   at Telerik.Sitefinity.Configuration.Config.GetSectionPrivate[TSection](Boolean safeMode)
   at Telerik.Sitefinity.Abstractions.Log.IsElmahLoggingEnabled()
   at Telerik.Sitefinity.Abstractions.Log.EvaluateExpression(Func`1 expression, Boolean safeMode)
   at Telerik.Sitefinity.Abstractions.Log.GetDefaultCategoryConfigurator(Boolean safeMode)
   at Telerik.Sitefinity.Abstractions.ObjectFactory.ConfigureLogging(ConfigurationSourceBuilder configBuilder)
   at Telerik.Sitefinity.Abstractions.ObjectFactory.RegisterIoCTypes()
   at Telerik.Sitefinity.Abstractions.Bootstrapper.Bootstrap()
   at Telerik.Sitefinity.Web.SitefinityHttpModule.<>c.<BootstrapAsync>b__4_0(Object ctx)
Category: 
Priority: -1
EventId: 0
Severity: Critical
Title:
Machine: PCIR-DESARR3
App Domain: /LM/W3SVC/2/ROOT-2-134121976684227818
ProcessId: 39292
Process Name: C:\Program Files\IIS Express\iisexpress.exe
Thread Name: 
Win32 ThreadId:42712
Extended Properties: ›››

Category: ErrorLog

Priority: -1

EventId: 1

Severity: Information

Title:

Machine: PCIR-DESARR3

App Domain: /LM/W3SVC/2/ROOT-2-134121976684227818

ProcessId: 39292

Process Name: C:\Program Files\IIS Express\iisexpress.exe

Thread Name: 

Win32 ThreadId:42712

Extended Properties: 
----------------------------------------
----------------------------------------
ActivityId: cad7a845-98bd-4838-96ab-2bc6da2ce876

Timestamp: 06/01/2026 06:30:13 p. m.

Message: ‹‹‹Timestamp: 06/01/2026 06:30:12 p. m.
Message: System.Xml.XmlException: Data at the root level is invalid. Line 1, position 1.
   at System.Xml.XmlTextReaderImpl.Throw(Exception e)
   at System.Xml.XmlTextReaderImpl.ParseRootLevelWhitespace()
   at System.Xml.XmlTextReaderImpl.ParseDocumentContent()
   at Telerik.Sitefinity.Configuration.Data.XmlConfigProvider.ReadNextTag(XmlReader reader, Int32 depth)
   at Telerik.Sitefinity.Configuration.Data.XmlConfigProvider.LoadSectionFromReader(ConfigSection section, XmlReader reader, LoadContext loadContext)
   at Telerik.Sitefinity.Configuration.Data.XmlConfigProvider.LoadSectionFromFile(ConfigSection section, LoadContext loadContext)
   at Telerik.Sitefinity.Configuration.Data.XmlConfigProvider.LoadSection(ConfigSection section)
   at Telerik.Sitefinity.Configuration.ConfigSection.Initialize(ConfigProvider provider)
   at Telerik.Sitefinity.Configuration.Config.GetSectionInternal(Type sectionType, Boolean safeMode, String sectionName)
   at Telerik.Sitefinity.Configuration.Config.GetSectionPrivate(Type sectionType, Boolean safeMode, String sectionName)
   at Telerik.Sitefinity.Configuration.Config.GetSectionPrivate[TSection](Boolean safeMode)
   at Telerik.Sitefinity.Abstractions.Log.IsElmahLoggingEnabled()
   at Telerik.Sitefinity.Abstractions.Log.EvaluateExpression(Func`1 expression, Boolean safeMode)
   at Telerik.Sitefinity.Abstractions.Log.GetDefaultCategoryConfigurator(Boolean safeMode)
   at Telerik.Sitefinity.Abstractions.ObjectFactory.ConfigureLogging(ConfigurationSourceBuilder configBuilder)
   at Telerik.Sitefinity.Abstractions.ObjectFactory.RegisterIoCTypes()
   at Telerik.Sitefinity.Abstractions.Bootstrapper.Bootstrap()
   at Telerik.Sitefinity.Web.SitefinityHttpModule.<>c.<BootstrapAsync>b__4_0(Object ctx)
Category: 
Priority: -1
EventId: 0
Severity: Critical
Title:
Machine: PCIR-DESARR3
App Domain: /LM/W3SVC/2/ROOT-1-134121977532134571
ProcessId: 29960
Process Name: C:\Program Files\IIS Express\iisexpress.exe
Thread Name: 
Win32 ThreadId:21048
Extended Properties: ›››

Category: ErrorLog

Priority: -1

EventId: 1

Severity: Information

Title:

Machine: PCIR-DESARR3

App Domain: /LM/W3SVC/2/ROOT-1-134121977532134571

ProcessId: 29960

Process Name: C:\Program Files\IIS Express\iisexpress.exe

Thread Name: 

Win32 ThreadId:21048

Extended Properties: 
----------------------------------------
----------------------------------------
ActivityId: e89a1a59-5d7d-46bf-9ab2-e32d0fab5012

Timestamp: 06/01/2026 06:31:17 p. m.

Message: ‹‹‹Timestamp: 06/01/2026 06:31:16 p. m.
Message: System.Xml.XmlException: Data at the root level is invalid. Line 1, position 1.
   at System.Xml.XmlTextReaderImpl.Throw(Exception e)
   at System.Xml.XmlTextReaderImpl.ParseRootLevelWhitespace()
   at System.Xml.XmlTextReaderImpl.ParseDocumentContent()
   at Telerik.Sitefinity.Configuration.Data.XmlConfigProvider.ReadNextTag(XmlReader reader, Int32 depth)
   at Telerik.Sitefinity.Configuration.Data.XmlConfigProvider.LoadSectionFromReader(ConfigSection section, XmlReader reader, LoadContext loadContext)
   at Telerik.Sitefinity.Configuration.Data.XmlConfigProvider.LoadSectionFromFile(ConfigSection section, LoadContext loadContext)
   at Telerik.Sitefinity.Configuration.Data.XmlConfigProvider.LoadSection(ConfigSection section)
   at Telerik.Sitefinity.Configuration.ConfigSection.Initialize(ConfigProvider provider)
   at Telerik.Sitefinity.Configuration.Config.GetSectionInternal(Type sectionType, Boolean safeMode, String sectionName)
   at Telerik.Sitefinity.Configuration.Config.GetSectionPrivate(Type sectionType, Boolean safeMode, String sectionName)
   at Telerik.Sitefinity.Configuration.Config.GetSectionPrivate[TSection](Boolean safeMode)
   at Telerik.Sitefinity.Abstractions.Log.IsElmahLoggingEnabled()
   at Telerik.Sitefinity.Abstractions.Log.EvaluateExpression(Func`1 expression, Boolean safeMode)
   at Telerik.Sitefinity.Abstractions.Log.GetDefaultCategoryConfigurator(Boolean safeMode)
   at Telerik.Sitefinity.Abstractions.ObjectFactory.ConfigureLogging(ConfigurationSourceBuilder configBuilder)
   at Telerik.Sitefinity.Abstractions.ObjectFactory.RegisterIoCTypes()
   at Telerik.Sitefinity.Abstractions.Bootstrapper.Bootstrap()
   at Telerik.Sitefinity.Web.SitefinityHttpModule.<>c.<BootstrapAsync>b__4_0(Object ctx)
Category: 
Priority: -1
EventId: 0
Severity: Critical
Title:
Machine: PCIR-DESARR3
App Domain: /LM/W3SVC/2/ROOT-1-134121978631659535
ProcessId: 32060
Process Name: C:\Program Files\IIS Express\iisexpress.exe
Thread Name: 
Win32 ThreadId:41068
Extended Properties: ›››

Category: ErrorLog

Priority: -1

EventId: 1

Severity: Information

Title:

Machine: PCIR-DESARR3

App Domain: /LM/W3SVC/2/ROOT-1-134121978631659535

ProcessId: 32060

Process Name: C:\Program Files\IIS Express\iisexpress.exe

Thread Name: 

Win32 ThreadId:41068

Extended Properties: 
----------------------------------------
