----------------------------------------
ActivityId: 4687fa5e-e726-4cc7-817a-c480431e07f3

Timestamp: 11/09/2025 19:46:12

Message: HandlingInstanceID: 78b6fdb3-e5fb-4c27-ba43-e83f4482a845
An exception of type 'System.DirectoryServices.Protocols.LdapException' occurred and was caught.
------------------------------------------------------------------------------------------------
09/11/2025 14:46:12
Type : System.DirectoryServices.Protocols.LdapException, System.DirectoryServices.Protocols, Version=4.0.0.0, Culture=neutral, PublicKeyToken=b03f5f7f11d50a3a
Message : ‹‹‹El servidor LDAP no está disponible.›››
Source : System.DirectoryServices.Protocols
Help link : 
ErrorCode : ‹‹‹81›››
ServerErrorMessage : 
PartialResults : ‹‹‹System.DirectoryServices.Protocols.PartialResultsCollection›››
Data : ‹‹‹System.Collections.ListDictionaryInternal›››
TargetSite : ‹‹‹Void Connect()›››
HResult : ‹‹‹-2146233088›››
Stack Trace :    en System.DirectoryServices.Protocols.LdapConnection.Connect()
   en System.DirectoryServices.Protocols.LdapConnection.SendRequestHelper(DirectoryRequest request, Int32& messageID)
   en System.DirectoryServices.Protocols.LdapConnection.SendRequest(DirectoryRequest request, TimeSpan requestTimeout)
   en Telerik.Sitefinity.Security.Ldap.LdapFacade.Search(LdapQuery query, String rootDN, Int32 pageSize)

Additional Info:

MachineName : PCIR-DESARR04
TimeStamp : 11/09/2025 19:46:12
FullName : Telerik.Sitefinity.Utilities, Version=15.3.8522.0, Culture=neutral, PublicKeyToken=b28c218413bdf563
AppDomainName : /LM/W3SVC/1/ROOT-1-134020934883798735
ThreadIdentity : walter.villamar@iroute.com.ec
WindowsIdentity : IIS APPPOOL\INTRANET_NOTCOMP
Requested URL : http://localhost/appstatus?count=1


Category: ErrorLog

Priority: 0

EventId: 90030

Severity: Error

Title:Enterprise Library Exception Handling

Machine: PCIR-DESARR04

App Domain: /LM/W3SVC/1/ROOT-1-134020934883798735

ProcessId: 29128

Process Name: c:\windows\system32\inetsrv\w3wp.exe

Thread Name: 

Win32 ThreadId:12100

Extended Properties: 
----------------------------------------
----------------------------------------
ActivityId: 4687fa5e-e726-4cc7-817a-c480431e07f3

Timestamp: 11/09/2025 19:46:12

Message: HandlingInstanceID: d542346b-77b2-42e9-a86b-db9acae983ac
An exception of type 'System.ApplicationException' occurred and was caught.
---------------------------------------------------------------------------
09/11/2025 14:46:12
Type : System.ApplicationException, mscorlib, Version=4.0.0.0, Culture=neutral, PublicKeyToken=b77a5c561934e089
Message : ‹‹‹Role 'SitefinityAdmin' not found in provider 'LdapRoles'›››
Source : Telerik.Sitefinity
Help link : 
Data : ‹‹‹System.Collections.ListDictionaryInternal›››
TargetSite : ‹‹‹System.Guid GetRoleId(System.String, System.String)›››
HResult : ‹‹‹-2146232832›››
Stack Trace :    en Telerik.Sitefinity.Security.SecurityManager.GetRoleId(String roleProviderName, String roleName)
   en Telerik.Sitefinity.Security.SecurityManager.BuildAdminRoles()

Additional Info:

MachineName : PCIR-DESARR04
TimeStamp : 11/09/2025 19:46:12
FullName : Telerik.Sitefinity.Utilities, Version=15.3.8522.0, Culture=neutral, PublicKeyToken=b28c218413bdf563
AppDomainName : /LM/W3SVC/1/ROOT-1-134020934883798735
ThreadIdentity : walter.villamar@iroute.com.ec
WindowsIdentity : IIS APPPOOL\INTRANET_NOTCOMP
Requested URL : http://localhost/appstatus?count=1


Category: ErrorLog

Priority: 0

EventId: 9010

Severity: Warning

Title:Enterprise Library Exception Handling

Machine: PCIR-DESARR04

App Domain: /LM/W3SVC/1/ROOT-1-134020934883798735

ProcessId: 29128

Process Name: c:\windows\system32\inetsrv\w3wp.exe

Thread Name: 

Win32 ThreadId:12100

Extended Properties: 
----------------------------------------
----------------------------------------
ActivityId: 00000000-0000-0000-0000-000000000000

Timestamp: 11/9/2025 19:46:13

Message: HandlingInstanceID: 7a714833-726f-40d0-ae07-117b5e39388e
An exception of type 'System.DirectoryServices.Protocols.LdapException' occurred and was caught.
------------------------------------------------------------------------------------------------
09/11/2025 14:46:13
Type : System.DirectoryServices.Protocols.LdapException, System.DirectoryServices.Protocols, Version=4.0.0.0, Culture=neutral, PublicKeyToken=b03f5f7f11d50a3a
Message : ‹‹‹El servidor LDAP no está disponible.›››
Source : System.DirectoryServices.Protocols
Help link : 
ErrorCode : ‹‹‹81›››
ServerErrorMessage : 
PartialResults : ‹‹‹System.DirectoryServices.Protocols.PartialResultsCollection›››
Data : ‹‹‹System.Collections.ListDictionaryInternal›››
TargetSite : ‹‹‹Void Connect()›››
HResult : ‹‹‹-2146233088›››
Stack Trace :    at System.DirectoryServices.Protocols.LdapConnection.Connect()
   at System.DirectoryServices.Protocols.LdapConnection.SendRequestHelper(DirectoryRequest request, Int32& messageID)
   at System.DirectoryServices.Protocols.LdapConnection.SendRequest(DirectoryRequest request, TimeSpan requestTimeout)
   at Telerik.Sitefinity.Security.Ldap.LdapFacade.Search(LdapQuery query, String rootDN, Int32 pageSize)

Additional Info:

MachineName : PCIR-DESARR04
TimeStamp : 11/9/2025 19:46:13
FullName : Telerik.Sitefinity.Utilities, Version=15.3.8522.0, Culture=neutral, PublicKeyToken=b28c218413bdf563
AppDomainName : /LM/W3SVC/1/ROOT-1-134020934883798735
ThreadIdentity : system
WindowsIdentity : IIS APPPOOL\INTRANET_NOTCOMP
Requested URL : http://localhost/


Category: ErrorLog

Priority: 0

EventId: 90030

Severity: Error

Title:Enterprise Library Exception Handling

Machine: PCIR-DESARR04

App Domain: /LM/W3SVC/1/ROOT-1-134020934883798735

ProcessId: 29128

Process Name: c:\windows\system32\inetsrv\w3wp.exe

Thread Name: BackgroundTasksService-Thread-2

Win32 ThreadId:32312

Extended Properties: 
----------------------------------------
----------------------------------------
ActivityId: 4687fa5e-e726-4cc7-817a-c480431e07f3

Timestamp: 11/09/2025 19:46:14

Message: ‹‹‹System.Web.HttpException (0x80004005): El servidor no puede anexar un encabezado después de enviar los encabezados HTTP.
   en System.Web.HttpHeaderCollection.SetHeader(String name, String value, Boolean replace)
   en Microsoft.Owin.Host.SystemWeb.CallHeaders.AspNetResponseHeaders.Set(String key, String[] values) en /_/src/Microsoft.Owin.Host.SystemWeb/CallHeaders/AspNetResponseHeaders.cs:línea 108
   en Microsoft.Owin.Infrastructure.ChunkingCookieManager.AppendResponseCookie(IOwinContext context, String key, String value, CookieOptions options) en /_/src/Microsoft.Owin/Infrastructure/ChunkingCookieManager.cs:línea 216
   en Telerik.Sitefinity.Authentication.Cookies.SitefinityCookieAuthenticationHandler.SetAuthCookie(AuthenticationTicket ticket, Boolean isPersistent, Nullable`1 expiresUtc)
   en Telerik.Sitefinity.Authentication.Cookies.SitefinityCookieAuthenticationHandler.<Renew>d__12.MoveNext()
--- Fin del seguimiento de la pila de la ubicación anterior donde se produjo la excepción ---
   en System.Runtime.ExceptionServices.ExceptionDispatchInfo.Throw()
   en System.Runtime.CompilerServices.TaskAwaiter.HandleNonSuccessAndDebuggerNotification(Task task)
   en Telerik.Sitefinity.Authentication.Cookies.SitefinityCookieAuthenticationHandler.<ApplyResponseGrantAsync>d__2.MoveNext()
--- Fin del seguimiento de la pila de la ubicación anterior donde se produjo la excepción ---
   en System.Runtime.ExceptionServices.ExceptionDispatchInfo.Throw()
   en System.Runtime.CompilerServices.TaskAwaiter.HandleNonSuccessAndDebuggerNotification(Task task)
   en Microsoft.Owin.Security.Infrastructure.AuthenticationHandler.<ApplyResponseCoreAsync>d__40.MoveNext() en /_/src/Microsoft.Owin.Security/Infrastructure/AuthenticationHandler.cs:línea 179
--- Fin del seguimiento de la pila de la ubicación anterior donde se produjo la excepción ---
   en System.Runtime.ExceptionServices.ExceptionDispatchInfo.Throw()
   en System.Runtime.CompilerServices.TaskAwaiter.HandleNonSuccessAndDebuggerNotification(Task task)
   en Microsoft.Owin.Security.Infrastructure.AuthenticationHandler.<ApplyResponseAsync>d__39.MoveNext() en /_/src/Microsoft.Owin.Security/Infrastructure/AuthenticationHandler.cs:línea 167
--- Fin del seguimiento de la pila de la ubicación anterior donde se produjo la excepción ---
   en System.Runtime.ExceptionServices.ExceptionDispatchInfo.Throw()
   en System.Runtime.CompilerServices.TaskAwaiter.HandleNonSuccessAndDebuggerNotification(Task task)
   en Microsoft.Owin.Security.Infrastructure.AuthenticationHandler.<TeardownAsync>d__34.MoveNext() en /_/src/Microsoft.Owin.Security/Infrastructure/AuthenticationHandler.cs:línea 96
--- Fin del seguimiento de la pila de la ubicación anterior donde se produjo la excepción ---
   en System.Runtime.ExceptionServices.ExceptionDispatchInfo.Throw()
   en System.Runtime.CompilerServices.TaskAwaiter.HandleNonSuccessAndDebuggerNotification(Task task)
   en Microsoft.Owin.Security.Infrastructure.AuthenticationMiddleware`1.<Invoke>d__5.MoveNext() en /_/src/Microsoft.Owin.Security/Infrastructure/AuthenticationMiddleware.cs:línea 32
--- Fin del seguimiento de la pila de la ubicación anterior donde se produjo la excepción ---
   en System.Runtime.ExceptionServices.ExceptionDispatchInfo.Throw()
   en System.Runtime.CompilerServices.TaskAwaiter.HandleNonSuccessAndDebuggerNotification(Task task)
   en Telerik.Sitefinity.Authentication.Infrastructure.Owin.Cookies.Cookies.CookieSaverMiddleware.<Invoke>d__1.MoveNext()
--- Fin del seguimiento de la pila de la ubicación anterior donde se produjo la excepción ---
   en System.Runtime.ExceptionServices.ExceptionDispatchInfo.Throw()
   en System.Runtime.CompilerServices.TaskAwaiter.HandleNonSuccessAndDebuggerNotification(Task task)
   en Telerik.Sitefinity.Authentication.Infrastructure.AnonymousUserMiddleware.<Invoke>d__1.MoveNext()
--- Fin del seguimiento de la pila de la ubicación anterior donde se produjo la excepción ---
   en System.Runtime.ExceptionServices.ExceptionDispatchInfo.Throw()
   en System.Runtime.CompilerServices.TaskAwaiter.HandleNonSuccessAndDebuggerNotification(Task task)
   en Telerik.Sitefinity.Authentication.Infrastructure.SitefinityAuthenticationMiddleware.<Invoke>d__1.MoveNext()
--- Fin del seguimiento de la pila de la ubicación anterior donde se produjo la excepción ---
   en System.Runtime.ExceptionServices.ExceptionDispatchInfo.Throw()
   en System.Runtime.CompilerServices.TaskAwaiter.HandleNonSuccessAndDebuggerNotification(Task task)
   en Telerik.Sitefinity.Owin.AccessControlMiddleware.<Invoke>d__1.MoveNext()
--- Fin del seguimiento de la pila de la ubicación anterior donde se produjo la excepción ---
   en System.Runtime.ExceptionServices.ExceptionDispatchInfo.Throw()
   en System.Runtime.CompilerServices.TaskAwaiter.HandleNonSuccessAndDebuggerNotification(Task task)
   en Telerik.Sitefinity.Owin.Extensions.SslOffloaderMiddleware.<Invoke>d__1.MoveNext()
--- Fin del seguimiento de la pila de la ubicación anterior donde se produjo la excepción ---
   en System.Runtime.ExceptionServices.ExceptionDispatchInfo.Throw()
   en System.Runtime.CompilerServices.TaskAwaiter.HandleNonSuccessAndDebuggerNotification(Task task)
   en Telerik.Sitefinity.Owin.HttpsRedirectMiddleware.<Invoke>d__1.MoveNext()
--- Fin del seguimiento de la pila de la ubicación anterior donde se produjo la excepción ---
   en System.Runtime.ExceptionServices.ExceptionDispatchInfo.Throw()
   en System.Runtime.CompilerServices.TaskAwaiter.HandleNonSuccessAndDebuggerNotification(Task task)
   en Telerik.Sitefinity.Owin.Extensions.GlobalExceptionMiddleware.<Invoke>d__1.MoveNext()›››

Category: ErrorLog

Priority: -1

EventId: 1

Severity: Information

Title:

Machine: PCIR-DESARR04

App Domain: /LM/W3SVC/1/ROOT-1-134020934883798735

ProcessId: 29128

Process Name: c:\windows\system32\inetsrv\w3wp.exe

Thread Name: 

Win32 ThreadId:12100

Extended Properties: 
----------------------------------------
----------------------------------------
ActivityId: 4687fa5e-e726-4cc7-817a-c480431e07f3

Timestamp: 9/11/2025 7:46:14 PM

Message: HandlingInstanceID: 94807799-796b-4f6e-b5a5-90df138ba2d5
An exception of type 'System.Web.HttpException' occurred and was caught.
------------------------------------------------------------------------
09/11/2025 14:46:14
Type : System.Web.HttpException, System.Web, Version=4.0.0.0, Culture=neutral, PublicKeyToken=b03f5f7f11d50a3a
Message : ‹‹‹El servidor no puede anexar un encabezado después de enviar los encabezados HTTP.›››
Source : Telerik.Sitefinity
Help link : 
WebEventCode : ‹‹‹0›››
ErrorCode : ‹‹‹-2147467259›››
Data : ‹‹‹System.Collections.ListDictionaryInternal›››
TargetSite : ‹‹‹Void MoveNext()›››
HResult : ‹‹‹-2147467259›››
Stack Trace :    at Telerik.Sitefinity.Owin.Extensions.GlobalExceptionMiddleware.<Invoke>d__1.MoveNext()
--- End of stack trace from previous location where exception was thrown ---
   at System.Runtime.ExceptionServices.ExceptionDispatchInfo.Throw()
   at System.Runtime.CompilerServices.TaskAwaiter.HandleNonSuccessAndDebuggerNotification(Task task)
   at Telerik.Sitefinity.Owin.SitefinityMiddleware.<Invoke>d__1.MoveNext()
--- End of stack trace from previous location where exception was thrown ---
   at System.Runtime.ExceptionServices.ExceptionDispatchInfo.Throw()
   at System.Runtime.CompilerServices.TaskAwaiter.HandleNonSuccessAndDebuggerNotification(Task task)
   at Microsoft.Owin.Host.SystemWeb.IntegratedPipeline.IntegratedPipelineContextStage.<RunApp>d__7.MoveNext() in /_/src/Microsoft.Owin.Host.SystemWeb/IntegratedPipeline/IntegratedPipelineContextStage.cs:line 85
--- End of stack trace from previous location where exception was thrown ---
   at System.Runtime.ExceptionServices.ExceptionDispatchInfo.Throw()
   at System.Runtime.CompilerServices.TaskAwaiter.HandleNonSuccessAndDebuggerNotification(Task task)
   at Microsoft.Owin.Host.SystemWeb.IntegratedPipeline.IntegratedPipelineContext.<DoFinalWork>d__12.MoveNext() in /_/src/Microsoft.Owin.Host.SystemWeb/IntegratedPipeline/IntegratedPipelineContext.cs:line 153
--- End of stack trace from previous location where exception was thrown ---
   at System.Runtime.ExceptionServices.ExceptionDispatchInfo.Throw()
   at Microsoft.Owin.Host.SystemWeb.IntegratedPipeline.StageAsyncResult.End(IAsyncResult ar) in /_/src/Microsoft.Owin.Host.SystemWeb/IntegratedPipeline/StageAsyncResult.cs:line 76
   at System.Web.HttpApplication.AsyncEventExecutionStep.System.Web.HttpApplication.IExecutionStep.Execute()
   at System.Web.HttpApplication.ExecuteStepImpl(IExecutionStep step)
   at System.Web.HttpApplication.ExecuteStep(IExecutionStep step, Boolean& completedSynchronously)

Additional Info:

MachineName : PCIR-DESARR04
TimeStamp : 9/11/2025 7:46:14 PM
FullName : Telerik.Sitefinity.Utilities, Version=15.3.8522.0, Culture=neutral, PublicKeyToken=b28c218413bdf563
AppDomainName : /LM/W3SVC/1/ROOT-1-134020934883798735
ThreadIdentity : walter.villamar@iroute.com.ec
WindowsIdentity : IIS APPPOOL\INTRANET_NOTCOMP
Requested URL : http://localhost/appstatus?count=1


Category: ErrorLog

Priority: 0

EventId: 90000

Severity: Error

Title:Enterprise Library Exception Handling

Machine: PCIR-DESARR04

App Domain: /LM/W3SVC/1/ROOT-1-134020934883798735

ProcessId: 29128

Process Name: c:\windows\system32\inetsrv\w3wp.exe

Thread Name: 

Win32 ThreadId:12100

Extended Properties: 
----------------------------------------
----------------------------------------
ActivityId: 00000000-0000-0000-0000-000000000000

Timestamp: 11/9/2025 21:13:58

Message: HandlingInstanceID: 131b5c89-ac8e-4de7-a4c4-c0d1540dae0a
An exception of type 'System.DirectoryServices.Protocols.LdapException' occurred and was caught.
------------------------------------------------------------------------------------------------
09/11/2025 16:13:57
Type : System.DirectoryServices.Protocols.LdapException, System.DirectoryServices.Protocols, Version=4.0.0.0, Culture=neutral, PublicKeyToken=b03f5f7f11d50a3a
Message : ‹‹‹The LDAP server is unavailable.›››
Source : System.DirectoryServices.Protocols
Help link : 
ErrorCode : ‹‹‹81›››
ServerErrorMessage : 
PartialResults : ‹‹‹System.DirectoryServices.Protocols.PartialResultsCollection›››
Data : ‹‹‹System.Collections.ListDictionaryInternal›››
TargetSite : ‹‹‹Void Connect()›››
HResult : ‹‹‹-2146233088›››
Stack Trace :    at System.DirectoryServices.Protocols.LdapConnection.Connect()
   at System.DirectoryServices.Protocols.LdapConnection.SendRequestHelper(DirectoryRequest request, Int32& messageID)
   at System.DirectoryServices.Protocols.LdapConnection.SendRequest(DirectoryRequest request, TimeSpan requestTimeout)
   at Telerik.Sitefinity.Security.Ldap.LdapFacade.Search(LdapQuery query, String rootDN, Int32 pageSize)

Additional Info:

MachineName : PCIR-DESARR04
TimeStamp : 11/9/2025 21:13:58
FullName : Telerik.Sitefinity.Utilities, Version=15.3.8522.0, Culture=neutral, PublicKeyToken=b28c218413bdf563
AppDomainName : /LM/W3SVC/1/ROOT-1-134020987950069994
ThreadIdentity : system
WindowsIdentity : IIS APPPOOL\INTRANET_NOTCOMP
Requested URL : http://localhost/


Category: ErrorLog

Priority: 0

EventId: 90030

Severity: Error

Title:Enterprise Library Exception Handling

Machine: PCIR-DESARR04

App Domain: /LM/W3SVC/1/ROOT-1-134020987950069994

ProcessId: 30856

Process Name: c:\windows\system32\inetsrv\w3wp.exe

Thread Name: BackgroundTasksService-Thread-2

Win32 ThreadId:37420

Extended Properties: 
----------------------------------------
----------------------------------------
ActivityId: 00000000-0000-0000-0000-000000000000

Timestamp: 12/9/2025 15:09:14

Message: HandlingInstanceID: d6e8b1e1-151e-49b7-a91a-82036afebd39
An exception of type 'System.DirectoryServices.Protocols.LdapException' occurred and was caught.
------------------------------------------------------------------------------------------------
09/12/2025 10:09:14
Type : System.DirectoryServices.Protocols.LdapException, System.DirectoryServices.Protocols, Version=4.0.0.0, Culture=neutral, PublicKeyToken=b03f5f7f11d50a3a
Message : ‹‹‹The LDAP server is unavailable.›››
Source : System.DirectoryServices.Protocols
Help link : 
ErrorCode : ‹‹‹81›››
ServerErrorMessage : 
PartialResults : ‹‹‹System.DirectoryServices.Protocols.PartialResultsCollection›››
Data : ‹‹‹System.Collections.ListDictionaryInternal›››
TargetSite : ‹‹‹Void Connect()›››
HResult : ‹‹‹-2146233088›››
Stack Trace :    at System.DirectoryServices.Protocols.LdapConnection.Connect()
   at System.DirectoryServices.Protocols.LdapConnection.SendRequestHelper(DirectoryRequest request, Int32& messageID)
   at System.DirectoryServices.Protocols.LdapConnection.SendRequest(DirectoryRequest request, TimeSpan requestTimeout)
   at Telerik.Sitefinity.Security.Ldap.LdapFacade.Search(LdapQuery query, String rootDN, Int32 pageSize)

Additional Info:

MachineName : PCIR-DESARR04
TimeStamp : 12/9/2025 15:09:14
FullName : Telerik.Sitefinity.Utilities, Version=15.3.8522.0, Culture=neutral, PublicKeyToken=b28c218413bdf563
AppDomainName : /LM/W3SVC/1/ROOT-1-134021632762736372
ThreadIdentity : system
WindowsIdentity : IIS APPPOOL\INTRANET_NOTCOMP
Requested URL : http://localhost/


Category: ErrorLog

Priority: 0

EventId: 90030

Severity: Error

Title:Enterprise Library Exception Handling

Machine: PCIR-DESARR04

App Domain: /LM/W3SVC/1/ROOT-1-134021632762736372

ProcessId: 10640

Process Name: c:\windows\system32\inetsrv\w3wp.exe

Thread Name: BackgroundTasksService-Thread-2

Win32 ThreadId:40988

Extended Properties: 
----------------------------------------
----------------------------------------
ActivityId: 64c9e852-11d6-4cbd-8d59-ae95a479216f

Timestamp: 9/12/2025 3:16:14 PM

Message: HandlingInstanceID: 1d9e167b-f464-4765-9c34-df3e1061b9a2
An exception of type 'System.DirectoryServices.Protocols.LdapException' occurred and was caught.
------------------------------------------------------------------------------------------------
09/12/2025 10:16:14
Type : System.DirectoryServices.Protocols.LdapException, System.DirectoryServices.Protocols, Version=4.0.0.0, Culture=neutral, PublicKeyToken=b03f5f7f11d50a3a
Message : ‹‹‹The LDAP server is unavailable.›››
Source : System.DirectoryServices.Protocols
Help link : 
ErrorCode : ‹‹‹81›››
ServerErrorMessage : 
PartialResults : ‹‹‹System.DirectoryServices.Protocols.PartialResultsCollection›››
Data : ‹‹‹System.Collections.ListDictionaryInternal›››
TargetSite : ‹‹‹Void Connect()›››
HResult : ‹‹‹-2146233088›››
Stack Trace :    at System.DirectoryServices.Protocols.LdapConnection.Connect()
   at System.DirectoryServices.Protocols.LdapConnection.SendRequestHelper(DirectoryRequest request, Int32& messageID)
   at System.DirectoryServices.Protocols.LdapConnection.SendRequest(DirectoryRequest request, TimeSpan requestTimeout)
   at Telerik.Sitefinity.Security.Ldap.LdapFacade.Search(LdapQuery query, String rootDN, Int32 pageSize)

Additional Info:

MachineName : PCIR-DESARR04
TimeStamp : 9/12/2025 3:16:14 PM
FullName : Telerik.Sitefinity.Utilities, Version=15.3.8522.0, Culture=neutral, PublicKeyToken=b28c218413bdf563
AppDomainName : /LM/W3SVC/1/ROOT-1-134021632762736372
ThreadIdentity : Anonymous
WindowsIdentity : IIS APPPOOL\INTRANET_NOTCOMP
Requested URL : http://localhost/Sitefinity/Login?ReturnUrl=http%3a%2f%2flocalhost%2fsitefinity


Category: ErrorLog

Priority: 0

EventId: 90030

Severity: Error

Title:Enterprise Library Exception Handling

Machine: PCIR-DESARR04

App Domain: /LM/W3SVC/1/ROOT-1-134021632762736372

ProcessId: 10640

Process Name: c:\windows\system32\inetsrv\w3wp.exe

Thread Name: 

Win32 ThreadId:26768

Extended Properties: 
----------------------------------------
----------------------------------------
ActivityId: 64c9e852-11d6-4cbd-8d59-ae95a479216f

Timestamp: 9/12/2025 3:16:35 PM

Message: HandlingInstanceID: 9466cf8d-f108-4c32-9935-adfc5d517be9
An exception of type 'System.DirectoryServices.Protocols.LdapException' occurred and was caught.
------------------------------------------------------------------------------------------------
09/12/2025 10:16:35
Type : System.DirectoryServices.Protocols.LdapException, System.DirectoryServices.Protocols, Version=4.0.0.0, Culture=neutral, PublicKeyToken=b03f5f7f11d50a3a
Message : ‹‹‹The LDAP server returned an unknown error.›››
Source : System.DirectoryServices.Protocols
Help link : 
ErrorCode : ‹‹‹52›››
ServerErrorMessage : 
PartialResults : ‹‹‹System.DirectoryServices.Protocols.PartialResultsCollection›››
Data : ‹‹‹System.Collections.ListDictionaryInternal›››
TargetSite : ‹‹‹Void Connect()›››
HResult : ‹‹‹-2146233088›››
Stack Trace :    at System.DirectoryServices.Protocols.LdapConnection.Connect()
   at System.DirectoryServices.Protocols.LdapConnection.SendRequestHelper(DirectoryRequest request, Int32& messageID)
   at System.DirectoryServices.Protocols.LdapConnection.SendRequest(DirectoryRequest request, TimeSpan requestTimeout)
   at Telerik.Sitefinity.Security.Ldap.LdapFacade.Search(LdapQuery query, String rootDN, Int32 pageSize)

Additional Info:

MachineName : PCIR-DESARR04
TimeStamp : 9/12/2025 3:16:35 PM
FullName : Telerik.Sitefinity.Utilities, Version=15.3.8522.0, Culture=neutral, PublicKeyToken=b28c218413bdf563
AppDomainName : /LM/W3SVC/1/ROOT-1-134021632762736372
ThreadIdentity : Anonymous
WindowsIdentity : IIS APPPOOL\INTRANET_NOTCOMP
Requested URL : http://localhost/Sitefinity/Login?ReturnUrl=http%3a%2f%2flocalhost%2fsitefinity


Category: ErrorLog

Priority: 0

EventId: 90030

Severity: Error

Title:Enterprise Library Exception Handling

Machine: PCIR-DESARR04

App Domain: /LM/W3SVC/1/ROOT-1-134021632762736372

ProcessId: 10640

Process Name: c:\windows\system32\inetsrv\w3wp.exe

Thread Name: 

Win32 ThreadId:26768

Extended Properties: 
----------------------------------------
----------------------------------------
ActivityId: 64c9e852-11d6-4cbd-8d59-ae95a479216f

Timestamp: 9/12/2025 3:16:35 PM

Message: HandlingInstanceID: 0712a653-a3f7-4dae-8aa6-a209f8131ac0
An exception of type 'System.ApplicationException' occurred and was caught.
---------------------------------------------------------------------------
09/12/2025 10:16:35
Type : System.ApplicationException, mscorlib, Version=4.0.0.0, Culture=neutral, PublicKeyToken=b77a5c561934e089
Message : ‹‹‹Role 'SitefinityAdmin' not found in provider 'LdapRoles'›››
Source : Telerik.Sitefinity
Help link : 
Data : ‹‹‹System.Collections.ListDictionaryInternal›››
TargetSite : ‹‹‹System.Guid GetRoleId(System.String, System.String)›››
HResult : ‹‹‹-2146232832›››
Stack Trace :    at Telerik.Sitefinity.Security.SecurityManager.GetRoleId(String roleProviderName, String roleName)
   at Telerik.Sitefinity.Security.SecurityManager.BuildAdminRoles()

Additional Info:

MachineName : PCIR-DESARR04
TimeStamp : 9/12/2025 3:16:35 PM
FullName : Telerik.Sitefinity.Utilities, Version=15.3.8522.0, Culture=neutral, PublicKeyToken=b28c218413bdf563
AppDomainName : /LM/W3SVC/1/ROOT-1-134021632762736372
ThreadIdentity : Anonymous
WindowsIdentity : IIS APPPOOL\INTRANET_NOTCOMP
Requested URL : http://localhost/Sitefinity/Login?ReturnUrl=http%3a%2f%2flocalhost%2fsitefinity


Category: ErrorLog

Priority: 0

EventId: 9010

Severity: Warning

Title:Enterprise Library Exception Handling

Machine: PCIR-DESARR04

App Domain: /LM/W3SVC/1/ROOT-1-134021632762736372

ProcessId: 10640

Process Name: c:\windows\system32\inetsrv\w3wp.exe

Thread Name: 

Win32 ThreadId:26768

Extended Properties: 
----------------------------------------
----------------------------------------
ActivityId: 64c9e852-11d6-4cbd-8d59-ae95a479216f

Timestamp: 9/12/2025 3:16:56 PM

Message: HandlingInstanceID: 3566303a-d199-44b3-9c91-63ce43441c13
An exception of type 'System.DirectoryServices.Protocols.LdapException' occurred and was caught.
------------------------------------------------------------------------------------------------
09/12/2025 10:16:56
Type : System.DirectoryServices.Protocols.LdapException, System.DirectoryServices.Protocols, Version=4.0.0.0, Culture=neutral, PublicKeyToken=b03f5f7f11d50a3a
Message : ‹‹‹The LDAP server returned an unknown error.›››
Source : System.DirectoryServices.Protocols
Help link : 
ErrorCode : ‹‹‹52›››
ServerErrorMessage : 
PartialResults : ‹‹‹System.DirectoryServices.Protocols.PartialResultsCollection›››
Data : ‹‹‹System.Collections.ListDictionaryInternal›››
TargetSite : ‹‹‹Void Connect()›››
HResult : ‹‹‹-2146233088›››
Stack Trace :    at System.DirectoryServices.Protocols.LdapConnection.Connect()
   at System.DirectoryServices.Protocols.LdapConnection.SendRequestHelper(DirectoryRequest request, Int32& messageID)
   at System.DirectoryServices.Protocols.LdapConnection.SendRequest(DirectoryRequest request, TimeSpan requestTimeout)
   at Telerik.Sitefinity.Security.Ldap.LdapFacade.Search(LdapQuery query, String rootDN, Int32 pageSize)

Additional Info:

MachineName : PCIR-DESARR04
TimeStamp : 9/12/2025 3:16:56 PM
FullName : Telerik.Sitefinity.Utilities, Version=15.3.8522.0, Culture=neutral, PublicKeyToken=b28c218413bdf563
AppDomainName : /LM/W3SVC/1/ROOT-1-134021632762736372
ThreadIdentity : Anonymous
WindowsIdentity : IIS APPPOOL\INTRANET_NOTCOMP
Requested URL : http://localhost/Sitefinity/Login?ReturnUrl=http%3a%2f%2flocalhost%2fsitefinity


Category: ErrorLog

Priority: 0

EventId: 90030

Severity: Error

Title:Enterprise Library Exception Handling

Machine: PCIR-DESARR04

App Domain: /LM/W3SVC/1/ROOT-1-134021632762736372

ProcessId: 10640

Process Name: c:\windows\system32\inetsrv\w3wp.exe

Thread Name: 

Win32 ThreadId:26768

Extended Properties: 
----------------------------------------
----------------------------------------
ActivityId: 64c9e852-11d6-4cbd-8d59-ae95a479216f

Timestamp: 9/12/2025 3:17:17 PM

Message: HandlingInstanceID: 4aeb7ba4-76e5-4260-89d4-dba2995d7890
An exception of type 'System.DirectoryServices.Protocols.LdapException' occurred and was caught.
------------------------------------------------------------------------------------------------
09/12/2025 10:17:17
Type : System.DirectoryServices.Protocols.LdapException, System.DirectoryServices.Protocols, Version=4.0.0.0, Culture=neutral, PublicKeyToken=b03f5f7f11d50a3a
Message : ‹‹‹The LDAP server returned an unknown error.›››
Source : System.DirectoryServices.Protocols
Help link : 
ErrorCode : ‹‹‹52›››
ServerErrorMessage : 
PartialResults : ‹‹‹System.DirectoryServices.Protocols.PartialResultsCollection›››
Data : ‹‹‹System.Collections.ListDictionaryInternal›››
TargetSite : ‹‹‹Void Connect()›››
HResult : ‹‹‹-2146233088›››
Stack Trace :    at System.DirectoryServices.Protocols.LdapConnection.Connect()
   at System.DirectoryServices.Protocols.LdapConnection.SendRequestHelper(DirectoryRequest request, Int32& messageID)
   at System.DirectoryServices.Protocols.LdapConnection.SendRequest(DirectoryRequest request, TimeSpan requestTimeout)
   at Telerik.Sitefinity.Security.Ldap.LdapFacade.Search(LdapQuery query, String rootDN, Int32 pageSize)

Additional Info:

MachineName : PCIR-DESARR04
TimeStamp : 9/12/2025 3:17:17 PM
FullName : Telerik.Sitefinity.Utilities, Version=15.3.8522.0, Culture=neutral, PublicKeyToken=b28c218413bdf563
AppDomainName : /LM/W3SVC/1/ROOT-1-134021632762736372
ThreadIdentity : Anonymous
WindowsIdentity : IIS APPPOOL\INTRANET_NOTCOMP
Requested URL : http://localhost/Sitefinity/Login?ReturnUrl=http%3a%2f%2flocalhost%2fsitefinity


Category: ErrorLog

Priority: 0

EventId: 90030

Severity: Error

Title:Enterprise Library Exception Handling

Machine: PCIR-DESARR04

App Domain: /LM/W3SVC/1/ROOT-1-134021632762736372

ProcessId: 10640

Process Name: c:\windows\system32\inetsrv\w3wp.exe

Thread Name: 

Win32 ThreadId:26768

Extended Properties: 
----------------------------------------
----------------------------------------
ActivityId: 9850a3a2-a398-4785-98d9-e477b637af16

Timestamp: 9/12/2025 3:31:47 PM

Message: HandlingInstanceID: 22702e6e-9d2c-4988-9ebf-78040b9c14eb
An exception of type 'System.DirectoryServices.Protocols.LdapException' occurred and was caught.
------------------------------------------------------------------------------------------------
09/12/2025 10:31:47
Type : System.DirectoryServices.Protocols.LdapException, System.DirectoryServices.Protocols, Version=4.0.0.0, Culture=neutral, PublicKeyToken=b03f5f7f11d50a3a
Message : ‹‹‹The LDAP server is unavailable.›››
Source : System.DirectoryServices.Protocols
Help link : 
ErrorCode : ‹‹‹81›››
ServerErrorMessage : 
PartialResults : ‹‹‹System.DirectoryServices.Protocols.PartialResultsCollection›››
Data : ‹‹‹System.Collections.ListDictionaryInternal›››
TargetSite : ‹‹‹Void Connect()›››
HResult : ‹‹‹-2146233088›››
Stack Trace :    at System.DirectoryServices.Protocols.LdapConnection.Connect()
   at System.DirectoryServices.Protocols.LdapConnection.SendRequestHelper(DirectoryRequest request, Int32& messageID)
   at System.DirectoryServices.Protocols.LdapConnection.SendRequest(DirectoryRequest request, TimeSpan requestTimeout)
   at Telerik.Sitefinity.Security.Ldap.LdapFacade.Search(LdapQuery query, String rootDN, Int32 pageSize)

Additional Info:

MachineName : PCIR-DESARR04
TimeStamp : 9/12/2025 3:31:47 PM
FullName : Telerik.Sitefinity.Utilities, Version=15.3.8522.0, Culture=neutral, PublicKeyToken=b28c218413bdf563
AppDomainName : /LM/W3SVC/1/ROOT-1-134021632762736372
ThreadIdentity : system
WindowsIdentity : IIS APPPOOL\INTRANET_NOTCOMP
Requested URL : http://localhost/


Category: ErrorLog

Priority: 0

EventId: 90030

Severity: Error

Title:Enterprise Library Exception Handling

Machine: PCIR-DESARR04

App Domain: /LM/W3SVC/1/ROOT-1-134021632762736372

ProcessId: 10640

Process Name: c:\windows\system32\inetsrv\w3wp.exe

Thread Name: 

Win32 ThreadId:30308

Extended Properties: 
----------------------------------------
----------------------------------------
ActivityId: 6432e40b-f318-4890-92b2-2b792c105021

Timestamp: 9/12/2025 3:32:15 PM

Message: HandlingInstanceID: 0ed7c89f-547d-4b0f-9f2f-b44d6ccdd3b5
An exception of type 'System.DirectoryServices.Protocols.LdapException' occurred and was caught.
------------------------------------------------------------------------------------------------
09/12/2025 10:32:15
Type : System.DirectoryServices.Protocols.LdapException, System.DirectoryServices.Protocols, Version=4.0.0.0, Culture=neutral, PublicKeyToken=b03f5f7f11d50a3a
Message : ‹‹‹The LDAP server is unavailable.›››
Source : System.DirectoryServices.Protocols
Help link : 
ErrorCode : ‹‹‹81›››
ServerErrorMessage : 
PartialResults : ‹‹‹System.DirectoryServices.Protocols.PartialResultsCollection›››
Data : ‹‹‹System.Collections.ListDictionaryInternal›››
TargetSite : ‹‹‹Void Connect()›››
HResult : ‹‹‹-2146233088›››
Stack Trace :    at System.DirectoryServices.Protocols.LdapConnection.Connect()
   at System.DirectoryServices.Protocols.LdapConnection.SendRequestHelper(DirectoryRequest request, Int32& messageID)
   at System.DirectoryServices.Protocols.LdapConnection.SendRequest(DirectoryRequest request, TimeSpan requestTimeout)
   at Telerik.Sitefinity.Security.Ldap.LdapFacade.Search(LdapQuery query, String rootDN, Int32 pageSize)

Additional Info:

MachineName : PCIR-DESARR04
TimeStamp : 9/12/2025 3:32:15 PM
FullName : Telerik.Sitefinity.Utilities, Version=15.3.8522.0, Culture=neutral, PublicKeyToken=b28c218413bdf563
AppDomainName : /LM/W3SVC/1/ROOT-1-134021632762736372
ThreadIdentity : system
WindowsIdentity : IIS APPPOOL\INTRANET_NOTCOMP
Requested URL : http://localhost/


Category: ErrorLog

Priority: 0

EventId: 90030

Severity: Error

Title:Enterprise Library Exception Handling

Machine: PCIR-DESARR04

App Domain: /LM/W3SVC/1/ROOT-1-134021632762736372

ProcessId: 10640

Process Name: c:\windows\system32\inetsrv\w3wp.exe

Thread Name: 

Win32 ThreadId:40708

Extended Properties: 
----------------------------------------
----------------------------------------
ActivityId: 6432e40b-f318-4890-92b2-2b792c105021

Timestamp: 9/12/2025 3:32:35 PM

Message: HandlingInstanceID: 587dbc59-68fa-4810-97a1-1a84f65a2e9b
An exception of type 'System.DirectoryServices.Protocols.LdapException' occurred and was caught.
------------------------------------------------------------------------------------------------
09/12/2025 10:32:35
Type : System.DirectoryServices.Protocols.LdapException, System.DirectoryServices.Protocols, Version=4.0.0.0, Culture=neutral, PublicKeyToken=b03f5f7f11d50a3a
Message : ‹‹‹The LDAP server is unavailable.›››
Source : System.DirectoryServices.Protocols
Help link : 
ErrorCode : ‹‹‹81›››
ServerErrorMessage : 
PartialResults : ‹‹‹System.DirectoryServices.Protocols.PartialResultsCollection›››
Data : ‹‹‹System.Collections.ListDictionaryInternal›››
TargetSite : ‹‹‹Void Connect()›››
HResult : ‹‹‹-2146233088›››
Stack Trace :    at System.DirectoryServices.Protocols.LdapConnection.Connect()
   at System.DirectoryServices.Protocols.LdapConnection.SendRequestHelper(DirectoryRequest request, Int32& messageID)
   at System.DirectoryServices.Protocols.LdapConnection.SendRequest(DirectoryRequest request, TimeSpan requestTimeout)
   at Telerik.Sitefinity.Security.Ldap.LdapFacade.Search(LdapQuery query, String rootDN, Int32 pageSize)

Additional Info:

MachineName : PCIR-DESARR04
TimeStamp : 9/12/2025 3:32:35 PM
FullName : Telerik.Sitefinity.Utilities, Version=15.3.8522.0, Culture=neutral, PublicKeyToken=b28c218413bdf563
AppDomainName : /LM/W3SVC/1/ROOT-1-134021632762736372
ThreadIdentity : system
WindowsIdentity : IIS APPPOOL\INTRANET_NOTCOMP
Requested URL : http://localhost/


Category: ErrorLog

Priority: 0

EventId: 90030

Severity: Error

Title:Enterprise Library Exception Handling

Machine: PCIR-DESARR04

App Domain: /LM/W3SVC/1/ROOT-1-134021632762736372

ProcessId: 10640

Process Name: c:\windows\system32\inetsrv\w3wp.exe

Thread Name: 

Win32 ThreadId:40708

Extended Properties: 
----------------------------------------
----------------------------------------
ActivityId: 6432e40b-f318-4890-92b2-2b792c105021

Timestamp: 9/12/2025 3:32:55 PM

Message: HandlingInstanceID: 7b94ef46-1b8b-4bb2-b522-2bd80e618afe
An exception of type 'System.DirectoryServices.Protocols.LdapException' occurred and was caught.
------------------------------------------------------------------------------------------------
09/12/2025 10:32:55
Type : System.DirectoryServices.Protocols.LdapException, System.DirectoryServices.Protocols, Version=4.0.0.0, Culture=neutral, PublicKeyToken=b03f5f7f11d50a3a
Message : ‹‹‹The LDAP server is unavailable.›››
Source : System.DirectoryServices.Protocols
Help link : 
ErrorCode : ‹‹‹81›››
ServerErrorMessage : 
PartialResults : ‹‹‹System.DirectoryServices.Protocols.PartialResultsCollection›››
Data : ‹‹‹System.Collections.ListDictionaryInternal›››
TargetSite : ‹‹‹Void Connect()›››
HResult : ‹‹‹-2146233088›››
Stack Trace :    at System.DirectoryServices.Protocols.LdapConnection.Connect()
   at System.DirectoryServices.Protocols.LdapConnection.SendRequestHelper(DirectoryRequest request, Int32& messageID)
   at System.DirectoryServices.Protocols.LdapConnection.SendRequest(DirectoryRequest request, TimeSpan requestTimeout)
   at Telerik.Sitefinity.Security.Ldap.LdapFacade.Search(LdapQuery query, String rootDN, Int32 pageSize)

Additional Info:

MachineName : PCIR-DESARR04
TimeStamp : 9/12/2025 3:32:55 PM
FullName : Telerik.Sitefinity.Utilities, Version=15.3.8522.0, Culture=neutral, PublicKeyToken=b28c218413bdf563
AppDomainName : /LM/W3SVC/1/ROOT-1-134021632762736372
ThreadIdentity : system
WindowsIdentity : IIS APPPOOL\INTRANET_NOTCOMP
Requested URL : http://localhost/


Category: ErrorLog

Priority: 0

EventId: 90030

Severity: Error

Title:Enterprise Library Exception Handling

Machine: PCIR-DESARR04

App Domain: /LM/W3SVC/1/ROOT-1-134021632762736372

ProcessId: 10640

Process Name: c:\windows\system32\inetsrv\w3wp.exe

Thread Name: 

Win32 ThreadId:40708

Extended Properties: 
----------------------------------------
----------------------------------------
ActivityId: 711d56c1-f89b-4e29-9d97-1d0bab923ff0

Timestamp: 9/12/2025 3:36:51 PM

Message: HandlingInstanceID: 589d2791-0421-4f6e-a402-bbf75d86c1ab
An exception of type 'System.DirectoryServices.Protocols.LdapException' occurred and was caught.
------------------------------------------------------------------------------------------------
09/12/2025 10:36:51
Type : System.DirectoryServices.Protocols.LdapException, System.DirectoryServices.Protocols, Version=4.0.0.0, Culture=neutral, PublicKeyToken=b03f5f7f11d50a3a
Message : ‹‹‹The LDAP server is unavailable.›››
Source : System.DirectoryServices.Protocols
Help link : 
ErrorCode : ‹‹‹81›››
ServerErrorMessage : 
PartialResults : ‹‹‹System.DirectoryServices.Protocols.PartialResultsCollection›››
Data : ‹‹‹System.Collections.ListDictionaryInternal›››
TargetSite : ‹‹‹Void Connect()›››
HResult : ‹‹‹-2146233088›››
Stack Trace :    at System.DirectoryServices.Protocols.LdapConnection.Connect()
   at System.DirectoryServices.Protocols.LdapConnection.SendRequestHelper(DirectoryRequest request, Int32& messageID)
   at System.DirectoryServices.Protocols.LdapConnection.SendRequest(DirectoryRequest request, TimeSpan requestTimeout)
   at Telerik.Sitefinity.Security.Ldap.LdapFacade.Search(LdapQuery query, String rootDN, Int32 pageSize)

Additional Info:

MachineName : PCIR-DESARR04
TimeStamp : 9/12/2025 3:36:51 PM
FullName : Telerik.Sitefinity.Utilities, Version=15.3.8522.0, Culture=neutral, PublicKeyToken=b28c218413bdf563
AppDomainName : /LM/W3SVC/1/ROOT-1-134021632762736372
ThreadIdentity : system
WindowsIdentity : IIS APPPOOL\INTRANET_NOTCOMP
Requested URL : http://localhost/


Category: ErrorLog

Priority: 0

EventId: 90030

Severity: Error

Title:Enterprise Library Exception Handling

Machine: PCIR-DESARR04

App Domain: /LM/W3SVC/1/ROOT-1-134021632762736372

ProcessId: 10640

Process Name: c:\windows\system32\inetsrv\w3wp.exe

Thread Name: 

Win32 ThreadId:45728

Extended Properties: 
----------------------------------------
----------------------------------------
ActivityId: aa39f858-d6c2-449c-8121-ae425caa21c9

Timestamp: 9/12/2025 3:39:09 PM

Message: HandlingInstanceID: 608c06ba-e336-454c-bd1e-08a31f8bbda9
An exception of type 'System.DirectoryServices.Protocols.LdapException' occurred and was caught.
------------------------------------------------------------------------------------------------
09/12/2025 10:39:09
Type : System.DirectoryServices.Protocols.LdapException, System.DirectoryServices.Protocols, Version=4.0.0.0, Culture=neutral, PublicKeyToken=b03f5f7f11d50a3a
Message : ‹‹‹The LDAP server is unavailable.›››
Source : System.DirectoryServices.Protocols
Help link : 
ErrorCode : ‹‹‹81›››
ServerErrorMessage : 
PartialResults : ‹‹‹System.DirectoryServices.Protocols.PartialResultsCollection›››
Data : ‹‹‹System.Collections.ListDictionaryInternal›››
TargetSite : ‹‹‹Void Connect()›››
HResult : ‹‹‹-2146233088›››
Stack Trace :    at System.DirectoryServices.Protocols.LdapConnection.Connect()
   at System.DirectoryServices.Protocols.LdapConnection.SendRequestHelper(DirectoryRequest request, Int32& messageID)
   at System.DirectoryServices.Protocols.LdapConnection.SendRequest(DirectoryRequest request, TimeSpan requestTimeout)
   at Telerik.Sitefinity.Security.Ldap.LdapFacade.Search(LdapQuery query, String rootDN, Int32 pageSize)

Additional Info:

MachineName : PCIR-DESARR04
TimeStamp : 9/12/2025 3:39:09 PM
FullName : Telerik.Sitefinity.Utilities, Version=15.3.8522.0, Culture=neutral, PublicKeyToken=b28c218413bdf563
AppDomainName : /LM/W3SVC/1/ROOT-1-134021632762736372
ThreadIdentity : walter.villamar@iroute.com.ec
WindowsIdentity : IIS APPPOOL\INTRANET_NOTCOMP
Requested URL : http://localhost/Sitefinity/Services/Security/Permissions.svc/?permissionsSetName=Document,DocumentsSitemapGeneration,DocumentLibrary&dataProviderName=OpenAccessDataProvider&managerClassName=Telerik.Sitefinity.Modules.Libraries.LibrariesManager,%20Telerik.Sitefinity,%20Version=15.3.8522.0,%20Culture=neutral,%20PublicKeyToken=b28c218413bdf563&securedObjectID=00000000-0000-0000-0000-000000000000&securedObjectType=Telerik.Sitefinity.Security.Model.Proxy.SecuredProxy&sf_culture=en


Category: ErrorLog

Priority: 0

EventId: 90030

Severity: Error

Title:Enterprise Library Exception Handling

Machine: PCIR-DESARR04

App Domain: /LM/W3SVC/1/ROOT-1-134021632762736372

ProcessId: 10640

Process Name: c:\windows\system32\inetsrv\w3wp.exe

Thread Name: 

Win32 ThreadId:25864

Extended Properties: 
----------------------------------------
----------------------------------------
ActivityId: aa39f858-d6c2-449c-8121-ae425caa21c9

Timestamp: 9/12/2025 3:39:30 PM

Message: HandlingInstanceID: 60c70e3f-d95b-4057-9d76-b35cb3b80637
An exception of type 'System.DirectoryServices.Protocols.LdapException' occurred and was caught.
------------------------------------------------------------------------------------------------
09/12/2025 10:39:30
Type : System.DirectoryServices.Protocols.LdapException, System.DirectoryServices.Protocols, Version=4.0.0.0, Culture=neutral, PublicKeyToken=b03f5f7f11d50a3a
Message : ‹‹‹The LDAP server returned an unknown error.›››
Source : System.DirectoryServices.Protocols
Help link : 
ErrorCode : ‹‹‹52›››
ServerErrorMessage : 
PartialResults : ‹‹‹System.DirectoryServices.Protocols.PartialResultsCollection›››
Data : ‹‹‹System.Collections.ListDictionaryInternal›››
TargetSite : ‹‹‹Void Connect()›››
HResult : ‹‹‹-2146233088›››
Stack Trace :    at System.DirectoryServices.Protocols.LdapConnection.Connect()
   at System.DirectoryServices.Protocols.LdapConnection.SendRequestHelper(DirectoryRequest request, Int32& messageID)
   at System.DirectoryServices.Protocols.LdapConnection.SendRequest(DirectoryRequest request, TimeSpan requestTimeout)
   at Telerik.Sitefinity.Security.Ldap.LdapFacade.Search(LdapQuery query, String rootDN, Int32 pageSize)

Additional Info:

MachineName : PCIR-DESARR04
TimeStamp : 9/12/2025 3:39:30 PM
FullName : Telerik.Sitefinity.Utilities, Version=15.3.8522.0, Culture=neutral, PublicKeyToken=b28c218413bdf563
AppDomainName : /LM/W3SVC/1/ROOT-1-134021632762736372
ThreadIdentity : walter.villamar@iroute.com.ec
WindowsIdentity : IIS APPPOOL\INTRANET_NOTCOMP
Requested URL : http://localhost/Sitefinity/Services/Security/Permissions.svc/?permissionsSetName=Document,DocumentsSitemapGeneration,DocumentLibrary&dataProviderName=OpenAccessDataProvider&managerClassName=Telerik.Sitefinity.Modules.Libraries.LibrariesManager,%20Telerik.Sitefinity,%20Version=15.3.8522.0,%20Culture=neutral,%20PublicKeyToken=b28c218413bdf563&securedObjectID=00000000-0000-0000-0000-000000000000&securedObjectType=Telerik.Sitefinity.Security.Model.Proxy.SecuredProxy&sf_culture=en


Category: ErrorLog

Priority: 0

EventId: 90030

Severity: Error

Title:Enterprise Library Exception Handling

Machine: PCIR-DESARR04

App Domain: /LM/W3SVC/1/ROOT-1-134021632762736372

ProcessId: 10640

Process Name: c:\windows\system32\inetsrv\w3wp.exe

Thread Name: 

Win32 ThreadId:25864

Extended Properties: 
----------------------------------------
----------------------------------------
ActivityId: aa39f858-d6c2-449c-8121-ae425caa21c9

Timestamp: 9/12/2025 3:39:52 PM

Message: HandlingInstanceID: d5780760-d0d1-4795-abc4-09b0945ebf37
An exception of type 'System.DirectoryServices.Protocols.LdapException' occurred and was caught.
------------------------------------------------------------------------------------------------
09/12/2025 10:39:52
Type : System.DirectoryServices.Protocols.LdapException, System.DirectoryServices.Protocols, Version=4.0.0.0, Culture=neutral, PublicKeyToken=b03f5f7f11d50a3a
Message : ‹‹‹The LDAP server returned an unknown error.›››
Source : System.DirectoryServices.Protocols
Help link : 
ErrorCode : ‹‹‹52›››
ServerErrorMessage : 
PartialResults : ‹‹‹System.DirectoryServices.Protocols.PartialResultsCollection›››
Data : ‹‹‹System.Collections.ListDictionaryInternal›››
TargetSite : ‹‹‹Void Connect()›››
HResult : ‹‹‹-2146233088›››
Stack Trace :    at System.DirectoryServices.Protocols.LdapConnection.Connect()
   at System.DirectoryServices.Protocols.LdapConnection.SendRequestHelper(DirectoryRequest request, Int32& messageID)
   at System.DirectoryServices.Protocols.LdapConnection.SendRequest(DirectoryRequest request, TimeSpan requestTimeout)
   at Telerik.Sitefinity.Security.Ldap.LdapFacade.Search(LdapQuery query, String rootDN, Int32 pageSize)

Additional Info:

MachineName : PCIR-DESARR04
TimeStamp : 9/12/2025 3:39:52 PM
FullName : Telerik.Sitefinity.Utilities, Version=15.3.8522.0, Culture=neutral, PublicKeyToken=b28c218413bdf563
AppDomainName : /LM/W3SVC/1/ROOT-1-134021632762736372
ThreadIdentity : walter.villamar@iroute.com.ec
WindowsIdentity : IIS APPPOOL\INTRANET_NOTCOMP
Requested URL : http://localhost/Sitefinity/Services/Security/Permissions.svc/?permissionsSetName=Document,DocumentsSitemapGeneration,DocumentLibrary&dataProviderName=OpenAccessDataProvider&managerClassName=Telerik.Sitefinity.Modules.Libraries.LibrariesManager,%20Telerik.Sitefinity,%20Version=15.3.8522.0,%20Culture=neutral,%20PublicKeyToken=b28c218413bdf563&securedObjectID=00000000-0000-0000-0000-000000000000&securedObjectType=Telerik.Sitefinity.Security.Model.Proxy.SecuredProxy&sf_culture=en


Category: ErrorLog

Priority: 0

EventId: 90030

Severity: Error

Title:Enterprise Library Exception Handling

Machine: PCIR-DESARR04

App Domain: /LM/W3SVC/1/ROOT-1-134021632762736372

ProcessId: 10640

Process Name: c:\windows\system32\inetsrv\w3wp.exe

Thread Name: 

Win32 ThreadId:25864

Extended Properties: 
----------------------------------------
----------------------------------------
ActivityId: aa39f858-d6c2-449c-8121-ae425caa21c9

Timestamp: 9/12/2025 3:40:13 PM

Message: HandlingInstanceID: bd4c77df-6fe8-4540-aac8-5013cc9b7905
An exception of type 'System.DirectoryServices.Protocols.LdapException' occurred and was caught.
------------------------------------------------------------------------------------------------
09/12/2025 10:40:13
Type : System.DirectoryServices.Protocols.LdapException, System.DirectoryServices.Protocols, Version=4.0.0.0, Culture=neutral, PublicKeyToken=b03f5f7f11d50a3a
Message : ‹‹‹The LDAP server returned an unknown error.›››
Source : System.DirectoryServices.Protocols
Help link : 
ErrorCode : ‹‹‹52›››
ServerErrorMessage : 
PartialResults : ‹‹‹System.DirectoryServices.Protocols.PartialResultsCollection›››
Data : ‹‹‹System.Collections.ListDictionaryInternal›››
TargetSite : ‹‹‹Void Connect()›››
HResult : ‹‹‹-2146233088›››
Stack Trace :    at System.DirectoryServices.Protocols.LdapConnection.Connect()
   at System.DirectoryServices.Protocols.LdapConnection.SendRequestHelper(DirectoryRequest request, Int32& messageID)
   at System.DirectoryServices.Protocols.LdapConnection.SendRequest(DirectoryRequest request, TimeSpan requestTimeout)
   at Telerik.Sitefinity.Security.Ldap.LdapFacade.Search(LdapQuery query, String rootDN, Int32 pageSize)

Additional Info:

MachineName : PCIR-DESARR04
TimeStamp : 9/12/2025 3:40:13 PM
FullName : Telerik.Sitefinity.Utilities, Version=15.3.8522.0, Culture=neutral, PublicKeyToken=b28c218413bdf563
AppDomainName : /LM/W3SVC/1/ROOT-1-134021632762736372
ThreadIdentity : walter.villamar@iroute.com.ec
WindowsIdentity : IIS APPPOOL\INTRANET_NOTCOMP
Requested URL : http://localhost/Sitefinity/Services/Security/Permissions.svc/?permissionsSetName=Document,DocumentsSitemapGeneration,DocumentLibrary&dataProviderName=OpenAccessDataProvider&managerClassName=Telerik.Sitefinity.Modules.Libraries.LibrariesManager,%20Telerik.Sitefinity,%20Version=15.3.8522.0,%20Culture=neutral,%20PublicKeyToken=b28c218413bdf563&securedObjectID=00000000-0000-0000-0000-000000000000&securedObjectType=Telerik.Sitefinity.Security.Model.Proxy.SecuredProxy&sf_culture=en


Category: ErrorLog

Priority: 0

EventId: 90030

Severity: Error

Title:Enterprise Library Exception Handling

Machine: PCIR-DESARR04

App Domain: /LM/W3SVC/1/ROOT-1-134021632762736372

ProcessId: 10640

Process Name: c:\windows\system32\inetsrv\w3wp.exe

Thread Name: 

Win32 ThreadId:25864

Extended Properties: 
----------------------------------------
----------------------------------------
ActivityId: aa39f858-d6c2-449c-8121-ae425caa21c9

Timestamp: 9/12/2025 3:40:34 PM

Message: HandlingInstanceID: 235c0183-a9fc-4943-85a1-971701b50b60
An exception of type 'System.DirectoryServices.Protocols.LdapException' occurred and was caught.
------------------------------------------------------------------------------------------------
09/12/2025 10:40:34
Type : System.DirectoryServices.Protocols.LdapException, System.DirectoryServices.Protocols, Version=4.0.0.0, Culture=neutral, PublicKeyToken=b03f5f7f11d50a3a
Message : ‹‹‹The LDAP server returned an unknown error.›››
Source : System.DirectoryServices.Protocols
Help link : 
ErrorCode : ‹‹‹52›››
ServerErrorMessage : 
PartialResults : ‹‹‹System.DirectoryServices.Protocols.PartialResultsCollection›››
Data : ‹‹‹System.Collections.ListDictionaryInternal›››
TargetSite : ‹‹‹Void Connect()›››
HResult : ‹‹‹-2146233088›››
Stack Trace :    at System.DirectoryServices.Protocols.LdapConnection.Connect()
   at System.DirectoryServices.Protocols.LdapConnection.SendRequestHelper(DirectoryRequest request, Int32& messageID)
   at System.DirectoryServices.Protocols.LdapConnection.SendRequest(DirectoryRequest request, TimeSpan requestTimeout)
   at Telerik.Sitefinity.Security.Ldap.LdapFacade.Search(LdapQuery query, String rootDN, Int32 pageSize)

Additional Info:

MachineName : PCIR-DESARR04
TimeStamp : 9/12/2025 3:40:34 PM
FullName : Telerik.Sitefinity.Utilities, Version=15.3.8522.0, Culture=neutral, PublicKeyToken=b28c218413bdf563
AppDomainName : /LM/W3SVC/1/ROOT-1-134021632762736372
ThreadIdentity : walter.villamar@iroute.com.ec
WindowsIdentity : IIS APPPOOL\INTRANET_NOTCOMP
Requested URL : http://localhost/Sitefinity/Services/Security/Permissions.svc/?permissionsSetName=Document,DocumentsSitemapGeneration,DocumentLibrary&dataProviderName=OpenAccessDataProvider&managerClassName=Telerik.Sitefinity.Modules.Libraries.LibrariesManager,%20Telerik.Sitefinity,%20Version=15.3.8522.0,%20Culture=neutral,%20PublicKeyToken=b28c218413bdf563&securedObjectID=00000000-0000-0000-0000-000000000000&securedObjectType=Telerik.Sitefinity.Security.Model.Proxy.SecuredProxy&sf_culture=en


Category: ErrorLog

Priority: 0

EventId: 90030

Severity: Error

Title:Enterprise Library Exception Handling

Machine: PCIR-DESARR04

App Domain: /LM/W3SVC/1/ROOT-1-134021632762736372

ProcessId: 10640

Process Name: c:\windows\system32\inetsrv\w3wp.exe

Thread Name: 

Win32 ThreadId:25864

Extended Properties: 
----------------------------------------
----------------------------------------
ActivityId: 00000000-0000-0000-0000-000000000000

Timestamp: 12/9/2025 19:40:31

Message: HandlingInstanceID: 24e44306-c7fa-4224-8a2a-bd8d7b62d0a6
An exception of type 'System.DirectoryServices.Protocols.LdapException' occurred and was caught.
------------------------------------------------------------------------------------------------
09/12/2025 14:40:31
Type : System.DirectoryServices.Protocols.LdapException, System.DirectoryServices.Protocols, Version=4.0.0.0, Culture=neutral, PublicKeyToken=b03f5f7f11d50a3a
Message : ‹‹‹The LDAP server is unavailable.›››
Source : System.DirectoryServices.Protocols
Help link : 
ErrorCode : ‹‹‹81›››
ServerErrorMessage : 
PartialResults : ‹‹‹System.DirectoryServices.Protocols.PartialResultsCollection›››
Data : ‹‹‹System.Collections.ListDictionaryInternal›››
TargetSite : ‹‹‹Void Connect()›››
HResult : ‹‹‹-2146233088›››
Stack Trace :    at System.DirectoryServices.Protocols.LdapConnection.Connect()
   at System.DirectoryServices.Protocols.LdapConnection.SendRequestHelper(DirectoryRequest request, Int32& messageID)
   at System.DirectoryServices.Protocols.LdapConnection.SendRequest(DirectoryRequest request, TimeSpan requestTimeout)
   at Telerik.Sitefinity.Security.Ldap.LdapFacade.Search(LdapQuery query, String rootDN, Int32 pageSize)

Additional Info:

MachineName : PCIR-DESARR04
TimeStamp : 12/9/2025 19:40:31
FullName : Telerik.Sitefinity.Utilities, Version=15.3.8522.0, Culture=neutral, PublicKeyToken=b28c218413bdf563
AppDomainName : /LM/W3SVC/1/ROOT-1-134021795514032528
ThreadIdentity : system
WindowsIdentity : IIS APPPOOL\INTRANET_NOTCOMP
Requested URL : http://localhost/


Category: ErrorLog

Priority: 0

EventId: 90030

Severity: Error

Title:Enterprise Library Exception Handling

Machine: PCIR-DESARR04

App Domain: /LM/W3SVC/1/ROOT-1-134021795514032528

ProcessId: 45928

Process Name: c:\windows\system32\inetsrv\w3wp.exe

Thread Name: BackgroundTasksService-Thread-2

Win32 ThreadId:27468

Extended Properties: 
----------------------------------------
----------------------------------------
ActivityId: b1d4d6ec-f88e-42bb-982d-ee238e85d3c7

Timestamp: 9/12/2025 7:41:20 PM

Message: HandlingInstanceID: f8d5b516-c886-45b7-93c5-aa408e7a32ea
An exception of type 'System.DirectoryServices.Protocols.LdapException' occurred and was caught.
------------------------------------------------------------------------------------------------
09/12/2025 14:41:20
Type : System.DirectoryServices.Protocols.LdapException, System.DirectoryServices.Protocols, Version=4.0.0.0, Culture=neutral, PublicKeyToken=b03f5f7f11d50a3a
Message : ‹‹‹The LDAP server is unavailable.›››
Source : System.DirectoryServices.Protocols
Help link : 
ErrorCode : ‹‹‹81›››
ServerErrorMessage : 
PartialResults : ‹‹‹System.DirectoryServices.Protocols.PartialResultsCollection›››
Data : ‹‹‹System.Collections.ListDictionaryInternal›››
TargetSite : ‹‹‹Void Connect()›››
HResult : ‹‹‹-2146233088›››
Stack Trace :    at System.DirectoryServices.Protocols.LdapConnection.Connect()
   at System.DirectoryServices.Protocols.LdapConnection.SendRequestHelper(DirectoryRequest request, Int32& messageID)
   at System.DirectoryServices.Protocols.LdapConnection.SendRequest(DirectoryRequest request, TimeSpan requestTimeout)
   at Telerik.Sitefinity.Security.Ldap.LdapFacade.Search(LdapQuery query, String rootDN, Int32 pageSize)

Additional Info:

MachineName : PCIR-DESARR04
TimeStamp : 9/12/2025 7:41:20 PM
FullName : Telerik.Sitefinity.Utilities, Version=15.3.8522.0, Culture=neutral, PublicKeyToken=b28c218413bdf563
AppDomainName : /LM/W3SVC/1/ROOT-1-134021795514032528
ThreadIdentity : Anonymous
WindowsIdentity : IIS APPPOOL\INTRANET_NOTCOMP
Requested URL : http://localhost/Sitefinity/Login?ReturnUrl=http%3a%2f%2flocalhost%2fsitefinity


Category: ErrorLog

Priority: 0

EventId: 90030

Severity: Error

Title:Enterprise Library Exception Handling

Machine: PCIR-DESARR04

App Domain: /LM/W3SVC/1/ROOT-1-134021795514032528

ProcessId: 45928

Process Name: c:\windows\system32\inetsrv\w3wp.exe

Thread Name: 

Win32 ThreadId:10944

Extended Properties: 
----------------------------------------
----------------------------------------
ActivityId: b1d4d6ec-f88e-42bb-982d-ee238e85d3c7

Timestamp: 9/12/2025 7:41:42 PM

Message: HandlingInstanceID: 516ce97b-601b-4a94-83b3-b1361ab5a5c8
An exception of type 'System.DirectoryServices.Protocols.LdapException' occurred and was caught.
------------------------------------------------------------------------------------------------
09/12/2025 14:41:42
Type : System.DirectoryServices.Protocols.LdapException, System.DirectoryServices.Protocols, Version=4.0.0.0, Culture=neutral, PublicKeyToken=b03f5f7f11d50a3a
Message : ‹‹‹The LDAP server returned an unknown error.›››
Source : System.DirectoryServices.Protocols
Help link : 
ErrorCode : ‹‹‹52›››
ServerErrorMessage : 
PartialResults : ‹‹‹System.DirectoryServices.Protocols.PartialResultsCollection›››
Data : ‹‹‹System.Collections.ListDictionaryInternal›››
TargetSite : ‹‹‹Void Connect()›››
HResult : ‹‹‹-2146233088›››
Stack Trace :    at System.DirectoryServices.Protocols.LdapConnection.Connect()
   at System.DirectoryServices.Protocols.LdapConnection.SendRequestHelper(DirectoryRequest request, Int32& messageID)
   at System.DirectoryServices.Protocols.LdapConnection.SendRequest(DirectoryRequest request, TimeSpan requestTimeout)
   at Telerik.Sitefinity.Security.Ldap.LdapFacade.Search(LdapQuery query, String rootDN, Int32 pageSize)

Additional Info:

MachineName : PCIR-DESARR04
TimeStamp : 9/12/2025 7:41:42 PM
FullName : Telerik.Sitefinity.Utilities, Version=15.3.8522.0, Culture=neutral, PublicKeyToken=b28c218413bdf563
AppDomainName : /LM/W3SVC/1/ROOT-1-134021795514032528
ThreadIdentity : Anonymous
WindowsIdentity : IIS APPPOOL\INTRANET_NOTCOMP
Requested URL : http://localhost/Sitefinity/Login?ReturnUrl=http%3a%2f%2flocalhost%2fsitefinity


Category: ErrorLog

Priority: 0

EventId: 90030

Severity: Error

Title:Enterprise Library Exception Handling

Machine: PCIR-DESARR04

App Domain: /LM/W3SVC/1/ROOT-1-134021795514032528

ProcessId: 45928

Process Name: c:\windows\system32\inetsrv\w3wp.exe

Thread Name: 

Win32 ThreadId:10944

Extended Properties: 
----------------------------------------
----------------------------------------
ActivityId: b1d4d6ec-f88e-42bb-982d-ee238e85d3c7

Timestamp: 9/12/2025 7:41:42 PM

Message: HandlingInstanceID: a0355155-e779-45ad-b114-89085ab6f111
An exception of type 'System.ApplicationException' occurred and was caught.
---------------------------------------------------------------------------
09/12/2025 14:41:42
Type : System.ApplicationException, mscorlib, Version=4.0.0.0, Culture=neutral, PublicKeyToken=b77a5c561934e089
Message : ‹‹‹Role 'SitefinityAdmin' not found in provider 'LdapRoles'›››
Source : Telerik.Sitefinity
Help link : 
Data : ‹‹‹System.Collections.ListDictionaryInternal›››
TargetSite : ‹‹‹System.Guid GetRoleId(System.String, System.String)›››
HResult : ‹‹‹-2146232832›››
Stack Trace :    at Telerik.Sitefinity.Security.SecurityManager.GetRoleId(String roleProviderName, String roleName)
   at Telerik.Sitefinity.Security.SecurityManager.BuildAdminRoles()

Additional Info:

MachineName : PCIR-DESARR04
TimeStamp : 9/12/2025 7:41:42 PM
FullName : Telerik.Sitefinity.Utilities, Version=15.3.8522.0, Culture=neutral, PublicKeyToken=b28c218413bdf563
AppDomainName : /LM/W3SVC/1/ROOT-1-134021795514032528
ThreadIdentity : Anonymous
WindowsIdentity : IIS APPPOOL\INTRANET_NOTCOMP
Requested URL : http://localhost/Sitefinity/Login?ReturnUrl=http%3a%2f%2flocalhost%2fsitefinity


Category: ErrorLog

Priority: 0

EventId: 9010

Severity: Warning

Title:Enterprise Library Exception Handling

Machine: PCIR-DESARR04

App Domain: /LM/W3SVC/1/ROOT-1-134021795514032528

ProcessId: 45928

Process Name: c:\windows\system32\inetsrv\w3wp.exe

Thread Name: 

Win32 ThreadId:10944

Extended Properties: 
----------------------------------------
----------------------------------------
ActivityId: b1d4d6ec-f88e-42bb-982d-ee238e85d3c7

Timestamp: 9/12/2025 7:42:03 PM

Message: HandlingInstanceID: edad8dee-40d5-4113-baea-6a2e87e512e3
An exception of type 'System.DirectoryServices.Protocols.LdapException' occurred and was caught.
------------------------------------------------------------------------------------------------
09/12/2025 14:42:03
Type : System.DirectoryServices.Protocols.LdapException, System.DirectoryServices.Protocols, Version=4.0.0.0, Culture=neutral, PublicKeyToken=b03f5f7f11d50a3a
Message : ‹‹‹The LDAP server returned an unknown error.›››
Source : System.DirectoryServices.Protocols
Help link : 
ErrorCode : ‹‹‹52›››
ServerErrorMessage : 
PartialResults : ‹‹‹System.DirectoryServices.Protocols.PartialResultsCollection›››
Data : ‹‹‹System.Collections.ListDictionaryInternal›››
TargetSite : ‹‹‹Void Connect()›››
HResult : ‹‹‹-2146233088›››
Stack Trace :    at System.DirectoryServices.Protocols.LdapConnection.Connect()
   at System.DirectoryServices.Protocols.LdapConnection.SendRequestHelper(DirectoryRequest request, Int32& messageID)
   at System.DirectoryServices.Protocols.LdapConnection.SendRequest(DirectoryRequest request, TimeSpan requestTimeout)
   at Telerik.Sitefinity.Security.Ldap.LdapFacade.Search(LdapQuery query, String rootDN, Int32 pageSize)

Additional Info:

MachineName : PCIR-DESARR04
TimeStamp : 9/12/2025 7:42:03 PM
FullName : Telerik.Sitefinity.Utilities, Version=15.3.8522.0, Culture=neutral, PublicKeyToken=b28c218413bdf563
AppDomainName : /LM/W3SVC/1/ROOT-1-134021795514032528
ThreadIdentity : Anonymous
WindowsIdentity : IIS APPPOOL\INTRANET_NOTCOMP
Requested URL : http://localhost/Sitefinity/Login?ReturnUrl=http%3a%2f%2flocalhost%2fsitefinity


Category: ErrorLog

Priority: 0

EventId: 90030

Severity: Error

Title:Enterprise Library Exception Handling

Machine: PCIR-DESARR04

App Domain: /LM/W3SVC/1/ROOT-1-134021795514032528

ProcessId: 45928

Process Name: c:\windows\system32\inetsrv\w3wp.exe

Thread Name: 

Win32 ThreadId:10944

Extended Properties: 
----------------------------------------
----------------------------------------
ActivityId: b1d4d6ec-f88e-42bb-982d-ee238e85d3c7

Timestamp: 9/12/2025 7:42:24 PM

Message: HandlingInstanceID: b0f8479f-e93b-4d31-bd6d-ce8b03fe22ba
An exception of type 'System.DirectoryServices.Protocols.LdapException' occurred and was caught.
------------------------------------------------------------------------------------------------
09/12/2025 14:42:24
Type : System.DirectoryServices.Protocols.LdapException, System.DirectoryServices.Protocols, Version=4.0.0.0, Culture=neutral, PublicKeyToken=b03f5f7f11d50a3a
Message : ‹‹‹The LDAP server returned an unknown error.›››
Source : System.DirectoryServices.Protocols
Help link : 
ErrorCode : ‹‹‹52›››
ServerErrorMessage : 
PartialResults : ‹‹‹System.DirectoryServices.Protocols.PartialResultsCollection›››
Data : ‹‹‹System.Collections.ListDictionaryInternal›››
TargetSite : ‹‹‹Void Connect()›››
HResult : ‹‹‹-2146233088›››
Stack Trace :    at System.DirectoryServices.Protocols.LdapConnection.Connect()
   at System.DirectoryServices.Protocols.LdapConnection.SendRequestHelper(DirectoryRequest request, Int32& messageID)
   at System.DirectoryServices.Protocols.LdapConnection.SendRequest(DirectoryRequest request, TimeSpan requestTimeout)
   at Telerik.Sitefinity.Security.Ldap.LdapFacade.Search(LdapQuery query, String rootDN, Int32 pageSize)

Additional Info:

MachineName : PCIR-DESARR04
TimeStamp : 9/12/2025 7:42:24 PM
FullName : Telerik.Sitefinity.Utilities, Version=15.3.8522.0, Culture=neutral, PublicKeyToken=b28c218413bdf563
AppDomainName : /LM/W3SVC/1/ROOT-1-134021795514032528
ThreadIdentity : Anonymous
WindowsIdentity : IIS APPPOOL\INTRANET_NOTCOMP
Requested URL : http://localhost/Sitefinity/Login?ReturnUrl=http%3a%2f%2flocalhost%2fsitefinity


Category: ErrorLog

Priority: 0

EventId: 90030

Severity: Error

Title:Enterprise Library Exception Handling

Machine: PCIR-DESARR04

App Domain: /LM/W3SVC/1/ROOT-1-134021795514032528

ProcessId: 45928

Process Name: c:\windows\system32\inetsrv\w3wp.exe

Thread Name: 

Win32 ThreadId:10944

Extended Properties: 
----------------------------------------
