----------------------------------------
ActivityId: 00000000-0000-0000-0000-000000000000

Timestamp: 1/9/2025 21:20:16

Message: HandlingInstanceID: 6e6e0d7c-80db-45a6-82ef-3eaace5a4235
An exception of type 'System.DirectoryServices.Protocols.LdapException' occurred and was caught.
------------------------------------------------------------------------------------------------
09/01/2025 16:20:16
Type : System.DirectoryServices.Protocols.LdapException, System.DirectoryServices.Protocols, Version=4.0.0.0, Culture=neutral, PublicKeyToken=b03f5f7f11d50a3a
Message : ‹‹‹The LDAP server is unavailable.›››
Source : System.DirectoryServices.Protocols
Help link : 
ErrorCode : ‹‹‹81›››
ServerErrorMessage : 
PartialResults : ‹‹‹System.DirectoryServices.Protocols.PartialResultsCollection›››
Data : ‹‹‹System.Collections.ListDictionaryInternal›››
TargetSite : ‹‹‹Void Connect()›››
HResult : ‹‹‹-2146233088›››
Stack Trace :    at System.DirectoryServices.Protocols.LdapConnection.Connect()
   at System.DirectoryServices.Protocols.LdapConnection.SendRequestHelper(DirectoryRequest request, Int32& messageID)
   at System.DirectoryServices.Protocols.LdapConnection.SendRequest(DirectoryRequest request, TimeSpan requestTimeout)
   at Telerik.Sitefinity.Security.Ldap.LdapFacade.Search(LdapQuery query, String rootDN, Int32 pageSize)

Additional Info:

MachineName : PCIR-DESARR04
TimeStamp : 1/9/2025 21:20:16
FullName : Telerik.Sitefinity.Utilities, Version=15.3.8522.0, Culture=neutral, PublicKeyToken=b28c218413bdf563
AppDomainName : /LM/W3SVC/2/ROOT-1-134012351387506358
ThreadIdentity : system
WindowsIdentity : IIS APPPOOL\intranet
Requested URL : http://localhost:8081/


Category: ErrorLog

Priority: 0

EventId: 90030

Severity: Error

Title:Enterprise Library Exception Handling

Machine: PCIR-DESARR04

App Domain: /LM/W3SVC/2/ROOT-1-134012351387506358

ProcessId: 25224

Process Name: c:\windows\system32\inetsrv\w3wp.exe

Thread Name: BackgroundTasksService-Thread-2

Win32 ThreadId:22636

Extended Properties: 
----------------------------------------
----------------------------------------
ActivityId: 00000000-0000-0000-0000-000000000000

Timestamp: 1/9/2025 21:45:38

Message: HandlingInstanceID: 225a7133-789d-4d81-893b-99fed19ec02b
An exception of type 'System.DirectoryServices.Protocols.LdapException' occurred and was caught.
------------------------------------------------------------------------------------------------
09/01/2025 16:45:38
Type : System.DirectoryServices.Protocols.LdapException, System.DirectoryServices.Protocols, Version=4.0.0.0, Culture=neutral, PublicKeyToken=b03f5f7f11d50a3a
Message : ‹‹‹The LDAP server is unavailable.›››
Source : System.DirectoryServices.Protocols
Help link : 
ErrorCode : ‹‹‹81›››
ServerErrorMessage : 
PartialResults : ‹‹‹System.DirectoryServices.Protocols.PartialResultsCollection›››
Data : ‹‹‹System.Collections.ListDictionaryInternal›››
TargetSite : ‹‹‹Void Connect()›››
HResult : ‹‹‹-2146233088›››
Stack Trace :    at System.DirectoryServices.Protocols.LdapConnection.Connect()
   at System.DirectoryServices.Protocols.LdapConnection.SendRequestHelper(DirectoryRequest request, Int32& messageID)
   at System.DirectoryServices.Protocols.LdapConnection.SendRequest(DirectoryRequest request, TimeSpan requestTimeout)
   at Telerik.Sitefinity.Security.Ldap.LdapFacade.Search(LdapQuery query, String rootDN, Int32 pageSize)

Additional Info:

MachineName : PCIR-DESARR04
TimeStamp : 1/9/2025 21:45:38
FullName : Telerik.Sitefinity.Utilities, Version=15.3.8522.0, Culture=neutral, PublicKeyToken=b28c218413bdf563
AppDomainName : /LM/W3SVC/2/ROOT-1-134012366924803097
ThreadIdentity : system
WindowsIdentity : IIS APPPOOL\intranet
Requested URL : http://localhost:8081/


Category: ErrorLog

Priority: 0

EventId: 90030

Severity: Error

Title:Enterprise Library Exception Handling

Machine: PCIR-DESARR04

App Domain: /LM/W3SVC/2/ROOT-1-134012366924803097

ProcessId: 12300

Process Name: c:\windows\system32\inetsrv\w3wp.exe

Thread Name: BackgroundTasksService-Thread-2

Win32 ThreadId:6296

Extended Properties: 
----------------------------------------
----------------------------------------
ActivityId: f24a6533-91e5-4d34-8946-acdf697c6050

Timestamp: 01/09/2025 21:50:00

Message: HandlingInstanceID: 82b47f62-8b38-4867-b560-600d5158bdb9
An exception of type 'System.DirectoryServices.Protocols.LdapException' occurred and was caught.
------------------------------------------------------------------------------------------------
09/01/2025 16:50:00
Type : System.DirectoryServices.Protocols.LdapException, System.DirectoryServices.Protocols, Version=4.0.0.0, Culture=neutral, PublicKeyToken=b03f5f7f11d50a3a
Message : ‹‹‹The LDAP server is unavailable.›››
Source : System.DirectoryServices.Protocols
Help link : 
ErrorCode : ‹‹‹81›››
ServerErrorMessage : 
PartialResults : ‹‹‹System.DirectoryServices.Protocols.PartialResultsCollection›››
Data : ‹‹‹System.Collections.ListDictionaryInternal›››
TargetSite : ‹‹‹Void Connect()›››
HResult : ‹‹‹-2146233088›››
Stack Trace :    en System.DirectoryServices.Protocols.LdapConnection.Connect()
   en System.DirectoryServices.Protocols.LdapConnection.SendRequestHelper(DirectoryRequest request, Int32& messageID)
   en System.DirectoryServices.Protocols.LdapConnection.SendRequest(DirectoryRequest request, TimeSpan requestTimeout)
   en Telerik.Sitefinity.Security.Ldap.LdapFacade.Search(LdapQuery query, String rootDN, Int32 pageSize)

Additional Info:

MachineName : PCIR-DESARR04
TimeStamp : 01/09/2025 21:50:00
FullName : Telerik.Sitefinity.Utilities, Version=15.3.8522.0, Culture=neutral, PublicKeyToken=b28c218413bdf563
AppDomainName : /LM/W3SVC/2/ROOT-1-134012366924803097
ThreadIdentity : walter.villamar@iroute.com.ec
WindowsIdentity : IIS APPPOOL\intranet
Requested URL : http://localhost:8081/sf/system/Default.GetDashboardEntries()?sf_site=34edd400-a77f-4551-84df-04d56c225848&%24skip=0&%24top=5


Category: ErrorLog

Priority: 0

EventId: 90030

Severity: Error

Title:Enterprise Library Exception Handling

Machine: PCIR-DESARR04

App Domain: /LM/W3SVC/2/ROOT-1-134012366924803097

ProcessId: 12300

Process Name: c:\windows\system32\inetsrv\w3wp.exe

Thread Name: 

Win32 ThreadId:24868

Extended Properties: 
----------------------------------------
----------------------------------------
ActivityId: f24a6533-91e5-4d34-8946-acdf697c6050

Timestamp: 01/09/2025 21:50:00

Message: HandlingInstanceID: 734c4008-bc7d-49b3-b180-a50e8220967f
An exception of type 'System.ApplicationException' occurred and was caught.
---------------------------------------------------------------------------
09/01/2025 16:50:00
Type : System.ApplicationException, mscorlib, Version=4.0.0.0, Culture=neutral, PublicKeyToken=b77a5c561934e089
Message : ‹‹‹Role 'SitefinityAdmin' not found in provider 'LdapRoles'›››
Source : Telerik.Sitefinity
Help link : 
Data : ‹‹‹System.Collections.ListDictionaryInternal›››
TargetSite : ‹‹‹System.Guid GetRoleId(System.String, System.String)›››
HResult : ‹‹‹-2146232832›››
Stack Trace :    en Telerik.Sitefinity.Security.SecurityManager.GetRoleId(String roleProviderName, String roleName)
   en Telerik.Sitefinity.Security.SecurityManager.BuildAdminRoles()

Additional Info:

MachineName : PCIR-DESARR04
TimeStamp : 01/09/2025 21:50:00
FullName : Telerik.Sitefinity.Utilities, Version=15.3.8522.0, Culture=neutral, PublicKeyToken=b28c218413bdf563
AppDomainName : /LM/W3SVC/2/ROOT-1-134012366924803097
ThreadIdentity : walter.villamar@iroute.com.ec
WindowsIdentity : IIS APPPOOL\intranet
Requested URL : http://localhost:8081/sf/system/Default.GetDashboardEntries()?sf_site=34edd400-a77f-4551-84df-04d56c225848&%24skip=0&%24top=5


Category: ErrorLog

Priority: 0

EventId: 9010

Severity: Warning

Title:Enterprise Library Exception Handling

Machine: PCIR-DESARR04

App Domain: /LM/W3SVC/2/ROOT-1-134012366924803097

ProcessId: 12300

Process Name: c:\windows\system32\inetsrv\w3wp.exe

Thread Name: 

Win32 ThreadId:24868

Extended Properties: 
----------------------------------------
----------------------------------------
ActivityId: 87d804ae-2a59-482b-ac45-c76dffdfe2c6

Timestamp: 1/9/2025 21:50:37

Message: ‹‹‹System.Web.HttpException (0x80004005): El servidor no puede anexar un encabezado después de enviar los encabezados HTTP.
   en System.Web.HttpHeaderCollection.SetHeader(String name, String value, Boolean replace)
   en Microsoft.Owin.Host.SystemWeb.CallHeaders.AspNetResponseHeaders.Set(String key, String[] values) en /_/src/Microsoft.Owin.Host.SystemWeb/CallHeaders/AspNetResponseHeaders.cs:línea 108
   en Microsoft.Owin.Infrastructure.ChunkingCookieManager.AppendResponseCookie(IOwinContext context, String key, String value, CookieOptions options) en /_/src/Microsoft.Owin/Infrastructure/ChunkingCookieManager.cs:línea 216
   en Telerik.Sitefinity.Authentication.Cookies.SitefinityCookieAuthenticationHandler.SetAuthCookie(AuthenticationTicket ticket, Boolean isPersistent, Nullable`1 expiresUtc)
   en Telerik.Sitefinity.Authentication.Cookies.SitefinityCookieAuthenticationHandler.<Renew>d__12.MoveNext()
--- Fin del seguimiento de la pila de la ubicación anterior donde se produjo la excepción ---
   en System.Runtime.ExceptionServices.ExceptionDispatchInfo.Throw()
   en System.Runtime.CompilerServices.TaskAwaiter.HandleNonSuccessAndDebuggerNotification(Task task)
   en Telerik.Sitefinity.Authentication.Cookies.SitefinityCookieAuthenticationHandler.<ApplyResponseGrantAsync>d__2.MoveNext()
--- Fin del seguimiento de la pila de la ubicación anterior donde se produjo la excepción ---
   en System.Runtime.ExceptionServices.ExceptionDispatchInfo.Throw()
   en System.Runtime.CompilerServices.TaskAwaiter.HandleNonSuccessAndDebuggerNotification(Task task)
   en Microsoft.Owin.Security.Infrastructure.AuthenticationHandler.<ApplyResponseCoreAsync>d__40.MoveNext() en /_/src/Microsoft.Owin.Security/Infrastructure/AuthenticationHandler.cs:línea 179
--- Fin del seguimiento de la pila de la ubicación anterior donde se produjo la excepción ---
   en System.Runtime.ExceptionServices.ExceptionDispatchInfo.Throw()
   en System.Runtime.CompilerServices.TaskAwaiter.HandleNonSuccessAndDebuggerNotification(Task task)
   en Microsoft.Owin.Security.Infrastructure.AuthenticationHandler.<ApplyResponseAsync>d__39.MoveNext() en /_/src/Microsoft.Owin.Security/Infrastructure/AuthenticationHandler.cs:línea 167
--- Fin del seguimiento de la pila de la ubicación anterior donde se produjo la excepción ---
   en System.Runtime.ExceptionServices.ExceptionDispatchInfo.Throw()
   en System.Runtime.CompilerServices.TaskAwaiter.HandleNonSuccessAndDebuggerNotification(Task task)
   en Microsoft.Owin.Security.Infrastructure.AuthenticationHandler.<TeardownAsync>d__34.MoveNext() en /_/src/Microsoft.Owin.Security/Infrastructure/AuthenticationHandler.cs:línea 96
--- Fin del seguimiento de la pila de la ubicación anterior donde se produjo la excepción ---
   en System.Runtime.ExceptionServices.ExceptionDispatchInfo.Throw()
   en System.Runtime.CompilerServices.TaskAwaiter.HandleNonSuccessAndDebuggerNotification(Task task)
   en Microsoft.Owin.Security.Infrastructure.AuthenticationMiddleware`1.<Invoke>d__5.MoveNext() en /_/src/Microsoft.Owin.Security/Infrastructure/AuthenticationMiddleware.cs:línea 32
--- Fin del seguimiento de la pila de la ubicación anterior donde se produjo la excepción ---
   en System.Runtime.ExceptionServices.ExceptionDispatchInfo.Throw()
   en System.Runtime.CompilerServices.TaskAwaiter.HandleNonSuccessAndDebuggerNotification(Task task)
   en Telerik.Sitefinity.Authentication.Infrastructure.Owin.Cookies.Cookies.CookieSaverMiddleware.<Invoke>d__1.MoveNext()
--- Fin del seguimiento de la pila de la ubicación anterior donde se produjo la excepción ---
   en System.Runtime.ExceptionServices.ExceptionDispatchInfo.Throw()
   en System.Runtime.CompilerServices.TaskAwaiter.HandleNonSuccessAndDebuggerNotification(Task task)
   en Telerik.Sitefinity.Authentication.Infrastructure.AnonymousUserMiddleware.<Invoke>d__1.MoveNext()
--- Fin del seguimiento de la pila de la ubicación anterior donde se produjo la excepción ---
   en System.Runtime.ExceptionServices.ExceptionDispatchInfo.Throw()
   en System.Runtime.CompilerServices.TaskAwaiter.HandleNonSuccessAndDebuggerNotification(Task task)
   en Telerik.Sitefinity.Authentication.Infrastructure.SitefinityAuthenticationMiddleware.<Invoke>d__1.MoveNext()
--- Fin del seguimiento de la pila de la ubicación anterior donde se produjo la excepción ---
   en System.Runtime.ExceptionServices.ExceptionDispatchInfo.Throw()
   en System.Runtime.CompilerServices.TaskAwaiter.HandleNonSuccessAndDebuggerNotification(Task task)
   en Telerik.Sitefinity.Owin.AccessControlMiddleware.<Invoke>d__1.MoveNext()
--- Fin del seguimiento de la pila de la ubicación anterior donde se produjo la excepción ---
   en System.Runtime.ExceptionServices.ExceptionDispatchInfo.Throw()
   en System.Runtime.CompilerServices.TaskAwaiter.HandleNonSuccessAndDebuggerNotification(Task task)
   en Telerik.Sitefinity.Owin.Extensions.SslOffloaderMiddleware.<Invoke>d__1.MoveNext()
--- Fin del seguimiento de la pila de la ubicación anterior donde se produjo la excepción ---
   en System.Runtime.ExceptionServices.ExceptionDispatchInfo.Throw()
   en System.Runtime.CompilerServices.TaskAwaiter.HandleNonSuccessAndDebuggerNotification(Task task)
   en Telerik.Sitefinity.Owin.HttpsRedirectMiddleware.<Invoke>d__1.MoveNext()
--- Fin del seguimiento de la pila de la ubicación anterior donde se produjo la excepción ---
   en System.Runtime.ExceptionServices.ExceptionDispatchInfo.Throw()
   en System.Runtime.CompilerServices.TaskAwaiter.HandleNonSuccessAndDebuggerNotification(Task task)
   en Telerik.Sitefinity.Owin.Extensions.GlobalExceptionMiddleware.<Invoke>d__1.MoveNext()›››

Category: ErrorLog

Priority: -1

EventId: 1

Severity: Information

Title:

Machine: PCIR-DESARR04

App Domain: /LM/W3SVC/2/ROOT-1-134012366924803097

ProcessId: 12300

Process Name: c:\windows\system32\inetsrv\w3wp.exe

Thread Name: 

Win32 ThreadId:10232

Extended Properties: 
----------------------------------------
----------------------------------------
ActivityId: 53084303-2120-40fd-b4ad-168f176c5799

Timestamp: 1/9/2025 21:50:37

Message: ‹‹‹System.Web.HttpException (0x80004005): El servidor no puede anexar un encabezado después de enviar los encabezados HTTP.
   en System.Web.HttpHeaderCollection.SetHeader(String name, String value, Boolean replace)
   en Microsoft.Owin.Host.SystemWeb.CallHeaders.AspNetResponseHeaders.Set(String key, String[] values) en /_/src/Microsoft.Owin.Host.SystemWeb/CallHeaders/AspNetResponseHeaders.cs:línea 108
   en Microsoft.Owin.Infrastructure.ChunkingCookieManager.AppendResponseCookie(IOwinContext context, String key, String value, CookieOptions options) en /_/src/Microsoft.Owin/Infrastructure/ChunkingCookieManager.cs:línea 216
   en Telerik.Sitefinity.Authentication.Cookies.SitefinityCookieAuthenticationHandler.SetAuthCookie(AuthenticationTicket ticket, Boolean isPersistent, Nullable`1 expiresUtc)
   en Telerik.Sitefinity.Authentication.Cookies.SitefinityCookieAuthenticationHandler.<Renew>d__12.MoveNext()
--- Fin del seguimiento de la pila de la ubicación anterior donde se produjo la excepción ---
   en System.Runtime.ExceptionServices.ExceptionDispatchInfo.Throw()
   en System.Runtime.CompilerServices.TaskAwaiter.HandleNonSuccessAndDebuggerNotification(Task task)
   en Telerik.Sitefinity.Authentication.Cookies.SitefinityCookieAuthenticationHandler.<ApplyResponseGrantAsync>d__2.MoveNext()
--- Fin del seguimiento de la pila de la ubicación anterior donde se produjo la excepción ---
   en System.Runtime.ExceptionServices.ExceptionDispatchInfo.Throw()
   en System.Runtime.CompilerServices.TaskAwaiter.HandleNonSuccessAndDebuggerNotification(Task task)
   en Microsoft.Owin.Security.Infrastructure.AuthenticationHandler.<ApplyResponseCoreAsync>d__40.MoveNext() en /_/src/Microsoft.Owin.Security/Infrastructure/AuthenticationHandler.cs:línea 179
--- Fin del seguimiento de la pila de la ubicación anterior donde se produjo la excepción ---
   en System.Runtime.ExceptionServices.ExceptionDispatchInfo.Throw()
   en System.Runtime.CompilerServices.TaskAwaiter.HandleNonSuccessAndDebuggerNotification(Task task)
   en Microsoft.Owin.Security.Infrastructure.AuthenticationHandler.<ApplyResponseAsync>d__39.MoveNext() en /_/src/Microsoft.Owin.Security/Infrastructure/AuthenticationHandler.cs:línea 167
--- Fin del seguimiento de la pila de la ubicación anterior donde se produjo la excepción ---
   en System.Runtime.ExceptionServices.ExceptionDispatchInfo.Throw()
   en System.Runtime.CompilerServices.TaskAwaiter.HandleNonSuccessAndDebuggerNotification(Task task)
   en Microsoft.Owin.Security.Infrastructure.AuthenticationHandler.<TeardownAsync>d__34.MoveNext() en /_/src/Microsoft.Owin.Security/Infrastructure/AuthenticationHandler.cs:línea 96
--- Fin del seguimiento de la pila de la ubicación anterior donde se produjo la excepción ---
   en System.Runtime.ExceptionServices.ExceptionDispatchInfo.Throw()
   en System.Runtime.CompilerServices.TaskAwaiter.HandleNonSuccessAndDebuggerNotification(Task task)
   en Microsoft.Owin.Security.Infrastructure.AuthenticationMiddleware`1.<Invoke>d__5.MoveNext() en /_/src/Microsoft.Owin.Security/Infrastructure/AuthenticationMiddleware.cs:línea 32
--- Fin del seguimiento de la pila de la ubicación anterior donde se produjo la excepción ---
   en System.Runtime.ExceptionServices.ExceptionDispatchInfo.Throw()
   en System.Runtime.CompilerServices.TaskAwaiter.HandleNonSuccessAndDebuggerNotification(Task task)
   en Telerik.Sitefinity.Authentication.Infrastructure.Owin.Cookies.Cookies.CookieSaverMiddleware.<Invoke>d__1.MoveNext()
--- Fin del seguimiento de la pila de la ubicación anterior donde se produjo la excepción ---
   en System.Runtime.ExceptionServices.ExceptionDispatchInfo.Throw()
   en System.Runtime.CompilerServices.TaskAwaiter.HandleNonSuccessAndDebuggerNotification(Task task)
   en Telerik.Sitefinity.Authentication.Infrastructure.AnonymousUserMiddleware.<Invoke>d__1.MoveNext()
--- Fin del seguimiento de la pila de la ubicación anterior donde se produjo la excepción ---
   en System.Runtime.ExceptionServices.ExceptionDispatchInfo.Throw()
   en System.Runtime.CompilerServices.TaskAwaiter.HandleNonSuccessAndDebuggerNotification(Task task)
   en Telerik.Sitefinity.Authentication.Infrastructure.SitefinityAuthenticationMiddleware.<Invoke>d__1.MoveNext()
--- Fin del seguimiento de la pila de la ubicación anterior donde se produjo la excepción ---
   en System.Runtime.ExceptionServices.ExceptionDispatchInfo.Throw()
   en System.Runtime.CompilerServices.TaskAwaiter.HandleNonSuccessAndDebuggerNotification(Task task)
   en Telerik.Sitefinity.Owin.AccessControlMiddleware.<Invoke>d__1.MoveNext()
--- Fin del seguimiento de la pila de la ubicación anterior donde se produjo la excepción ---
   en System.Runtime.ExceptionServices.ExceptionDispatchInfo.Throw()
   en System.Runtime.CompilerServices.TaskAwaiter.HandleNonSuccessAndDebuggerNotification(Task task)
   en Telerik.Sitefinity.Owin.Extensions.SslOffloaderMiddleware.<Invoke>d__1.MoveNext()
--- Fin del seguimiento de la pila de la ubicación anterior donde se produjo la excepción ---
   en System.Runtime.ExceptionServices.ExceptionDispatchInfo.Throw()
   en System.Runtime.CompilerServices.TaskAwaiter.HandleNonSuccessAndDebuggerNotification(Task task)
   en Telerik.Sitefinity.Owin.HttpsRedirectMiddleware.<Invoke>d__1.MoveNext()
--- Fin del seguimiento de la pila de la ubicación anterior donde se produjo la excepción ---
   en System.Runtime.ExceptionServices.ExceptionDispatchInfo.Throw()
   en System.Runtime.CompilerServices.TaskAwaiter.HandleNonSuccessAndDebuggerNotification(Task task)
   en Telerik.Sitefinity.Owin.Extensions.GlobalExceptionMiddleware.<Invoke>d__1.MoveNext()›››

Category: ErrorLog

Priority: -1

EventId: 1

Severity: Information

Title:

Machine: PCIR-DESARR04

App Domain: /LM/W3SVC/2/ROOT-1-134012366924803097

ProcessId: 12300

Process Name: c:\windows\system32\inetsrv\w3wp.exe

Thread Name: 

Win32 ThreadId:25588

Extended Properties: 
----------------------------------------
----------------------------------------
ActivityId: 87d804ae-2a59-482b-ac45-c76dffdfe2c6

Timestamp: 9/1/2025 9:50:37 PM

Message: HandlingInstanceID: c6323566-853c-4906-b813-0e1840de6d8a
An exception of type 'System.Web.HttpException' occurred and was caught.
------------------------------------------------------------------------
09/01/2025 16:50:37
Type : System.Web.HttpException, System.Web, Version=4.0.0.0, Culture=neutral, PublicKeyToken=b03f5f7f11d50a3a
Message : ‹‹‹El servidor no puede anexar un encabezado después de enviar los encabezados HTTP.›››
Source : Telerik.Sitefinity
Help link : 
WebEventCode : ‹‹‹0›››
ErrorCode : ‹‹‹-2147467259›››
Data : ‹‹‹System.Collections.ListDictionaryInternal›››
TargetSite : ‹‹‹Void MoveNext()›››
HResult : ‹‹‹-2147467259›››
Stack Trace :    at Telerik.Sitefinity.Owin.Extensions.GlobalExceptionMiddleware.<Invoke>d__1.MoveNext()
--- End of stack trace from previous location where exception was thrown ---
   at System.Runtime.ExceptionServices.ExceptionDispatchInfo.Throw()
   at System.Runtime.CompilerServices.TaskAwaiter.HandleNonSuccessAndDebuggerNotification(Task task)
   at Telerik.Sitefinity.Owin.SitefinityMiddleware.<Invoke>d__1.MoveNext()
--- End of stack trace from previous location where exception was thrown ---
   at System.Runtime.ExceptionServices.ExceptionDispatchInfo.Throw()
   at System.Runtime.CompilerServices.TaskAwaiter.HandleNonSuccessAndDebuggerNotification(Task task)
   at Microsoft.Owin.Host.SystemWeb.IntegratedPipeline.IntegratedPipelineContextStage.<RunApp>d__7.MoveNext() in /_/src/Microsoft.Owin.Host.SystemWeb/IntegratedPipeline/IntegratedPipelineContextStage.cs:line 85
--- End of stack trace from previous location where exception was thrown ---
   at System.Runtime.ExceptionServices.ExceptionDispatchInfo.Throw()
   at System.Runtime.CompilerServices.TaskAwaiter.HandleNonSuccessAndDebuggerNotification(Task task)
   at Microsoft.Owin.Host.SystemWeb.IntegratedPipeline.IntegratedPipelineContext.<DoFinalWork>d__12.MoveNext() in /_/src/Microsoft.Owin.Host.SystemWeb/IntegratedPipeline/IntegratedPipelineContext.cs:line 153
--- End of stack trace from previous location where exception was thrown ---
   at System.Runtime.ExceptionServices.ExceptionDispatchInfo.Throw()
   at Microsoft.Owin.Host.SystemWeb.IntegratedPipeline.StageAsyncResult.End(IAsyncResult ar) in /_/src/Microsoft.Owin.Host.SystemWeb/IntegratedPipeline/StageAsyncResult.cs:line 76
   at System.Web.HttpApplication.AsyncEventExecutionStep.System.Web.HttpApplication.IExecutionStep.Execute()
   at System.Web.HttpApplication.ExecuteStepImpl(IExecutionStep step)
   at System.Web.HttpApplication.ExecuteStep(IExecutionStep step, Boolean& completedSynchronously)

Additional Info:

MachineName : PCIR-DESARR04
TimeStamp : 9/1/2025 9:50:37 PM
FullName : Telerik.Sitefinity.Utilities, Version=15.3.8522.0, Culture=neutral, PublicKeyToken=b28c218413bdf563
AppDomainName : /LM/W3SVC/2/ROOT-1-134012366924803097
ThreadIdentity : walter.villamar@iroute.com.ec
WindowsIdentity : IIS APPPOOL\intranet
Requested URL : http://localhost:8081/sl%C3%B1mel


Category: ErrorLog

Priority: 0

EventId: 90000

Severity: Error

Title:Enterprise Library Exception Handling

Machine: PCIR-DESARR04

App Domain: /LM/W3SVC/2/ROOT-1-134012366924803097

ProcessId: 12300

Process Name: c:\windows\system32\inetsrv\w3wp.exe

Thread Name: 

Win32 ThreadId:10232

Extended Properties: 
----------------------------------------
----------------------------------------
ActivityId: 53084303-2120-40fd-b4ad-168f176c5799

Timestamp: 9/1/2025 9:50:37 PM

Message: HandlingInstanceID: b4d0ce5c-9e66-408d-a1f5-bc257cf53363
An exception of type 'System.Web.HttpException' occurred and was caught.
------------------------------------------------------------------------
09/01/2025 16:50:37
Type : System.Web.HttpException, System.Web, Version=4.0.0.0, Culture=neutral, PublicKeyToken=b03f5f7f11d50a3a
Message : ‹‹‹El servidor no puede anexar un encabezado después de enviar los encabezados HTTP.›››
Source : Telerik.Sitefinity
Help link : 
WebEventCode : ‹‹‹0›››
ErrorCode : ‹‹‹-2147467259›››
Data : ‹‹‹System.Collections.ListDictionaryInternal›››
TargetSite : ‹‹‹Void MoveNext()›››
HResult : ‹‹‹-2147467259›››
Stack Trace :    at Telerik.Sitefinity.Owin.Extensions.GlobalExceptionMiddleware.<Invoke>d__1.MoveNext()
--- End of stack trace from previous location where exception was thrown ---
   at System.Runtime.ExceptionServices.ExceptionDispatchInfo.Throw()
   at System.Runtime.CompilerServices.TaskAwaiter.HandleNonSuccessAndDebuggerNotification(Task task)
   at Telerik.Sitefinity.Owin.SitefinityMiddleware.<Invoke>d__1.MoveNext()
--- End of stack trace from previous location where exception was thrown ---
   at System.Runtime.ExceptionServices.ExceptionDispatchInfo.Throw()
   at System.Runtime.CompilerServices.TaskAwaiter.HandleNonSuccessAndDebuggerNotification(Task task)
   at Microsoft.Owin.Host.SystemWeb.IntegratedPipeline.IntegratedPipelineContextStage.<RunApp>d__7.MoveNext() in /_/src/Microsoft.Owin.Host.SystemWeb/IntegratedPipeline/IntegratedPipelineContextStage.cs:line 85
--- End of stack trace from previous location where exception was thrown ---
   at System.Runtime.ExceptionServices.ExceptionDispatchInfo.Throw()
   at System.Runtime.CompilerServices.TaskAwaiter.HandleNonSuccessAndDebuggerNotification(Task task)
   at Microsoft.Owin.Host.SystemWeb.IntegratedPipeline.IntegratedPipelineContext.<DoFinalWork>d__12.MoveNext() in /_/src/Microsoft.Owin.Host.SystemWeb/IntegratedPipeline/IntegratedPipelineContext.cs:line 153
--- End of stack trace from previous location where exception was thrown ---
   at System.Runtime.ExceptionServices.ExceptionDispatchInfo.Throw()
   at Microsoft.Owin.Host.SystemWeb.IntegratedPipeline.StageAsyncResult.End(IAsyncResult ar) in /_/src/Microsoft.Owin.Host.SystemWeb/IntegratedPipeline/StageAsyncResult.cs:line 76
   at System.Web.HttpApplication.AsyncEventExecutionStep.System.Web.HttpApplication.IExecutionStep.Execute()
   at System.Web.HttpApplication.ExecuteStepImpl(IExecutionStep step)
   at System.Web.HttpApplication.ExecuteStep(IExecutionStep step, Boolean& completedSynchronously)

Additional Info:

MachineName : PCIR-DESARR04
TimeStamp : 9/1/2025 9:50:37 PM
FullName : Telerik.Sitefinity.Utilities, Version=15.3.8522.0, Culture=neutral, PublicKeyToken=b28c218413bdf563
AppDomainName : /LM/W3SVC/2/ROOT-1-134012366924803097
ThreadIdentity : walter.villamar@iroute.com.ec
WindowsIdentity : IIS APPPOOL\intranet
Requested URL : http://localhost:8081/sl%C3%B1mel


Category: ErrorLog

Priority: 0

EventId: 90000

Severity: Error

Title:Enterprise Library Exception Handling

Machine: PCIR-DESARR04

App Domain: /LM/W3SVC/2/ROOT-1-134012366924803097

ProcessId: 12300

Process Name: c:\windows\system32\inetsrv\w3wp.exe

Thread Name: 

Win32 ThreadId:25588

Extended Properties: 
----------------------------------------
----------------------------------------
ActivityId: 4f78162d-d8bf-4834-94b5-46764277c2c7

Timestamp: 1/9/2025 21:50:42

Message: ‹‹‹System.Web.HttpException (0x80004005): El servidor no puede anexar un encabezado después de enviar los encabezados HTTP.
   en System.Web.HttpHeaderCollection.SetHeader(String name, String value, Boolean replace)
   en Microsoft.Owin.Host.SystemWeb.CallHeaders.AspNetResponseHeaders.Set(String key, String[] values) en /_/src/Microsoft.Owin.Host.SystemWeb/CallHeaders/AspNetResponseHeaders.cs:línea 108
   en Microsoft.Owin.Infrastructure.ChunkingCookieManager.AppendResponseCookie(IOwinContext context, String key, String value, CookieOptions options) en /_/src/Microsoft.Owin/Infrastructure/ChunkingCookieManager.cs:línea 216
   en Telerik.Sitefinity.Authentication.Cookies.SitefinityCookieAuthenticationHandler.SetAuthCookie(AuthenticationTicket ticket, Boolean isPersistent, Nullable`1 expiresUtc)
   en Telerik.Sitefinity.Authentication.Cookies.SitefinityCookieAuthenticationHandler.<Renew>d__12.MoveNext()
--- Fin del seguimiento de la pila de la ubicación anterior donde se produjo la excepción ---
   en System.Runtime.ExceptionServices.ExceptionDispatchInfo.Throw()
   en System.Runtime.CompilerServices.TaskAwaiter.HandleNonSuccessAndDebuggerNotification(Task task)
   en Telerik.Sitefinity.Authentication.Cookies.SitefinityCookieAuthenticationHandler.<ApplyResponseGrantAsync>d__2.MoveNext()
--- Fin del seguimiento de la pila de la ubicación anterior donde se produjo la excepción ---
   en System.Runtime.ExceptionServices.ExceptionDispatchInfo.Throw()
   en System.Runtime.CompilerServices.TaskAwaiter.HandleNonSuccessAndDebuggerNotification(Task task)
   en Microsoft.Owin.Security.Infrastructure.AuthenticationHandler.<ApplyResponseCoreAsync>d__40.MoveNext() en /_/src/Microsoft.Owin.Security/Infrastructure/AuthenticationHandler.cs:línea 179
--- Fin del seguimiento de la pila de la ubicación anterior donde se produjo la excepción ---
   en System.Runtime.ExceptionServices.ExceptionDispatchInfo.Throw()
   en System.Runtime.CompilerServices.TaskAwaiter.HandleNonSuccessAndDebuggerNotification(Task task)
   en Microsoft.Owin.Security.Infrastructure.AuthenticationHandler.<ApplyResponseAsync>d__39.MoveNext() en /_/src/Microsoft.Owin.Security/Infrastructure/AuthenticationHandler.cs:línea 167
--- Fin del seguimiento de la pila de la ubicación anterior donde se produjo la excepción ---
   en System.Runtime.ExceptionServices.ExceptionDispatchInfo.Throw()
   en System.Runtime.CompilerServices.TaskAwaiter.HandleNonSuccessAndDebuggerNotification(Task task)
   en Microsoft.Owin.Security.Infrastructure.AuthenticationHandler.<TeardownAsync>d__34.MoveNext() en /_/src/Microsoft.Owin.Security/Infrastructure/AuthenticationHandler.cs:línea 96
--- Fin del seguimiento de la pila de la ubicación anterior donde se produjo la excepción ---
   en System.Runtime.ExceptionServices.ExceptionDispatchInfo.Throw()
   en System.Runtime.CompilerServices.TaskAwaiter.HandleNonSuccessAndDebuggerNotification(Task task)
   en Microsoft.Owin.Security.Infrastructure.AuthenticationMiddleware`1.<Invoke>d__5.MoveNext() en /_/src/Microsoft.Owin.Security/Infrastructure/AuthenticationMiddleware.cs:línea 32
--- Fin del seguimiento de la pila de la ubicación anterior donde se produjo la excepción ---
   en System.Runtime.ExceptionServices.ExceptionDispatchInfo.Throw()
   en System.Runtime.CompilerServices.TaskAwaiter.HandleNonSuccessAndDebuggerNotification(Task task)
   en Telerik.Sitefinity.Authentication.Infrastructure.Owin.Cookies.Cookies.CookieSaverMiddleware.<Invoke>d__1.MoveNext()
--- Fin del seguimiento de la pila de la ubicación anterior donde se produjo la excepción ---
   en System.Runtime.ExceptionServices.ExceptionDispatchInfo.Throw()
   en System.Runtime.CompilerServices.TaskAwaiter.HandleNonSuccessAndDebuggerNotification(Task task)
   en Telerik.Sitefinity.Authentication.Infrastructure.AnonymousUserMiddleware.<Invoke>d__1.MoveNext()
--- Fin del seguimiento de la pila de la ubicación anterior donde se produjo la excepción ---
   en System.Runtime.ExceptionServices.ExceptionDispatchInfo.Throw()
   en System.Runtime.CompilerServices.TaskAwaiter.HandleNonSuccessAndDebuggerNotification(Task task)
   en Telerik.Sitefinity.Authentication.Infrastructure.SitefinityAuthenticationMiddleware.<Invoke>d__1.MoveNext()
--- Fin del seguimiento de la pila de la ubicación anterior donde se produjo la excepción ---
   en System.Runtime.ExceptionServices.ExceptionDispatchInfo.Throw()
   en System.Runtime.CompilerServices.TaskAwaiter.HandleNonSuccessAndDebuggerNotification(Task task)
   en Telerik.Sitefinity.Owin.AccessControlMiddleware.<Invoke>d__1.MoveNext()
--- Fin del seguimiento de la pila de la ubicación anterior donde se produjo la excepción ---
   en System.Runtime.ExceptionServices.ExceptionDispatchInfo.Throw()
   en System.Runtime.CompilerServices.TaskAwaiter.HandleNonSuccessAndDebuggerNotification(Task task)
   en Telerik.Sitefinity.Owin.Extensions.SslOffloaderMiddleware.<Invoke>d__1.MoveNext()
--- Fin del seguimiento de la pila de la ubicación anterior donde se produjo la excepción ---
   en System.Runtime.ExceptionServices.ExceptionDispatchInfo.Throw()
   en System.Runtime.CompilerServices.TaskAwaiter.HandleNonSuccessAndDebuggerNotification(Task task)
   en Telerik.Sitefinity.Owin.HttpsRedirectMiddleware.<Invoke>d__1.MoveNext()
--- Fin del seguimiento de la pila de la ubicación anterior donde se produjo la excepción ---
   en System.Runtime.ExceptionServices.ExceptionDispatchInfo.Throw()
   en System.Runtime.CompilerServices.TaskAwaiter.HandleNonSuccessAndDebuggerNotification(Task task)
   en Telerik.Sitefinity.Owin.Extensions.GlobalExceptionMiddleware.<Invoke>d__1.MoveNext()›››

Category: ErrorLog

Priority: -1

EventId: 1

Severity: Information

Title:

Machine: PCIR-DESARR04

App Domain: /LM/W3SVC/2/ROOT-1-134012366924803097

ProcessId: 12300

Process Name: c:\windows\system32\inetsrv\w3wp.exe

Thread Name: 

Win32 ThreadId:20224

Extended Properties: 
----------------------------------------
----------------------------------------
ActivityId: 4f78162d-d8bf-4834-94b5-46764277c2c7

Timestamp: 9/1/2025 9:50:42 PM

Message: HandlingInstanceID: ceadeb03-5cf2-46a1-b59a-2bac1126e7b4
An exception of type 'System.Web.HttpException' occurred and was caught.
------------------------------------------------------------------------
09/01/2025 16:50:42
Type : System.Web.HttpException, System.Web, Version=4.0.0.0, Culture=neutral, PublicKeyToken=b03f5f7f11d50a3a
Message : ‹‹‹El servidor no puede anexar un encabezado después de enviar los encabezados HTTP.›››
Source : Telerik.Sitefinity
Help link : 
WebEventCode : ‹‹‹0›››
ErrorCode : ‹‹‹-2147467259›››
Data : ‹‹‹System.Collections.ListDictionaryInternal›››
TargetSite : ‹‹‹Void MoveNext()›››
HResult : ‹‹‹-2147467259›››
Stack Trace :    at Telerik.Sitefinity.Owin.Extensions.GlobalExceptionMiddleware.<Invoke>d__1.MoveNext()
--- End of stack trace from previous location where exception was thrown ---
   at System.Runtime.ExceptionServices.ExceptionDispatchInfo.Throw()
   at System.Runtime.CompilerServices.TaskAwaiter.HandleNonSuccessAndDebuggerNotification(Task task)
   at Telerik.Sitefinity.Owin.SitefinityMiddleware.<Invoke>d__1.MoveNext()
--- End of stack trace from previous location where exception was thrown ---
   at System.Runtime.ExceptionServices.ExceptionDispatchInfo.Throw()
   at System.Runtime.CompilerServices.TaskAwaiter.HandleNonSuccessAndDebuggerNotification(Task task)
   at Microsoft.Owin.Host.SystemWeb.IntegratedPipeline.IntegratedPipelineContextStage.<RunApp>d__7.MoveNext() in /_/src/Microsoft.Owin.Host.SystemWeb/IntegratedPipeline/IntegratedPipelineContextStage.cs:line 85
--- End of stack trace from previous location where exception was thrown ---
   at System.Runtime.ExceptionServices.ExceptionDispatchInfo.Throw()
   at System.Runtime.CompilerServices.TaskAwaiter.HandleNonSuccessAndDebuggerNotification(Task task)
   at Microsoft.Owin.Host.SystemWeb.IntegratedPipeline.IntegratedPipelineContext.<DoFinalWork>d__12.MoveNext() in /_/src/Microsoft.Owin.Host.SystemWeb/IntegratedPipeline/IntegratedPipelineContext.cs:line 153
--- End of stack trace from previous location where exception was thrown ---
   at System.Runtime.ExceptionServices.ExceptionDispatchInfo.Throw()
   at Microsoft.Owin.Host.SystemWeb.IntegratedPipeline.StageAsyncResult.End(IAsyncResult ar) in /_/src/Microsoft.Owin.Host.SystemWeb/IntegratedPipeline/StageAsyncResult.cs:line 76
   at System.Web.HttpApplication.AsyncEventExecutionStep.System.Web.HttpApplication.IExecutionStep.Execute()
   at System.Web.HttpApplication.ExecuteStepImpl(IExecutionStep step)
   at System.Web.HttpApplication.ExecuteStep(IExecutionStep step, Boolean& completedSynchronously)

Additional Info:

MachineName : PCIR-DESARR04
TimeStamp : 9/1/2025 9:50:42 PM
FullName : Telerik.Sitefinity.Utilities, Version=15.3.8522.0, Culture=neutral, PublicKeyToken=b28c218413bdf563
AppDomainName : /LM/W3SVC/2/ROOT-1-134012366924803097
ThreadIdentity : walter.villamar@iroute.com.ec
WindowsIdentity : IIS APPPOOL\intranet
Requested URL : http://localhost:8081/sl%C3%B1mel


Category: ErrorLog

Priority: 0

EventId: 90000

Severity: Error

Title:Enterprise Library Exception Handling

Machine: PCIR-DESARR04

App Domain: /LM/W3SVC/2/ROOT-1-134012366924803097

ProcessId: 12300

Process Name: c:\windows\system32\inetsrv\w3wp.exe

Thread Name: 

Win32 ThreadId:20224

Extended Properties: 
----------------------------------------
----------------------------------------
ActivityId: 71f4886b-8bc2-4d4a-93b6-cb140ffcc11c

Timestamp: 1/9/2025 21:50:42

Message: ‹‹‹System.Web.HttpException (0x80004005): El servidor no puede anexar un encabezado después de enviar los encabezados HTTP.
   en System.Web.HttpHeaderCollection.SetHeader(String name, String value, Boolean replace)
   en Microsoft.Owin.Host.SystemWeb.CallHeaders.AspNetResponseHeaders.Set(String key, String[] values) en /_/src/Microsoft.Owin.Host.SystemWeb/CallHeaders/AspNetResponseHeaders.cs:línea 108
   en Microsoft.Owin.Infrastructure.ChunkingCookieManager.AppendResponseCookie(IOwinContext context, String key, String value, CookieOptions options) en /_/src/Microsoft.Owin/Infrastructure/ChunkingCookieManager.cs:línea 216
   en Telerik.Sitefinity.Authentication.Cookies.SitefinityCookieAuthenticationHandler.SetAuthCookie(AuthenticationTicket ticket, Boolean isPersistent, Nullable`1 expiresUtc)
   en Telerik.Sitefinity.Authentication.Cookies.SitefinityCookieAuthenticationHandler.<Renew>d__12.MoveNext()
--- Fin del seguimiento de la pila de la ubicación anterior donde se produjo la excepción ---
   en System.Runtime.ExceptionServices.ExceptionDispatchInfo.Throw()
   en System.Runtime.CompilerServices.TaskAwaiter.HandleNonSuccessAndDebuggerNotification(Task task)
   en Telerik.Sitefinity.Authentication.Cookies.SitefinityCookieAuthenticationHandler.<ApplyResponseGrantAsync>d__2.MoveNext()
--- Fin del seguimiento de la pila de la ubicación anterior donde se produjo la excepción ---
   en System.Runtime.ExceptionServices.ExceptionDispatchInfo.Throw()
   en System.Runtime.CompilerServices.TaskAwaiter.HandleNonSuccessAndDebuggerNotification(Task task)
   en Microsoft.Owin.Security.Infrastructure.AuthenticationHandler.<ApplyResponseCoreAsync>d__40.MoveNext() en /_/src/Microsoft.Owin.Security/Infrastructure/AuthenticationHandler.cs:línea 179
--- Fin del seguimiento de la pila de la ubicación anterior donde se produjo la excepción ---
   en System.Runtime.ExceptionServices.ExceptionDispatchInfo.Throw()
   en System.Runtime.CompilerServices.TaskAwaiter.HandleNonSuccessAndDebuggerNotification(Task task)
   en Microsoft.Owin.Security.Infrastructure.AuthenticationHandler.<ApplyResponseAsync>d__39.MoveNext() en /_/src/Microsoft.Owin.Security/Infrastructure/AuthenticationHandler.cs:línea 167
--- Fin del seguimiento de la pila de la ubicación anterior donde se produjo la excepción ---
   en System.Runtime.ExceptionServices.ExceptionDispatchInfo.Throw()
   en System.Runtime.CompilerServices.TaskAwaiter.HandleNonSuccessAndDebuggerNotification(Task task)
   en Microsoft.Owin.Security.Infrastructure.AuthenticationHandler.<TeardownAsync>d__34.MoveNext() en /_/src/Microsoft.Owin.Security/Infrastructure/AuthenticationHandler.cs:línea 96
--- Fin del seguimiento de la pila de la ubicación anterior donde se produjo la excepción ---
   en System.Runtime.ExceptionServices.ExceptionDispatchInfo.Throw()
   en System.Runtime.CompilerServices.TaskAwaiter.HandleNonSuccessAndDebuggerNotification(Task task)
   en Microsoft.Owin.Security.Infrastructure.AuthenticationMiddleware`1.<Invoke>d__5.MoveNext() en /_/src/Microsoft.Owin.Security/Infrastructure/AuthenticationMiddleware.cs:línea 32
--- Fin del seguimiento de la pila de la ubicación anterior donde se produjo la excepción ---
   en System.Runtime.ExceptionServices.ExceptionDispatchInfo.Throw()
   en System.Runtime.CompilerServices.TaskAwaiter.HandleNonSuccessAndDebuggerNotification(Task task)
   en Telerik.Sitefinity.Authentication.Infrastructure.Owin.Cookies.Cookies.CookieSaverMiddleware.<Invoke>d__1.MoveNext()
--- Fin del seguimiento de la pila de la ubicación anterior donde se produjo la excepción ---
   en System.Runtime.ExceptionServices.ExceptionDispatchInfo.Throw()
   en System.Runtime.CompilerServices.TaskAwaiter.HandleNonSuccessAndDebuggerNotification(Task task)
   en Telerik.Sitefinity.Authentication.Infrastructure.AnonymousUserMiddleware.<Invoke>d__1.MoveNext()
--- Fin del seguimiento de la pila de la ubicación anterior donde se produjo la excepción ---
   en System.Runtime.ExceptionServices.ExceptionDispatchInfo.Throw()
   en System.Runtime.CompilerServices.TaskAwaiter.HandleNonSuccessAndDebuggerNotification(Task task)
   en Telerik.Sitefinity.Authentication.Infrastructure.SitefinityAuthenticationMiddleware.<Invoke>d__1.MoveNext()
--- Fin del seguimiento de la pila de la ubicación anterior donde se produjo la excepción ---
   en System.Runtime.ExceptionServices.ExceptionDispatchInfo.Throw()
   en System.Runtime.CompilerServices.TaskAwaiter.HandleNonSuccessAndDebuggerNotification(Task task)
   en Telerik.Sitefinity.Owin.AccessControlMiddleware.<Invoke>d__1.MoveNext()
--- Fin del seguimiento de la pila de la ubicación anterior donde se produjo la excepción ---
   en System.Runtime.ExceptionServices.ExceptionDispatchInfo.Throw()
   en System.Runtime.CompilerServices.TaskAwaiter.HandleNonSuccessAndDebuggerNotification(Task task)
   en Telerik.Sitefinity.Owin.Extensions.SslOffloaderMiddleware.<Invoke>d__1.MoveNext()
--- Fin del seguimiento de la pila de la ubicación anterior donde se produjo la excepción ---
   en System.Runtime.ExceptionServices.ExceptionDispatchInfo.Throw()
   en System.Runtime.CompilerServices.TaskAwaiter.HandleNonSuccessAndDebuggerNotification(Task task)
   en Telerik.Sitefinity.Owin.HttpsRedirectMiddleware.<Invoke>d__1.MoveNext()
--- Fin del seguimiento de la pila de la ubicación anterior donde se produjo la excepción ---
   en System.Runtime.ExceptionServices.ExceptionDispatchInfo.Throw()
   en System.Runtime.CompilerServices.TaskAwaiter.HandleNonSuccessAndDebuggerNotification(Task task)
   en Telerik.Sitefinity.Owin.Extensions.GlobalExceptionMiddleware.<Invoke>d__1.MoveNext()›››

Category: ErrorLog

Priority: -1

EventId: 1

Severity: Information

Title:

Machine: PCIR-DESARR04

App Domain: /LM/W3SVC/2/ROOT-1-134012366924803097

ProcessId: 12300

Process Name: c:\windows\system32\inetsrv\w3wp.exe

Thread Name: 

Win32 ThreadId:22088

Extended Properties: 
----------------------------------------
----------------------------------------
ActivityId: 71f4886b-8bc2-4d4a-93b6-cb140ffcc11c

Timestamp: 9/1/2025 9:50:42 PM

Message: HandlingInstanceID: ec15f860-14b5-43f5-a2af-5f63f408d958
An exception of type 'System.Web.HttpException' occurred and was caught.
------------------------------------------------------------------------
09/01/2025 16:50:42
Type : System.Web.HttpException, System.Web, Version=4.0.0.0, Culture=neutral, PublicKeyToken=b03f5f7f11d50a3a
Message : ‹‹‹El servidor no puede anexar un encabezado después de enviar los encabezados HTTP.›››
Source : Telerik.Sitefinity
Help link : 
WebEventCode : ‹‹‹0›››
ErrorCode : ‹‹‹-2147467259›››
Data : ‹‹‹System.Collections.ListDictionaryInternal›››
TargetSite : ‹‹‹Void MoveNext()›››
HResult : ‹‹‹-2147467259›››
Stack Trace :    at Telerik.Sitefinity.Owin.Extensions.GlobalExceptionMiddleware.<Invoke>d__1.MoveNext()
--- End of stack trace from previous location where exception was thrown ---
   at System.Runtime.ExceptionServices.ExceptionDispatchInfo.Throw()
   at System.Runtime.CompilerServices.TaskAwaiter.HandleNonSuccessAndDebuggerNotification(Task task)
   at Telerik.Sitefinity.Owin.SitefinityMiddleware.<Invoke>d__1.MoveNext()
--- End of stack trace from previous location where exception was thrown ---
   at System.Runtime.ExceptionServices.ExceptionDispatchInfo.Throw()
   at System.Runtime.CompilerServices.TaskAwaiter.HandleNonSuccessAndDebuggerNotification(Task task)
   at Microsoft.Owin.Host.SystemWeb.IntegratedPipeline.IntegratedPipelineContextStage.<RunApp>d__7.MoveNext() in /_/src/Microsoft.Owin.Host.SystemWeb/IntegratedPipeline/IntegratedPipelineContextStage.cs:line 85
--- End of stack trace from previous location where exception was thrown ---
   at System.Runtime.ExceptionServices.ExceptionDispatchInfo.Throw()
   at System.Runtime.CompilerServices.TaskAwaiter.HandleNonSuccessAndDebuggerNotification(Task task)
   at Microsoft.Owin.Host.SystemWeb.IntegratedPipeline.IntegratedPipelineContext.<DoFinalWork>d__12.MoveNext() in /_/src/Microsoft.Owin.Host.SystemWeb/IntegratedPipeline/IntegratedPipelineContext.cs:line 153
--- End of stack trace from previous location where exception was thrown ---
   at System.Runtime.ExceptionServices.ExceptionDispatchInfo.Throw()
   at Microsoft.Owin.Host.SystemWeb.IntegratedPipeline.StageAsyncResult.End(IAsyncResult ar) in /_/src/Microsoft.Owin.Host.SystemWeb/IntegratedPipeline/StageAsyncResult.cs:line 76
   at System.Web.HttpApplication.AsyncEventExecutionStep.System.Web.HttpApplication.IExecutionStep.Execute()
   at System.Web.HttpApplication.ExecuteStepImpl(IExecutionStep step)
   at System.Web.HttpApplication.ExecuteStep(IExecutionStep step, Boolean& completedSynchronously)

Additional Info:

MachineName : PCIR-DESARR04
TimeStamp : 9/1/2025 9:50:42 PM
FullName : Telerik.Sitefinity.Utilities, Version=15.3.8522.0, Culture=neutral, PublicKeyToken=b28c218413bdf563
AppDomainName : /LM/W3SVC/2/ROOT-1-134012366924803097
ThreadIdentity : walter.villamar@iroute.com.ec
WindowsIdentity : IIS APPPOOL\intranet
Requested URL : http://localhost:8081/sl%C3%B1mel


Category: ErrorLog

Priority: 0

EventId: 90000

Severity: Error

Title:Enterprise Library Exception Handling

Machine: PCIR-DESARR04

App Domain: /LM/W3SVC/2/ROOT-1-134012366924803097

ProcessId: 12300

Process Name: c:\windows\system32\inetsrv\w3wp.exe

Thread Name: 

Win32 ThreadId:22088

Extended Properties: 
----------------------------------------
----------------------------------------
ActivityId: 2a54d4ff-725f-434f-a1c2-48bc181537b0

Timestamp: 01/09/2025 21:50:49

Message: ‹‹‹System.Web.HttpException (0x80004005): El servidor no puede anexar un encabezado después de enviar los encabezados HTTP.
   en System.Web.HttpHeaderCollection.SetHeader(String name, String value, Boolean replace)
   en Microsoft.Owin.Host.SystemWeb.CallHeaders.AspNetResponseHeaders.Set(String key, String[] values) en /_/src/Microsoft.Owin.Host.SystemWeb/CallHeaders/AspNetResponseHeaders.cs:línea 108
   en Microsoft.Owin.Infrastructure.ChunkingCookieManager.AppendResponseCookie(IOwinContext context, String key, String value, CookieOptions options) en /_/src/Microsoft.Owin/Infrastructure/ChunkingCookieManager.cs:línea 216
   en Telerik.Sitefinity.Authentication.Cookies.SitefinityCookieAuthenticationHandler.SetAuthCookie(AuthenticationTicket ticket, Boolean isPersistent, Nullable`1 expiresUtc)
   en Telerik.Sitefinity.Authentication.Cookies.SitefinityCookieAuthenticationHandler.<Renew>d__12.MoveNext()
--- Fin del seguimiento de la pila de la ubicación anterior donde se produjo la excepción ---
   en System.Runtime.ExceptionServices.ExceptionDispatchInfo.Throw()
   en System.Runtime.CompilerServices.TaskAwaiter.HandleNonSuccessAndDebuggerNotification(Task task)
   en Telerik.Sitefinity.Authentication.Cookies.SitefinityCookieAuthenticationHandler.<ApplyResponseGrantAsync>d__2.MoveNext()
--- Fin del seguimiento de la pila de la ubicación anterior donde se produjo la excepción ---
   en System.Runtime.ExceptionServices.ExceptionDispatchInfo.Throw()
   en System.Runtime.CompilerServices.TaskAwaiter.HandleNonSuccessAndDebuggerNotification(Task task)
   en Microsoft.Owin.Security.Infrastructure.AuthenticationHandler.<ApplyResponseCoreAsync>d__40.MoveNext() en /_/src/Microsoft.Owin.Security/Infrastructure/AuthenticationHandler.cs:línea 179
--- Fin del seguimiento de la pila de la ubicación anterior donde se produjo la excepción ---
   en System.Runtime.ExceptionServices.ExceptionDispatchInfo.Throw()
   en System.Runtime.CompilerServices.TaskAwaiter.HandleNonSuccessAndDebuggerNotification(Task task)
   en Microsoft.Owin.Security.Infrastructure.AuthenticationHandler.<ApplyResponseAsync>d__39.MoveNext() en /_/src/Microsoft.Owin.Security/Infrastructure/AuthenticationHandler.cs:línea 167
--- Fin del seguimiento de la pila de la ubicación anterior donde se produjo la excepción ---
   en System.Runtime.ExceptionServices.ExceptionDispatchInfo.Throw()
   en System.Runtime.CompilerServices.TaskAwaiter.HandleNonSuccessAndDebuggerNotification(Task task)
   en Microsoft.Owin.Security.Infrastructure.AuthenticationHandler.<TeardownAsync>d__34.MoveNext() en /_/src/Microsoft.Owin.Security/Infrastructure/AuthenticationHandler.cs:línea 96
--- Fin del seguimiento de la pila de la ubicación anterior donde se produjo la excepción ---
   en System.Runtime.ExceptionServices.ExceptionDispatchInfo.Throw()
   en System.Runtime.CompilerServices.TaskAwaiter.HandleNonSuccessAndDebuggerNotification(Task task)
   en Microsoft.Owin.Security.Infrastructure.AuthenticationMiddleware`1.<Invoke>d__5.MoveNext() en /_/src/Microsoft.Owin.Security/Infrastructure/AuthenticationMiddleware.cs:línea 32
--- Fin del seguimiento de la pila de la ubicación anterior donde se produjo la excepción ---
   en System.Runtime.ExceptionServices.ExceptionDispatchInfo.Throw()
   en System.Runtime.CompilerServices.TaskAwaiter.HandleNonSuccessAndDebuggerNotification(Task task)
   en Telerik.Sitefinity.Authentication.Infrastructure.Owin.Cookies.Cookies.CookieSaverMiddleware.<Invoke>d__1.MoveNext()
--- Fin del seguimiento de la pila de la ubicación anterior donde se produjo la excepción ---
   en System.Runtime.ExceptionServices.ExceptionDispatchInfo.Throw()
   en System.Runtime.CompilerServices.TaskAwaiter.HandleNonSuccessAndDebuggerNotification(Task task)
   en Telerik.Sitefinity.Authentication.Infrastructure.AnonymousUserMiddleware.<Invoke>d__1.MoveNext()
--- Fin del seguimiento de la pila de la ubicación anterior donde se produjo la excepción ---
   en System.Runtime.ExceptionServices.ExceptionDispatchInfo.Throw()
   en System.Runtime.CompilerServices.TaskAwaiter.HandleNonSuccessAndDebuggerNotification(Task task)
   en Telerik.Sitefinity.Authentication.Infrastructure.SitefinityAuthenticationMiddleware.<Invoke>d__1.MoveNext()
--- Fin del seguimiento de la pila de la ubicación anterior donde se produjo la excepción ---
   en System.Runtime.ExceptionServices.ExceptionDispatchInfo.Throw()
   en System.Runtime.CompilerServices.TaskAwaiter.HandleNonSuccessAndDebuggerNotification(Task task)
   en Telerik.Sitefinity.Owin.AccessControlMiddleware.<Invoke>d__1.MoveNext()
--- Fin del seguimiento de la pila de la ubicación anterior donde se produjo la excepción ---
   en System.Runtime.ExceptionServices.ExceptionDispatchInfo.Throw()
   en System.Runtime.CompilerServices.TaskAwaiter.HandleNonSuccessAndDebuggerNotification(Task task)
   en Telerik.Sitefinity.Owin.Extensions.SslOffloaderMiddleware.<Invoke>d__1.MoveNext()
--- Fin del seguimiento de la pila de la ubicación anterior donde se produjo la excepción ---
   en System.Runtime.ExceptionServices.ExceptionDispatchInfo.Throw()
   en System.Runtime.CompilerServices.TaskAwaiter.HandleNonSuccessAndDebuggerNotification(Task task)
   en Telerik.Sitefinity.Owin.HttpsRedirectMiddleware.<Invoke>d__1.MoveNext()
--- Fin del seguimiento de la pila de la ubicación anterior donde se produjo la excepción ---
   en System.Runtime.ExceptionServices.ExceptionDispatchInfo.Throw()
   en System.Runtime.CompilerServices.TaskAwaiter.HandleNonSuccessAndDebuggerNotification(Task task)
   en Telerik.Sitefinity.Owin.Extensions.GlobalExceptionMiddleware.<Invoke>d__1.MoveNext()›››

Category: ErrorLog

Priority: -1

EventId: 1

Severity: Information

Title:

Machine: PCIR-DESARR04

App Domain: /LM/W3SVC/2/ROOT-1-134012366924803097

ProcessId: 12300

Process Name: c:\windows\system32\inetsrv\w3wp.exe

Thread Name: 

Win32 ThreadId:584

Extended Properties: 
----------------------------------------
----------------------------------------
ActivityId: 2a54d4ff-725f-434f-a1c2-48bc181537b0

Timestamp: 9/1/2025 9:50:49 PM

Message: HandlingInstanceID: 5a29717e-1af6-40ca-9fed-57e7232a9151
An exception of type 'System.Web.HttpException' occurred and was caught.
------------------------------------------------------------------------
09/01/2025 16:50:49
Type : System.Web.HttpException, System.Web, Version=4.0.0.0, Culture=neutral, PublicKeyToken=b03f5f7f11d50a3a
Message : ‹‹‹El servidor no puede anexar un encabezado después de enviar los encabezados HTTP.›››
Source : Telerik.Sitefinity
Help link : 
WebEventCode : ‹‹‹0›››
ErrorCode : ‹‹‹-2147467259›››
Data : ‹‹‹System.Collections.ListDictionaryInternal›››
TargetSite : ‹‹‹Void MoveNext()›››
HResult : ‹‹‹-2147467259›››
Stack Trace :    at Telerik.Sitefinity.Owin.Extensions.GlobalExceptionMiddleware.<Invoke>d__1.MoveNext()
--- End of stack trace from previous location where exception was thrown ---
   at System.Runtime.ExceptionServices.ExceptionDispatchInfo.Throw()
   at System.Runtime.CompilerServices.TaskAwaiter.HandleNonSuccessAndDebuggerNotification(Task task)
   at Telerik.Sitefinity.Owin.SitefinityMiddleware.<Invoke>d__1.MoveNext()
--- End of stack trace from previous location where exception was thrown ---
   at System.Runtime.ExceptionServices.ExceptionDispatchInfo.Throw()
   at System.Runtime.CompilerServices.TaskAwaiter.HandleNonSuccessAndDebuggerNotification(Task task)
   at Microsoft.Owin.Host.SystemWeb.IntegratedPipeline.IntegratedPipelineContextStage.<RunApp>d__7.MoveNext() in /_/src/Microsoft.Owin.Host.SystemWeb/IntegratedPipeline/IntegratedPipelineContextStage.cs:line 85
--- End of stack trace from previous location where exception was thrown ---
   at System.Runtime.ExceptionServices.ExceptionDispatchInfo.Throw()
   at System.Runtime.CompilerServices.TaskAwaiter.HandleNonSuccessAndDebuggerNotification(Task task)
   at Microsoft.Owin.Host.SystemWeb.IntegratedPipeline.IntegratedPipelineContext.<DoFinalWork>d__12.MoveNext() in /_/src/Microsoft.Owin.Host.SystemWeb/IntegratedPipeline/IntegratedPipelineContext.cs:line 153
--- End of stack trace from previous location where exception was thrown ---
   at System.Runtime.ExceptionServices.ExceptionDispatchInfo.Throw()
   at Microsoft.Owin.Host.SystemWeb.IntegratedPipeline.StageAsyncResult.End(IAsyncResult ar) in /_/src/Microsoft.Owin.Host.SystemWeb/IntegratedPipeline/StageAsyncResult.cs:line 76
   at System.Web.HttpApplication.AsyncEventExecutionStep.System.Web.HttpApplication.IExecutionStep.Execute()
   at System.Web.HttpApplication.ExecuteStepImpl(IExecutionStep step)
   at System.Web.HttpApplication.ExecuteStep(IExecutionStep step, Boolean& completedSynchronously)

Additional Info:

MachineName : PCIR-DESARR04
TimeStamp : 9/1/2025 9:50:49 PM
FullName : Telerik.Sitefinity.Utilities, Version=15.3.8522.0, Culture=neutral, PublicKeyToken=b28c218413bdf563
AppDomainName : /LM/W3SVC/2/ROOT-1-134012366924803097
ThreadIdentity : walter.villamar@iroute.com.ec
WindowsIdentity : IIS APPPOOL\intranet
Requested URL : http://localhost:8081/asmaskcnascm


Category: ErrorLog

Priority: 0

EventId: 90000

Severity: Error

Title:Enterprise Library Exception Handling

Machine: PCIR-DESARR04

App Domain: /LM/W3SVC/2/ROOT-1-134012366924803097

ProcessId: 12300

Process Name: c:\windows\system32\inetsrv\w3wp.exe

Thread Name: 

Win32 ThreadId:584

Extended Properties: 
----------------------------------------
----------------------------------------
ActivityId: 00000000-0000-0000-0000-000000000000

Timestamp: 1/9/2025 22:10:41

Message: HandlingInstanceID: 62991367-f162-4b23-a333-602f2ee728eb
An exception of type 'System.DirectoryServices.Protocols.LdapException' occurred and was caught.
------------------------------------------------------------------------------------------------
09/01/2025 17:10:41
Type : System.DirectoryServices.Protocols.LdapException, System.DirectoryServices.Protocols, Version=4.0.0.0, Culture=neutral, PublicKeyToken=b03f5f7f11d50a3a
Message : ‹‹‹The LDAP server is unavailable.›››
Source : System.DirectoryServices.Protocols
Help link : 
ErrorCode : ‹‹‹81›››
ServerErrorMessage : 
PartialResults : ‹‹‹System.DirectoryServices.Protocols.PartialResultsCollection›››
Data : ‹‹‹System.Collections.ListDictionaryInternal›››
TargetSite : ‹‹‹Void Connect()›››
HResult : ‹‹‹-2146233088›››
Stack Trace :    at System.DirectoryServices.Protocols.LdapConnection.Connect()
   at System.DirectoryServices.Protocols.LdapConnection.SendRequestHelper(DirectoryRequest request, Int32& messageID)
   at System.DirectoryServices.Protocols.LdapConnection.SendRequest(DirectoryRequest request, TimeSpan requestTimeout)
   at Telerik.Sitefinity.Security.Ldap.LdapFacade.Search(LdapQuery query, String rootDN, Int32 pageSize)

Additional Info:

MachineName : PCIR-DESARR04
TimeStamp : 1/9/2025 22:10:41
FullName : Telerik.Sitefinity.Utilities, Version=15.3.8522.0, Culture=neutral, PublicKeyToken=b28c218413bdf563
AppDomainName : /LM/W3SVC/2/ROOT-3-134012381921971161
ThreadIdentity : system
WindowsIdentity : IIS APPPOOL\intranet
Requested URL : http://localhost:8081/


Category: ErrorLog

Priority: 0

EventId: 90030

Severity: Error

Title:Enterprise Library Exception Handling

Machine: PCIR-DESARR04

App Domain: /LM/W3SVC/2/ROOT-3-134012381921971161

ProcessId: 12300

Process Name: c:\windows\system32\inetsrv\w3wp.exe

Thread Name: BackgroundTasksService-Thread-2

Win32 ThreadId:7068

Extended Properties: 
----------------------------------------
----------------------------------------
ActivityId: 00000000-0000-0000-0000-000000000000

Timestamp: 1/9/2025 22:11:31

Message: HandlingInstanceID: 399e8304-99df-4d6d-9306-a2a1cd8c0a55
An exception of type 'System.DirectoryServices.Protocols.LdapException' occurred and was caught.
------------------------------------------------------------------------------------------------
09/01/2025 17:11:31
Type : System.DirectoryServices.Protocols.LdapException, System.DirectoryServices.Protocols, Version=4.0.0.0, Culture=neutral, PublicKeyToken=b03f5f7f11d50a3a
Message : ‹‹‹The LDAP server is unavailable.›››
Source : System.DirectoryServices.Protocols
Help link : 
ErrorCode : ‹‹‹81›››
ServerErrorMessage : 
PartialResults : ‹‹‹System.DirectoryServices.Protocols.PartialResultsCollection›››
Data : ‹‹‹System.Collections.ListDictionaryInternal›››
TargetSite : ‹‹‹Void Connect()›››
HResult : ‹‹‹-2146233088›››
Stack Trace :    at System.DirectoryServices.Protocols.LdapConnection.Connect()
   at System.DirectoryServices.Protocols.LdapConnection.SendRequestHelper(DirectoryRequest request, Int32& messageID)
   at System.DirectoryServices.Protocols.LdapConnection.SendRequest(DirectoryRequest request, TimeSpan requestTimeout)
   at Telerik.Sitefinity.Security.Ldap.LdapFacade.Search(LdapQuery query, String rootDN, Int32 pageSize)

Additional Info:

MachineName : PCIR-DESARR04
TimeStamp : 1/9/2025 22:11:31
FullName : Telerik.Sitefinity.Utilities, Version=15.3.8522.0, Culture=neutral, PublicKeyToken=b28c218413bdf563
AppDomainName : /LM/W3SVC/2/ROOT-4-134012382425095893
ThreadIdentity : system
WindowsIdentity : IIS APPPOOL\intranet
Requested URL : http://localhost:8081/


Category: ErrorLog

Priority: 0

EventId: 90030

Severity: Error

Title:Enterprise Library Exception Handling

Machine: PCIR-DESARR04

App Domain: /LM/W3SVC/2/ROOT-4-134012382425095893

ProcessId: 12300

Process Name: c:\windows\system32\inetsrv\w3wp.exe

Thread Name: BackgroundTasksService-Thread-2

Win32 ThreadId:260

Extended Properties: 
----------------------------------------
----------------------------------------
ActivityId: 90cc1c74-771a-46f7-a05c-25d8ab657190

Timestamp: 01/09/2025 22:12:02

Message: HandlingInstanceID: 5922d198-6166-4b8a-89ff-3a94ca552ce9
An exception of type 'System.DirectoryServices.Protocols.LdapException' occurred and was caught.
------------------------------------------------------------------------------------------------
09/01/2025 17:12:02
Type : System.DirectoryServices.Protocols.LdapException, System.DirectoryServices.Protocols, Version=4.0.0.0, Culture=neutral, PublicKeyToken=b03f5f7f11d50a3a
Message : ‹‹‹The LDAP server is unavailable.›››
Source : System.DirectoryServices.Protocols
Help link : 
ErrorCode : ‹‹‹81›››
ServerErrorMessage : 
PartialResults : ‹‹‹System.DirectoryServices.Protocols.PartialResultsCollection›››
Data : ‹‹‹System.Collections.ListDictionaryInternal›››
TargetSite : ‹‹‹Void Connect()›››
HResult : ‹‹‹-2146233088›››
Stack Trace :    en System.DirectoryServices.Protocols.LdapConnection.Connect()
   en System.DirectoryServices.Protocols.LdapConnection.SendRequestHelper(DirectoryRequest request, Int32& messageID)
   en System.DirectoryServices.Protocols.LdapConnection.SendRequest(DirectoryRequest request, TimeSpan requestTimeout)
   en Telerik.Sitefinity.Security.Ldap.LdapFacade.Search(LdapQuery query, String rootDN, Int32 pageSize)

Additional Info:

MachineName : PCIR-DESARR04
TimeStamp : 01/09/2025 22:12:02
FullName : Telerik.Sitefinity.Utilities, Version=15.3.8522.0, Culture=neutral, PublicKeyToken=b28c218413bdf563
AppDomainName : /LM/W3SVC/2/ROOT-4-134012382425095893
ThreadIdentity : walter.villamar@iroute.com.ec
WindowsIdentity : IIS APPPOOL\intranet
Requested URL : http://localhost:8081/sf/system/Default.GetNotificationsCount(unreadOnly=true)


Category: ErrorLog

Priority: 0

EventId: 90030

Severity: Error

Title:Enterprise Library Exception Handling

Machine: PCIR-DESARR04

App Domain: /LM/W3SVC/2/ROOT-4-134012382425095893

ProcessId: 12300

Process Name: c:\windows\system32\inetsrv\w3wp.exe

Thread Name: 

Win32 ThreadId:26516

Extended Properties: 
----------------------------------------
----------------------------------------
ActivityId: 90cc1c74-771a-46f7-a05c-25d8ab657190

Timestamp: 01/09/2025 22:12:02

Message: HandlingInstanceID: f7a02238-fd5b-46aa-9a6c-0ee487187206
An exception of type 'System.ApplicationException' occurred and was caught.
---------------------------------------------------------------------------
09/01/2025 17:12:02
Type : System.ApplicationException, mscorlib, Version=4.0.0.0, Culture=neutral, PublicKeyToken=b77a5c561934e089
Message : ‹‹‹Role 'SitefinityAdmin' not found in provider 'LdapRoles'›››
Source : Telerik.Sitefinity
Help link : 
Data : ‹‹‹System.Collections.ListDictionaryInternal›››
TargetSite : ‹‹‹System.Guid GetRoleId(System.String, System.String)›››
HResult : ‹‹‹-2146232832›››
Stack Trace :    en Telerik.Sitefinity.Security.SecurityManager.GetRoleId(String roleProviderName, String roleName)
   en Telerik.Sitefinity.Security.SecurityManager.BuildAdminRoles()

Additional Info:

MachineName : PCIR-DESARR04
TimeStamp : 01/09/2025 22:12:02
FullName : Telerik.Sitefinity.Utilities, Version=15.3.8522.0, Culture=neutral, PublicKeyToken=b28c218413bdf563
AppDomainName : /LM/W3SVC/2/ROOT-4-134012382425095893
ThreadIdentity : walter.villamar@iroute.com.ec
WindowsIdentity : IIS APPPOOL\intranet
Requested URL : http://localhost:8081/sf/system/Default.GetNotificationsCount(unreadOnly=true)


Category: ErrorLog

Priority: 0

EventId: 9010

Severity: Warning

Title:Enterprise Library Exception Handling

Machine: PCIR-DESARR04

App Domain: /LM/W3SVC/2/ROOT-4-134012382425095893

ProcessId: 12300

Process Name: c:\windows\system32\inetsrv\w3wp.exe

Thread Name: 

Win32 ThreadId:26516

Extended Properties: 
----------------------------------------
----------------------------------------
ActivityId: 00000000-0000-0000-0000-000000000000

Timestamp: 1/9/2025 22:13:24

Message: HandlingInstanceID: 7d03e4be-98d2-41c1-a0df-32a457d14848
An exception of type 'System.DirectoryServices.Protocols.LdapException' occurred and was caught.
------------------------------------------------------------------------------------------------
09/01/2025 17:13:24
Type : System.DirectoryServices.Protocols.LdapException, System.DirectoryServices.Protocols, Version=4.0.0.0, Culture=neutral, PublicKeyToken=b03f5f7f11d50a3a
Message : ‹‹‹The LDAP server is unavailable.›››
Source : System.DirectoryServices.Protocols
Help link : 
ErrorCode : ‹‹‹81›››
ServerErrorMessage : 
PartialResults : ‹‹‹System.DirectoryServices.Protocols.PartialResultsCollection›››
Data : ‹‹‹System.Collections.ListDictionaryInternal›››
TargetSite : ‹‹‹Void Connect()›››
HResult : ‹‹‹-2146233088›››
Stack Trace :    at System.DirectoryServices.Protocols.LdapConnection.Connect()
   at System.DirectoryServices.Protocols.LdapConnection.SendRequestHelper(DirectoryRequest request, Int32& messageID)
   at System.DirectoryServices.Protocols.LdapConnection.SendRequest(DirectoryRequest request, TimeSpan requestTimeout)
   at Telerik.Sitefinity.Security.Ldap.LdapFacade.Search(LdapQuery query, String rootDN, Int32 pageSize)

Additional Info:

MachineName : PCIR-DESARR04
TimeStamp : 1/9/2025 22:13:24
FullName : Telerik.Sitefinity.Utilities, Version=15.3.8522.0, Culture=neutral, PublicKeyToken=b28c218413bdf563
AppDomainName : /LM/W3SVC/2/ROOT-5-134012383624438850
ThreadIdentity : system
WindowsIdentity : IIS APPPOOL\intranet
Requested URL : http://localhost:8081/


Category: ErrorLog

Priority: 0

EventId: 90030

Severity: Error

Title:Enterprise Library Exception Handling

Machine: PCIR-DESARR04

App Domain: /LM/W3SVC/2/ROOT-5-134012383624438850

ProcessId: 12300

Process Name: c:\windows\system32\inetsrv\w3wp.exe

Thread Name: BackgroundTasksService-Thread-2

Win32 ThreadId:21376

Extended Properties: 
----------------------------------------
----------------------------------------
ActivityId: 00000000-0000-0000-0000-000000000000

Timestamp: 1/9/2025 22:14:24

Message: HandlingInstanceID: 0440f814-5ab5-48fb-a034-e9960b8afb02
An exception of type 'System.DirectoryServices.Protocols.LdapException' occurred and was caught.
------------------------------------------------------------------------------------------------
09/01/2025 17:14:24
Type : System.DirectoryServices.Protocols.LdapException, System.DirectoryServices.Protocols, Version=4.0.0.0, Culture=neutral, PublicKeyToken=b03f5f7f11d50a3a
Message : ‹‹‹The LDAP server is unavailable.›››
Source : System.DirectoryServices.Protocols
Help link : 
ErrorCode : ‹‹‹81›››
ServerErrorMessage : 
PartialResults : ‹‹‹System.DirectoryServices.Protocols.PartialResultsCollection›››
Data : ‹‹‹System.Collections.ListDictionaryInternal›››
TargetSite : ‹‹‹Void Connect()›››
HResult : ‹‹‹-2146233088›››
Stack Trace :    at System.DirectoryServices.Protocols.LdapConnection.Connect()
   at System.DirectoryServices.Protocols.LdapConnection.SendRequestHelper(DirectoryRequest request, Int32& messageID)
   at System.DirectoryServices.Protocols.LdapConnection.SendRequest(DirectoryRequest request, TimeSpan requestTimeout)
   at Telerik.Sitefinity.Security.Ldap.LdapFacade.Search(LdapQuery query, String rootDN, Int32 pageSize)

Additional Info:

MachineName : PCIR-DESARR04
TimeStamp : 1/9/2025 22:14:24
FullName : Telerik.Sitefinity.Utilities, Version=15.3.8522.0, Culture=neutral, PublicKeyToken=b28c218413bdf563
AppDomainName : /LM/W3SVC/2/ROOT-6-134012384224972960
ThreadIdentity : system
WindowsIdentity : IIS APPPOOL\intranet
Requested URL : http://localhost:8081/


Category: ErrorLog

Priority: 0

EventId: 90030

Severity: Error

Title:Enterprise Library Exception Handling

Machine: PCIR-DESARR04

App Domain: /LM/W3SVC/2/ROOT-6-134012384224972960

ProcessId: 12300

Process Name: c:\windows\system32\inetsrv\w3wp.exe

Thread Name: BackgroundTasksService-Thread-2

Win32 ThreadId:22644

Extended Properties: 
----------------------------------------
----------------------------------------
ActivityId: 001ed614-df87-4c2e-9828-8f0ac574b03b

Timestamp: 01/09/2025 22:15:02

Message: HandlingInstanceID: d6664c59-7395-415b-9363-ac9408b4f0b2
An exception of type 'System.DirectoryServices.Protocols.LdapException' occurred and was caught.
------------------------------------------------------------------------------------------------
09/01/2025 17:15:02
Type : System.DirectoryServices.Protocols.LdapException, System.DirectoryServices.Protocols, Version=4.0.0.0, Culture=neutral, PublicKeyToken=b03f5f7f11d50a3a
Message : ‹‹‹The LDAP server is unavailable.›››
Source : System.DirectoryServices.Protocols
Help link : 
ErrorCode : ‹‹‹81›››
ServerErrorMessage : 
PartialResults : ‹‹‹System.DirectoryServices.Protocols.PartialResultsCollection›››
Data : ‹‹‹System.Collections.ListDictionaryInternal›››
TargetSite : ‹‹‹Void Connect()›››
HResult : ‹‹‹-2146233088›››
Stack Trace :    en System.DirectoryServices.Protocols.LdapConnection.Connect()
   en System.DirectoryServices.Protocols.LdapConnection.SendRequestHelper(DirectoryRequest request, Int32& messageID)
   en System.DirectoryServices.Protocols.LdapConnection.SendRequest(DirectoryRequest request, TimeSpan requestTimeout)
   en Telerik.Sitefinity.Security.Ldap.LdapFacade.Search(LdapQuery query, String rootDN, Int32 pageSize)

Additional Info:

MachineName : PCIR-DESARR04
TimeStamp : 01/09/2025 22:15:02
FullName : Telerik.Sitefinity.Utilities, Version=15.3.8522.0, Culture=neutral, PublicKeyToken=b28c218413bdf563
AppDomainName : /LM/W3SVC/2/ROOT-6-134012384224972960
ThreadIdentity : walter.villamar@iroute.com.ec
WindowsIdentity : IIS APPPOOL\intranet
Requested URL : http://localhost:8081/sf/system/Default.GetNotificationsCount(unreadOnly=true)


Category: ErrorLog

Priority: 0

EventId: 90030

Severity: Error

Title:Enterprise Library Exception Handling

Machine: PCIR-DESARR04

App Domain: /LM/W3SVC/2/ROOT-6-134012384224972960

ProcessId: 12300

Process Name: c:\windows\system32\inetsrv\w3wp.exe

Thread Name: 

Win32 ThreadId:26456

Extended Properties: 
----------------------------------------
----------------------------------------
ActivityId: 001ed614-df87-4c2e-9828-8f0ac574b03b

Timestamp: 01/09/2025 22:15:02

Message: HandlingInstanceID: 58a58c35-077f-4deb-9952-abc246b562b3
An exception of type 'System.ApplicationException' occurred and was caught.
---------------------------------------------------------------------------
09/01/2025 17:15:02
Type : System.ApplicationException, mscorlib, Version=4.0.0.0, Culture=neutral, PublicKeyToken=b77a5c561934e089
Message : ‹‹‹Role 'SitefinityAdmin' not found in provider 'LdapRoles'›››
Source : Telerik.Sitefinity
Help link : 
Data : ‹‹‹System.Collections.ListDictionaryInternal›››
TargetSite : ‹‹‹System.Guid GetRoleId(System.String, System.String)›››
HResult : ‹‹‹-2146232832›››
Stack Trace :    en Telerik.Sitefinity.Security.SecurityManager.GetRoleId(String roleProviderName, String roleName)
   en Telerik.Sitefinity.Security.SecurityManager.BuildAdminRoles()

Additional Info:

MachineName : PCIR-DESARR04
TimeStamp : 01/09/2025 22:15:02
FullName : Telerik.Sitefinity.Utilities, Version=15.3.8522.0, Culture=neutral, PublicKeyToken=b28c218413bdf563
AppDomainName : /LM/W3SVC/2/ROOT-6-134012384224972960
ThreadIdentity : walter.villamar@iroute.com.ec
WindowsIdentity : IIS APPPOOL\intranet
Requested URL : http://localhost:8081/sf/system/Default.GetNotificationsCount(unreadOnly=true)


Category: ErrorLog

Priority: 0

EventId: 9010

Severity: Warning

Title:Enterprise Library Exception Handling

Machine: PCIR-DESARR04

App Domain: /LM/W3SVC/2/ROOT-6-134012384224972960

ProcessId: 12300

Process Name: c:\windows\system32\inetsrv\w3wp.exe

Thread Name: 

Win32 ThreadId:26456

Extended Properties: 
----------------------------------------
----------------------------------------
ActivityId: 00000000-0000-0000-0000-000000000000

Timestamp: 1/9/2025 22:22:33

Message: HandlingInstanceID: ac4fd342-5b6f-4a43-b60a-e8d97aa6ebab
An exception of type 'System.DirectoryServices.Protocols.LdapException' occurred and was caught.
------------------------------------------------------------------------------------------------
09/01/2025 17:22:33
Type : System.DirectoryServices.Protocols.LdapException, System.DirectoryServices.Protocols, Version=4.0.0.0, Culture=neutral, PublicKeyToken=b03f5f7f11d50a3a
Message : ‹‹‹The LDAP server is unavailable.›››
Source : System.DirectoryServices.Protocols
Help link : 
ErrorCode : ‹‹‹81›››
ServerErrorMessage : 
PartialResults : ‹‹‹System.DirectoryServices.Protocols.PartialResultsCollection›››
Data : ‹‹‹System.Collections.ListDictionaryInternal›››
TargetSite : ‹‹‹Void Connect()›››
HResult : ‹‹‹-2146233088›››
Stack Trace :    at System.DirectoryServices.Protocols.LdapConnection.Connect()
   at System.DirectoryServices.Protocols.LdapConnection.SendRequestHelper(DirectoryRequest request, Int32& messageID)
   at System.DirectoryServices.Protocols.LdapConnection.SendRequest(DirectoryRequest request, TimeSpan requestTimeout)
   at Telerik.Sitefinity.Security.Ldap.LdapFacade.Search(LdapQuery query, String rootDN, Int32 pageSize)

Additional Info:

MachineName : PCIR-DESARR04
TimeStamp : 1/9/2025 22:22:33
FullName : Telerik.Sitefinity.Utilities, Version=15.3.8522.0, Culture=neutral, PublicKeyToken=b28c218413bdf563
AppDomainName : /LM/W3SVC/2/ROOT-7-134012389025097203
ThreadIdentity : system
WindowsIdentity : IIS APPPOOL\intranet
Requested URL : http://localhost:8081/


Category: ErrorLog

Priority: 0

EventId: 90030

Severity: Error

Title:Enterprise Library Exception Handling

Machine: PCIR-DESARR04

App Domain: /LM/W3SVC/2/ROOT-7-134012389025097203

ProcessId: 12300

Process Name: c:\windows\system32\inetsrv\w3wp.exe

Thread Name: BackgroundTasksService-Thread-2

Win32 ThreadId:17336

Extended Properties: 
----------------------------------------
----------------------------------------
ActivityId: 94c4e429-b40d-479d-bd2f-508ddc1f876d

Timestamp: 01/09/2025 22:23:02

Message: HandlingInstanceID: 0b63036a-bdc5-4295-8219-d8df8cdf1889
An exception of type 'System.DirectoryServices.Protocols.LdapException' occurred and was caught.
------------------------------------------------------------------------------------------------
09/01/2025 17:23:02
Type : System.DirectoryServices.Protocols.LdapException, System.DirectoryServices.Protocols, Version=4.0.0.0, Culture=neutral, PublicKeyToken=b03f5f7f11d50a3a
Message : ‹‹‹The LDAP server is unavailable.›››
Source : System.DirectoryServices.Protocols
Help link : 
ErrorCode : ‹‹‹81›››
ServerErrorMessage : 
PartialResults : ‹‹‹System.DirectoryServices.Protocols.PartialResultsCollection›››
Data : ‹‹‹System.Collections.ListDictionaryInternal›››
TargetSite : ‹‹‹Void Connect()›››
HResult : ‹‹‹-2146233088›››
Stack Trace :    en System.DirectoryServices.Protocols.LdapConnection.Connect()
   en System.DirectoryServices.Protocols.LdapConnection.SendRequestHelper(DirectoryRequest request, Int32& messageID)
   en System.DirectoryServices.Protocols.LdapConnection.SendRequest(DirectoryRequest request, TimeSpan requestTimeout)
   en Telerik.Sitefinity.Security.Ldap.LdapFacade.Search(LdapQuery query, String rootDN, Int32 pageSize)

Additional Info:

MachineName : PCIR-DESARR04
TimeStamp : 01/09/2025 22:23:02
FullName : Telerik.Sitefinity.Utilities, Version=15.3.8522.0, Culture=neutral, PublicKeyToken=b28c218413bdf563
AppDomainName : /LM/W3SVC/2/ROOT-7-134012389025097203
ThreadIdentity : walter.villamar@iroute.com.ec
WindowsIdentity : IIS APPPOOL\intranet
Requested URL : http://localhost:8081/sf/system/Default.GetNotificationsCount(unreadOnly=true)


Category: ErrorLog

Priority: 0

EventId: 90030

Severity: Error

Title:Enterprise Library Exception Handling

Machine: PCIR-DESARR04

App Domain: /LM/W3SVC/2/ROOT-7-134012389025097203

ProcessId: 12300

Process Name: c:\windows\system32\inetsrv\w3wp.exe

Thread Name: 

Win32 ThreadId:21292

Extended Properties: 
----------------------------------------
----------------------------------------
ActivityId: 94c4e429-b40d-479d-bd2f-508ddc1f876d

Timestamp: 01/09/2025 22:23:02

Message: HandlingInstanceID: 80d8205e-9ab7-4a46-af6d-bb68604c7f58
An exception of type 'System.ApplicationException' occurred and was caught.
---------------------------------------------------------------------------
09/01/2025 17:23:02
Type : System.ApplicationException, mscorlib, Version=4.0.0.0, Culture=neutral, PublicKeyToken=b77a5c561934e089
Message : ‹‹‹Role 'SitefinityAdmin' not found in provider 'LdapRoles'›››
Source : Telerik.Sitefinity
Help link : 
Data : ‹‹‹System.Collections.ListDictionaryInternal›››
TargetSite : ‹‹‹System.Guid GetRoleId(System.String, System.String)›››
HResult : ‹‹‹-2146232832›››
Stack Trace :    en Telerik.Sitefinity.Security.SecurityManager.GetRoleId(String roleProviderName, String roleName)
   en Telerik.Sitefinity.Security.SecurityManager.BuildAdminRoles()

Additional Info:

MachineName : PCIR-DESARR04
TimeStamp : 01/09/2025 22:23:02
FullName : Telerik.Sitefinity.Utilities, Version=15.3.8522.0, Culture=neutral, PublicKeyToken=b28c218413bdf563
AppDomainName : /LM/W3SVC/2/ROOT-7-134012389025097203
ThreadIdentity : walter.villamar@iroute.com.ec
WindowsIdentity : IIS APPPOOL\intranet
Requested URL : http://localhost:8081/sf/system/Default.GetNotificationsCount(unreadOnly=true)


Category: ErrorLog

Priority: 0

EventId: 9010

Severity: Warning

Title:Enterprise Library Exception Handling

Machine: PCIR-DESARR04

App Domain: /LM/W3SVC/2/ROOT-7-134012389025097203

ProcessId: 12300

Process Name: c:\windows\system32\inetsrv\w3wp.exe

Thread Name: 

Win32 ThreadId:21292

Extended Properties: 
----------------------------------------
----------------------------------------
ActivityId: 00000000-0000-0000-0000-000000000000

Timestamp: 2/9/2025 17:07:51

Message: HandlingInstanceID: 2b8d7e07-2e1a-4999-82fa-f45ad8169775
An exception of type 'System.DirectoryServices.Protocols.LdapException' occurred and was caught.
------------------------------------------------------------------------------------------------
09/02/2025 12:07:51
Type : System.DirectoryServices.Protocols.LdapException, System.DirectoryServices.Protocols, Version=4.0.0.0, Culture=neutral, PublicKeyToken=b03f5f7f11d50a3a
Message : ‹‹‹The LDAP server is unavailable.›››
Source : System.DirectoryServices.Protocols
Help link : 
ErrorCode : ‹‹‹81›››
ServerErrorMessage : 
PartialResults : ‹‹‹System.DirectoryServices.Protocols.PartialResultsCollection›››
Data : ‹‹‹System.Collections.ListDictionaryInternal›››
TargetSite : ‹‹‹Void Connect()›››
HResult : ‹‹‹-2146233088›››
Stack Trace :    at System.DirectoryServices.Protocols.LdapConnection.Connect()
   at System.DirectoryServices.Protocols.LdapConnection.SendRequestHelper(DirectoryRequest request, Int32& messageID)
   at System.DirectoryServices.Protocols.LdapConnection.SendRequest(DirectoryRequest request, TimeSpan requestTimeout)
   at Telerik.Sitefinity.Security.Ldap.LdapFacade.Search(LdapQuery query, String rootDN, Int32 pageSize)

Additional Info:

MachineName : PCIR-DESARR04
TimeStamp : 2/9/2025 17:07:51
FullName : Telerik.Sitefinity.Utilities, Version=15.3.8522.0, Culture=neutral, PublicKeyToken=b28c218413bdf563
AppDomainName : /LM/W3SVC/2/ROOT-1-134013063926888355
ThreadIdentity : system
WindowsIdentity : IIS APPPOOL\intranet
Requested URL : http://localhost:8081/


Category: ErrorLog

Priority: 0

EventId: 90030

Severity: Error

Title:Enterprise Library Exception Handling

Machine: PCIR-DESARR04

App Domain: /LM/W3SVC/2/ROOT-1-134013063926888355

ProcessId: 6296

Process Name: c:\windows\system32\inetsrv\w3wp.exe

Thread Name: BackgroundTasksService-Thread-2

Win32 ThreadId:23256

Extended Properties: 
----------------------------------------
----------------------------------------
ActivityId: 00000000-0000-0000-0000-000000000000

Timestamp: 2/9/2025 20:29:33

Message: HandlingInstanceID: 4dfcd5b0-c47b-4023-9538-c2047259f8e0
An exception of type 'System.DirectoryServices.Protocols.LdapException' occurred and was caught.
------------------------------------------------------------------------------------------------
09/02/2025 15:29:33
Type : System.DirectoryServices.Protocols.LdapException, System.DirectoryServices.Protocols, Version=4.0.0.0, Culture=neutral, PublicKeyToken=b03f5f7f11d50a3a
Message : ‹‹‹The LDAP server is unavailable.›››
Source : System.DirectoryServices.Protocols
Help link : 
ErrorCode : ‹‹‹81›››
ServerErrorMessage : 
PartialResults : ‹‹‹System.DirectoryServices.Protocols.PartialResultsCollection›››
Data : ‹‹‹System.Collections.ListDictionaryInternal›››
TargetSite : ‹‹‹Void Connect()›››
HResult : ‹‹‹-2146233088›››
Stack Trace :    at System.DirectoryServices.Protocols.LdapConnection.Connect()
   at System.DirectoryServices.Protocols.LdapConnection.SendRequestHelper(DirectoryRequest request, Int32& messageID)
   at System.DirectoryServices.Protocols.LdapConnection.SendRequest(DirectoryRequest request, TimeSpan requestTimeout)
   at Telerik.Sitefinity.Security.Ldap.LdapFacade.Search(LdapQuery query, String rootDN, Int32 pageSize)

Additional Info:

MachineName : PCIR-DESARR04
TimeStamp : 2/9/2025 20:29:33
FullName : Telerik.Sitefinity.Utilities, Version=15.3.8522.0, Culture=neutral, PublicKeyToken=b28c218413bdf563
AppDomainName : /LM/W3SVC/2/ROOT-1-134013185272283070
ThreadIdentity : system
WindowsIdentity : IIS APPPOOL\intranet
Requested URL : http://localhost:8081/


Category: ErrorLog

Priority: 0

EventId: 90030

Severity: Error

Title:Enterprise Library Exception Handling

Machine: PCIR-DESARR04

App Domain: /LM/W3SVC/2/ROOT-1-134013185272283070

ProcessId: 29060

Process Name: c:\windows\system32\inetsrv\w3wp.exe

Thread Name: BackgroundTasksService-Thread-2

Win32 ThreadId:12716

Extended Properties: 
----------------------------------------
----------------------------------------
ActivityId: 49e6e8a3-aac8-4674-8c28-c77ac8bf0e62

Timestamp: 9/2/2025 9:05:23 PM

Message: HandlingInstanceID: 3323624d-1cc3-4cb8-9f43-2cd68b8d0867
An exception of type 'System.DirectoryServices.Protocols.LdapException' occurred and was caught.
------------------------------------------------------------------------------------------------
09/02/2025 16:05:23
Type : System.DirectoryServices.Protocols.LdapException, System.DirectoryServices.Protocols, Version=4.0.0.0, Culture=neutral, PublicKeyToken=b03f5f7f11d50a3a
Message : ‹‹‹The LDAP server is unavailable.›››
Source : System.DirectoryServices.Protocols
Help link : 
ErrorCode : ‹‹‹81›››
ServerErrorMessage : 
PartialResults : ‹‹‹System.DirectoryServices.Protocols.PartialResultsCollection›››
Data : ‹‹‹System.Collections.ListDictionaryInternal›››
TargetSite : ‹‹‹Void Connect()›››
HResult : ‹‹‹-2146233088›››
Stack Trace :    at System.DirectoryServices.Protocols.LdapConnection.Connect()
   at System.DirectoryServices.Protocols.LdapConnection.SendRequestHelper(DirectoryRequest request, Int32& messageID)
   at System.DirectoryServices.Protocols.LdapConnection.SendRequest(DirectoryRequest request, TimeSpan requestTimeout)
   at Telerik.Sitefinity.Security.Ldap.LdapFacade.Search(LdapQuery query, String rootDN, Int32 pageSize)

Additional Info:

MachineName : PCIR-DESARR04
TimeStamp : 9/2/2025 9:05:23 PM
FullName : Telerik.Sitefinity.Utilities, Version=15.3.8522.0, Culture=neutral, PublicKeyToken=b28c218413bdf563
AppDomainName : /LM/W3SVC/2/ROOT-1-134013185272283070
ThreadIdentity : Anonymous
WindowsIdentity : IIS APPPOOL\intranet
Requested URL : http://localhost:8081/Sitefinity/Login?ReturnUrl=http%3a%2f%2flocalhost%3a8081%2fsitefinity


Category: ErrorLog

Priority: 0

EventId: 90030

Severity: Error

Title:Enterprise Library Exception Handling

Machine: PCIR-DESARR04

App Domain: /LM/W3SVC/2/ROOT-1-134013185272283070

ProcessId: 29060

Process Name: c:\windows\system32\inetsrv\w3wp.exe

Thread Name: 

Win32 ThreadId:23920

Extended Properties: 
----------------------------------------
----------------------------------------
ActivityId: 49e6e8a3-aac8-4674-8c28-c77ac8bf0e62

Timestamp: 9/2/2025 9:05:44 PM

Message: HandlingInstanceID: c550f9e8-088b-4cc3-bb88-781490ae2deb
An exception of type 'System.DirectoryServices.Protocols.LdapException' occurred and was caught.
------------------------------------------------------------------------------------------------
09/02/2025 16:05:44
Type : System.DirectoryServices.Protocols.LdapException, System.DirectoryServices.Protocols, Version=4.0.0.0, Culture=neutral, PublicKeyToken=b03f5f7f11d50a3a
Message : ‹‹‹The LDAP server returned an unknown error.›››
Source : System.DirectoryServices.Protocols
Help link : 
ErrorCode : ‹‹‹52›››
ServerErrorMessage : 
PartialResults : ‹‹‹System.DirectoryServices.Protocols.PartialResultsCollection›››
Data : ‹‹‹System.Collections.ListDictionaryInternal›››
TargetSite : ‹‹‹Void Connect()›››
HResult : ‹‹‹-2146233088›››
Stack Trace :    at System.DirectoryServices.Protocols.LdapConnection.Connect()
   at System.DirectoryServices.Protocols.LdapConnection.SendRequestHelper(DirectoryRequest request, Int32& messageID)
   at System.DirectoryServices.Protocols.LdapConnection.SendRequest(DirectoryRequest request, TimeSpan requestTimeout)
   at Telerik.Sitefinity.Security.Ldap.LdapFacade.Search(LdapQuery query, String rootDN, Int32 pageSize)

Additional Info:

MachineName : PCIR-DESARR04
TimeStamp : 9/2/2025 9:05:44 PM
FullName : Telerik.Sitefinity.Utilities, Version=15.3.8522.0, Culture=neutral, PublicKeyToken=b28c218413bdf563
AppDomainName : /LM/W3SVC/2/ROOT-1-134013185272283070
ThreadIdentity : Anonymous
WindowsIdentity : IIS APPPOOL\intranet
Requested URL : http://localhost:8081/Sitefinity/Login?ReturnUrl=http%3a%2f%2flocalhost%3a8081%2fsitefinity


Category: ErrorLog

Priority: 0

EventId: 90030

Severity: Error

Title:Enterprise Library Exception Handling

Machine: PCIR-DESARR04

App Domain: /LM/W3SVC/2/ROOT-1-134013185272283070

ProcessId: 29060

Process Name: c:\windows\system32\inetsrv\w3wp.exe

Thread Name: 

Win32 ThreadId:23920

Extended Properties: 
----------------------------------------
----------------------------------------
ActivityId: 49e6e8a3-aac8-4674-8c28-c77ac8bf0e62

Timestamp: 9/2/2025 9:05:44 PM

Message: HandlingInstanceID: 975e0021-ddf4-4e91-83d4-831e1af7d74a
An exception of type 'System.ApplicationException' occurred and was caught.
---------------------------------------------------------------------------
09/02/2025 16:05:44
Type : System.ApplicationException, mscorlib, Version=4.0.0.0, Culture=neutral, PublicKeyToken=b77a5c561934e089
Message : ‹‹‹Role 'SitefinityAdmin' not found in provider 'LdapRoles'›››
Source : Telerik.Sitefinity
Help link : 
Data : ‹‹‹System.Collections.ListDictionaryInternal›››
TargetSite : ‹‹‹System.Guid GetRoleId(System.String, System.String)›››
HResult : ‹‹‹-2146232832›››
Stack Trace :    at Telerik.Sitefinity.Security.SecurityManager.GetRoleId(String roleProviderName, String roleName)
   at Telerik.Sitefinity.Security.SecurityManager.BuildAdminRoles()

Additional Info:

MachineName : PCIR-DESARR04
TimeStamp : 9/2/2025 9:05:44 PM
FullName : Telerik.Sitefinity.Utilities, Version=15.3.8522.0, Culture=neutral, PublicKeyToken=b28c218413bdf563
AppDomainName : /LM/W3SVC/2/ROOT-1-134013185272283070
ThreadIdentity : Anonymous
WindowsIdentity : IIS APPPOOL\intranet
Requested URL : http://localhost:8081/Sitefinity/Login?ReturnUrl=http%3a%2f%2flocalhost%3a8081%2fsitefinity


Category: ErrorLog

Priority: 0

EventId: 9010

Severity: Warning

Title:Enterprise Library Exception Handling

Machine: PCIR-DESARR04

App Domain: /LM/W3SVC/2/ROOT-1-134013185272283070

ProcessId: 29060

Process Name: c:\windows\system32\inetsrv\w3wp.exe

Thread Name: 

Win32 ThreadId:23920

Extended Properties: 
----------------------------------------
----------------------------------------
ActivityId: 49e6e8a3-aac8-4674-8c28-c77ac8bf0e62

Timestamp: 9/2/2025 9:06:05 PM

Message: HandlingInstanceID: a9b6d627-7ab5-4247-8976-56063c89bd53
An exception of type 'System.DirectoryServices.Protocols.LdapException' occurred and was caught.
------------------------------------------------------------------------------------------------
09/02/2025 16:06:05
Type : System.DirectoryServices.Protocols.LdapException, System.DirectoryServices.Protocols, Version=4.0.0.0, Culture=neutral, PublicKeyToken=b03f5f7f11d50a3a
Message : ‹‹‹The LDAP server returned an unknown error.›››
Source : System.DirectoryServices.Protocols
Help link : 
ErrorCode : ‹‹‹52›››
ServerErrorMessage : 
PartialResults : ‹‹‹System.DirectoryServices.Protocols.PartialResultsCollection›››
Data : ‹‹‹System.Collections.ListDictionaryInternal›››
TargetSite : ‹‹‹Void Connect()›››
HResult : ‹‹‹-2146233088›››
Stack Trace :    at System.DirectoryServices.Protocols.LdapConnection.Connect()
   at System.DirectoryServices.Protocols.LdapConnection.SendRequestHelper(DirectoryRequest request, Int32& messageID)
   at System.DirectoryServices.Protocols.LdapConnection.SendRequest(DirectoryRequest request, TimeSpan requestTimeout)
   at Telerik.Sitefinity.Security.Ldap.LdapFacade.Search(LdapQuery query, String rootDN, Int32 pageSize)

Additional Info:

MachineName : PCIR-DESARR04
TimeStamp : 9/2/2025 9:06:05 PM
FullName : Telerik.Sitefinity.Utilities, Version=15.3.8522.0, Culture=neutral, PublicKeyToken=b28c218413bdf563
AppDomainName : /LM/W3SVC/2/ROOT-1-134013185272283070
ThreadIdentity : Anonymous
WindowsIdentity : IIS APPPOOL\intranet
Requested URL : http://localhost:8081/Sitefinity/Login?ReturnUrl=http%3a%2f%2flocalhost%3a8081%2fsitefinity


Category: ErrorLog

Priority: 0

EventId: 90030

Severity: Error

Title:Enterprise Library Exception Handling

Machine: PCIR-DESARR04

App Domain: /LM/W3SVC/2/ROOT-1-134013185272283070

ProcessId: 29060

Process Name: c:\windows\system32\inetsrv\w3wp.exe

Thread Name: 

Win32 ThreadId:23920

Extended Properties: 
----------------------------------------
----------------------------------------
ActivityId: 49e6e8a3-aac8-4674-8c28-c77ac8bf0e62

Timestamp: 9/2/2025 9:06:26 PM

Message: HandlingInstanceID: f23b9e0c-d452-43b7-8780-5b9dd5ac7b40
An exception of type 'System.DirectoryServices.Protocols.LdapException' occurred and was caught.
------------------------------------------------------------------------------------------------
09/02/2025 16:06:26
Type : System.DirectoryServices.Protocols.LdapException, System.DirectoryServices.Protocols, Version=4.0.0.0, Culture=neutral, PublicKeyToken=b03f5f7f11d50a3a
Message : ‹‹‹The LDAP server returned an unknown error.›››
Source : System.DirectoryServices.Protocols
Help link : 
ErrorCode : ‹‹‹52›››
ServerErrorMessage : 
PartialResults : ‹‹‹System.DirectoryServices.Protocols.PartialResultsCollection›››
Data : ‹‹‹System.Collections.ListDictionaryInternal›››
TargetSite : ‹‹‹Void Connect()›››
HResult : ‹‹‹-2146233088›››
Stack Trace :    at System.DirectoryServices.Protocols.LdapConnection.Connect()
   at System.DirectoryServices.Protocols.LdapConnection.SendRequestHelper(DirectoryRequest request, Int32& messageID)
   at System.DirectoryServices.Protocols.LdapConnection.SendRequest(DirectoryRequest request, TimeSpan requestTimeout)
   at Telerik.Sitefinity.Security.Ldap.LdapFacade.Search(LdapQuery query, String rootDN, Int32 pageSize)

Additional Info:

MachineName : PCIR-DESARR04
TimeStamp : 9/2/2025 9:06:26 PM
FullName : Telerik.Sitefinity.Utilities, Version=15.3.8522.0, Culture=neutral, PublicKeyToken=b28c218413bdf563
AppDomainName : /LM/W3SVC/2/ROOT-1-134013185272283070
ThreadIdentity : Anonymous
WindowsIdentity : IIS APPPOOL\intranet
Requested URL : http://localhost:8081/Sitefinity/Login?ReturnUrl=http%3a%2f%2flocalhost%3a8081%2fsitefinity


Category: ErrorLog

Priority: 0

EventId: 90030

Severity: Error

Title:Enterprise Library Exception Handling

Machine: PCIR-DESARR04

App Domain: /LM/W3SVC/2/ROOT-1-134013185272283070

ProcessId: 29060

Process Name: c:\windows\system32\inetsrv\w3wp.exe

Thread Name: 

Win32 ThreadId:23920

Extended Properties: 
----------------------------------------
