----------------------------------------
ActivityId: 00000000-0000-0000-0000-000000000000

Timestamp: 28/8/2025 16:06:23

Message: ‹‹‹Scheduler: Task executed: 'Telerik.Sitefinity.ExternalNotifications.ExternalNotificationsRetrieverTask'. Start time: 28/8/2025 16:06:23. End time: 28/8/2025 16:06:23. Task data: '{}'›››


----------------------------------------
----------------------------------------
ActivityId: 00000000-0000-0000-0000-000000000000

Timestamp: 28/8/2025 16:06:23

Message: ‹‹‹Scheduler: Task executed: 'Telerik.Sitefinity.Versioning.Cleaner.VersioningCleanerTask'. Start time: 28/8/2025 16:06:22. End time: 28/8/2025 16:06:23. Task data: ''›››


----------------------------------------
----------------------------------------
ActivityId: 00000000-0000-0000-0000-000000000000

Timestamp: 28/8/2025 16:06:23

Message: ‹‹‹Scheduler: Task executed: 'Telerik.Sitefinity.ServiceHooks.Scheduling.ServiceHooksActivitiesCleanupTask'. Start time: 28/8/2025 16:06:22. End time: 28/8/2025 16:06:23. Task data: ''›››


----------------------------------------
----------------------------------------
ActivityId: 00000000-0000-0000-0000-000000000000

Timestamp: 28/8/2025 16:06:23

Message: ‹‹‹Scheduler: Task executed: 'Telerik.Sitefinity.Services.Notifications.Scheduling.NotificationsCleanupTask'. Start time: 28/8/2025 16:06:22. End time: 28/8/2025 16:06:23. Task data: ''›››


----------------------------------------
----------------------------------------
ActivityId: 00000000-0000-0000-0000-000000000000

Timestamp: 28/8/2025 16:06:23

Message: ‹‹‹Scheduler: Task executed: 'Telerik.Sitefinity.Authentication.Data.TransientDataCleanupTask'. Start time: 28/8/2025 16:06:22. End time: 28/8/2025 16:06:23. Task data: ''›››


----------------------------------------
