----------------------------------------
ActivityId: 00000000-0000-0000-0000-000000000000

Timestamp: 9/14/2025 11:31:37 PM

Message: ‹‹‹Scheduler: Task executed: 'Telerik.Sitefinity.Services.Notifications.Scheduling.NotificationsCleanupTask'. Start time: 9/14/2025 11:31:37 PM. End time: 9/14/2025 11:31:37 PM. Task data: ''›››


----------------------------------------
----------------------------------------
ActivityId: 00000000-0000-0000-0000-000000000000

Timestamp: 9/14/2025 11:31:37 PM

Message: ‹‹‹Scheduler: Task executed: 'Telerik.Sitefinity.Versioning.Cleaner.VersioningCleanerTask'. Start time: 9/14/2025 11:31:37 PM. End time: 9/14/2025 11:31:37 PM. Task data: ''›››


----------------------------------------
----------------------------------------
ActivityId: 00000000-0000-0000-0000-000000000000

Timestamp: 9/14/2025 11:31:37 PM

Message: ‹‹‹Scheduler: Task executed: 'Telerik.Sitefinity.ServiceHooks.Scheduling.ServiceHooksActivitiesCleanupTask'. Start time: 9/14/2025 11:31:37 PM. End time: 9/14/2025 11:31:37 PM. Task data: ''›››


----------------------------------------
----------------------------------------
ActivityId: 00000000-0000-0000-0000-000000000000

Timestamp: 9/14/2025 11:31:37 PM

Message: ‹‹‹Scheduler: Task executed: 'Telerik.Sitefinity.Authentication.Data.TransientDataCleanupTask'. Start time: 9/14/2025 11:31:37 PM. End time: 9/14/2025 11:31:37 PM. Task data: ''›››


----------------------------------------
----------------------------------------
ActivityId: 00000000-0000-0000-0000-000000000000

Timestamp: 9/14/2025 11:31:37 PM

Message: ‹‹‹Scheduler: Task executed: 'Telerik.Sitefinity.ExternalNotifications.ExternalNotificationsRetrieverTask'. Start time: 9/14/2025 11:31:37 PM. End time: 9/14/2025 11:31:37 PM. Task data: '{}'›››


----------------------------------------
----------------------------------------
ActivityId: 00000000-0000-0000-0000-000000000000

Timestamp: 15/09/2025 1:21:23

Message: ‹‹‹Scheduler: Task executed: 'Telerik.Sitefinity.Versioning.Cleaner.VersioningCleanerTask'. Start time: 15/09/2025 1:21:23. End time: 15/09/2025 1:21:23. Task data: ''›››


----------------------------------------
----------------------------------------
ActivityId: 00000000-0000-0000-0000-000000000000

Timestamp: 15/09/2025 5:00:06

Message: ‹‹‹Scheduler: Task executed: 'Telerik.Sitefinity.Authentication.Data.TransientDataCleanupTask'. Start time: 15/09/2025 5:00:06. End time: 15/09/2025 5:00:06. Task data: ''›››


----------------------------------------
----------------------------------------
ActivityId: 00000000-0000-0000-0000-000000000000

Timestamp: 15/09/2025 5:00:06

Message: ‹‹‹Scheduler: Task executed: 'Telerik.Sitefinity.ExternalNotifications.ExternalNotificationsRetrieverTask'. Start time: 15/09/2025 5:00:06. End time: 15/09/2025 5:00:06. Task data: '{}'›››


----------------------------------------
----------------------------------------
ActivityId: 00000000-0000-0000-0000-000000000000

Timestamp: 15/09/2025 5:00:06

Message: ‹‹‹Scheduler: Task executed: 'Telerik.Sitefinity.ServiceHooks.Scheduling.ServiceHooksActivitiesCleanupTask'. Start time: 15/09/2025 5:00:06. End time: 15/09/2025 5:00:06. Task data: ''›››


----------------------------------------
----------------------------------------
ActivityId: 00000000-0000-0000-0000-000000000000

Timestamp: 15/09/2025 5:00:06

Message: ‹‹‹Scheduler: Task executed: 'Telerik.Sitefinity.Services.Notifications.Scheduling.NotificationsCleanupTask'. Start time: 15/09/2025 5:00:06. End time: 15/09/2025 5:00:06. Task data: ''›››


----------------------------------------
