----------------------------------------
ActivityId: 00000000-0000-0000-0000-000000000000

Timestamp: 10/09/2025 6:30:44

Message: ‹‹‹Scheduler: Task executed: 'Telerik.Sitefinity.ExternalNotifications.ExternalNotificationsRetrieverTask'. Start time: 10/09/2025 6:30:44. End time: 10/09/2025 6:30:44. Task data: '{}'›››


----------------------------------------
----------------------------------------
ActivityId: 00000000-0000-0000-0000-000000000000

Timestamp: 10/09/2025 6:30:44

Message: ‹‹‹Scheduler: Task executed: 'Telerik.Sitefinity.Versioning.Cleaner.VersioningCleanerTask'. Start time: 10/09/2025 6:30:44. End time: 10/09/2025 6:30:44. Task data: ''›››


----------------------------------------
----------------------------------------
ActivityId: 00000000-0000-0000-0000-000000000000

Timestamp: 10/09/2025 6:30:44

Message: ‹‹‹Scheduler: Task executed: 'Telerik.Sitefinity.ServiceHooks.Scheduling.ServiceHooksActivitiesCleanupTask'. Start time: 10/09/2025 6:30:44. End time: 10/09/2025 6:30:44. Task data: ''›››


----------------------------------------
----------------------------------------
ActivityId: 00000000-0000-0000-0000-000000000000

Timestamp: 10/09/2025 6:30:44

Message: ‹‹‹Scheduler: Task executed: 'Telerik.Sitefinity.Services.Notifications.Scheduling.NotificationsCleanupTask'. Start time: 10/09/2025 6:30:44. End time: 10/09/2025 6:30:44. Task data: ''›››


----------------------------------------
----------------------------------------
ActivityId: 00000000-0000-0000-0000-000000000000

Timestamp: 10/09/2025 6:30:44

Message: ‹‹‹Scheduler: Task executed: 'Telerik.Sitefinity.Authentication.Data.TransientDataCleanupTask'. Start time: 10/09/2025 6:30:44. End time: 10/09/2025 6:30:44. Task data: ''›››


----------------------------------------
