----------------------------------------
ActivityId: 00000000-0000-0000-0000-000000000000

Timestamp: 12/09/2025 15:08:52

Message: ‹‹‹Scheduler: Task executed: 'Telerik.Sitefinity.ExternalNotifications.ExternalNotificationsRetrieverTask'. Start time: 12/09/2025 15:08:52. End time: 12/09/2025 15:08:52. Task data: '{}'›››


----------------------------------------
----------------------------------------
ActivityId: 00000000-0000-0000-0000-000000000000

Timestamp: 12/09/2025 15:08:52

Message: ‹‹‹Scheduler: Task executed: 'Telerik.Sitefinity.Services.Notifications.Scheduling.NotificationsCleanupTask'. Start time: 12/09/2025 15:08:52. End time: 12/09/2025 15:08:52. Task data: ''›››


----------------------------------------
----------------------------------------
ActivityId: 00000000-0000-0000-0000-000000000000

Timestamp: 12/09/2025 15:08:52

Message: ‹‹‹Scheduler: Task executed: 'Telerik.Sitefinity.Versioning.Cleaner.VersioningCleanerTask'. Start time: 12/09/2025 15:08:52. End time: 12/09/2025 15:08:52. Task data: ''›››


----------------------------------------
----------------------------------------
ActivityId: 00000000-0000-0000-0000-000000000000

Timestamp: 12/09/2025 15:08:52

Message: ‹‹‹Scheduler: Task executed: 'Telerik.Sitefinity.ServiceHooks.Scheduling.ServiceHooksActivitiesCleanupTask'. Start time: 12/09/2025 15:08:52. End time: 12/09/2025 15:08:52. Task data: ''›››


----------------------------------------
----------------------------------------
ActivityId: 00000000-0000-0000-0000-000000000000

Timestamp: 12/09/2025 15:08:53

Message: ‹‹‹Scheduler: Task executed: 'Telerik.Sitefinity.Authentication.Data.TransientDataCleanupTask'. Start time: 12/09/2025 15:08:52. End time: 12/09/2025 15:08:53. Task data: ''›››


----------------------------------------
