----------------------------------------
ActivityId: 00000000-0000-0000-0000-000000000000

Timestamp: 02/09/2025 17:07:30

Message: ‹‹‹Scheduler: Task executed: 'Telerik.Sitefinity.ExternalNotifications.ExternalNotificationsRetrieverTask'. Start time: 02/09/2025 17:07:30. End time: 02/09/2025 17:07:30. Task data: '{}'›››


----------------------------------------
----------------------------------------
ActivityId: 00000000-0000-0000-0000-000000000000

Timestamp: 02/09/2025 17:07:30

Message: ‹‹‹Scheduler: Task executed: 'Telerik.Sitefinity.ServiceHooks.Scheduling.ServiceHooksActivitiesCleanupTask'. Start time: 02/09/2025 17:07:30. End time: 02/09/2025 17:07:30. Task data: ''›››


----------------------------------------
----------------------------------------
ActivityId: 00000000-0000-0000-0000-000000000000

Timestamp: 02/09/2025 17:07:30

Message: ‹‹‹Scheduler: Task executed: 'Telerik.Sitefinity.Versioning.Cleaner.VersioningCleanerTask'. Start time: 02/09/2025 17:07:30. End time: 02/09/2025 17:07:30. Task data: ''›››


----------------------------------------
----------------------------------------
ActivityId: 00000000-0000-0000-0000-000000000000

Timestamp: 02/09/2025 17:07:30

Message: ‹‹‹Scheduler: Task executed: 'Telerik.Sitefinity.Services.Notifications.Scheduling.NotificationsCleanupTask'. Start time: 02/09/2025 17:07:30. End time: 02/09/2025 17:07:30. Task data: ''›››


----------------------------------------
----------------------------------------
ActivityId: 00000000-0000-0000-0000-000000000000

Timestamp: 02/09/2025 17:07:30

Message: ‹‹‹Scheduler: Task executed: 'Telerik.Sitefinity.Authentication.Data.TransientDataCleanupTask'. Start time: 02/09/2025 17:07:30. End time: 02/09/2025 17:07:30. Task data: ''›››


----------------------------------------
----------------------------------------
ActivityId: 00000000-0000-0000-0000-000000000000

Timestamp: 03/09/2025 15:51:38

Message: ‹‹‹Scheduler: Task executed: 'Telerik.Sitefinity.ServiceHooks.Scheduling.ServiceHooksActivitiesCleanupTask'. Start time: 03/09/2025 15:51:38. End time: 03/09/2025 15:51:38. Task data: ''›››


----------------------------------------
----------------------------------------
ActivityId: 00000000-0000-0000-0000-000000000000

Timestamp: 03/09/2025 15:51:38

Message: ‹‹‹Scheduler: Task executed: 'Telerik.Sitefinity.ExternalNotifications.ExternalNotificationsRetrieverTask'. Start time: 03/09/2025 15:51:38. End time: 03/09/2025 15:51:38. Task data: '{}'›››


----------------------------------------
----------------------------------------
ActivityId: 00000000-0000-0000-0000-000000000000

Timestamp: 03/09/2025 15:51:38

Message: ‹‹‹Scheduler: Task executed: 'Telerik.Sitefinity.Services.Notifications.Scheduling.NotificationsCleanupTask'. Start time: 03/09/2025 15:51:38. End time: 03/09/2025 15:51:38. Task data: ''›››


----------------------------------------
----------------------------------------
ActivityId: 00000000-0000-0000-0000-000000000000

Timestamp: 03/09/2025 15:51:38

Message: ‹‹‹Scheduler: Task executed: 'Telerik.Sitefinity.Versioning.Cleaner.VersioningCleanerTask'. Start time: 03/09/2025 15:51:38. End time: 03/09/2025 15:51:38. Task data: ''›››


----------------------------------------
----------------------------------------
ActivityId: 00000000-0000-0000-0000-000000000000

Timestamp: 03/09/2025 15:51:39

Message: ‹‹‹Scheduler: Task executed: 'Telerik.Sitefinity.Authentication.Data.TransientDataCleanupTask'. Start time: 03/09/2025 15:51:38. End time: 03/09/2025 15:51:39. Task data: ''›››


----------------------------------------
