----------------------------------------
ActivityId: 00000000-0000-0000-0000-000000000000

Timestamp: 11/09/2025 14:35:31

Message: ‹‹‹Scheduler: Task executed: 'Telerik.Sitefinity.ServiceHooks.Scheduling.ServiceHooksActivitiesCleanupTask'. Start time: 11/09/2025 14:35:31. End time: 11/09/2025 14:35:31. Task data: ''›››


----------------------------------------
----------------------------------------
ActivityId: 00000000-0000-0000-0000-000000000000

Timestamp: 11/09/2025 14:35:31

Message: ‹‹‹Scheduler: Task executed: 'Telerik.Sitefinity.ExternalNotifications.ExternalNotificationsRetrieverTask'. Start time: 11/09/2025 14:35:31. End time: 11/09/2025 14:35:31. Task data: '{}'›››


----------------------------------------
----------------------------------------
ActivityId: 00000000-0000-0000-0000-000000000000

Timestamp: 11/09/2025 14:35:31

Message: ‹‹‹Scheduler: Task executed: 'Telerik.Sitefinity.Services.Notifications.Scheduling.NotificationsCleanupTask'. Start time: 11/09/2025 14:35:31. End time: 11/09/2025 14:35:31. Task data: ''›››


----------------------------------------
----------------------------------------
ActivityId: 00000000-0000-0000-0000-000000000000

Timestamp: 11/09/2025 14:35:31

Message: ‹‹‹Scheduler: Task executed: 'Telerik.Sitefinity.Versioning.Cleaner.VersioningCleanerTask'. Start time: 11/09/2025 14:35:31. End time: 11/09/2025 14:35:31. Task data: ''›››


----------------------------------------
----------------------------------------
ActivityId: 00000000-0000-0000-0000-000000000000

Timestamp: 11/09/2025 14:35:32

Message: ‹‹‹Scheduler: Task executed: 'Telerik.Sitefinity.Authentication.Data.TransientDataCleanupTask'. Start time: 11/09/2025 14:35:31. End time: 11/09/2025 14:35:32. Task data: ''›››


----------------------------------------
