----------------------------------------
ActivityId: 00000000-0000-0000-0000-000000000000

Timestamp: 8/9/2025 16:38:13

Message: ‹‹‹Scheduler: Task executed: 'Telerik.Sitefinity.Versioning.Cleaner.VersioningCleanerTask'. Start time: 8/9/2025 16:38:13. End time: 8/9/2025 16:38:13. Task data: ''›››


----------------------------------------
----------------------------------------
ActivityId: 00000000-0000-0000-0000-000000000000

Timestamp: 8/9/2025 16:38:13

Message: ‹‹‹Scheduler: Task executed: 'Telerik.Sitefinity.Services.Notifications.Scheduling.NotificationsCleanupTask'. Start time: 8/9/2025 16:38:13. End time: 8/9/2025 16:38:13. Task data: ''›››


----------------------------------------
----------------------------------------
ActivityId: 00000000-0000-0000-0000-000000000000

Timestamp: 8/9/2025 16:38:13

Message: ‹‹‹Scheduler: Task executed: 'Telerik.Sitefinity.ServiceHooks.Scheduling.ServiceHooksActivitiesCleanupTask'. Start time: 8/9/2025 16:38:13. End time: 8/9/2025 16:38:13. Task data: ''›››


----------------------------------------
----------------------------------------
ActivityId: 00000000-0000-0000-0000-000000000000

Timestamp: 8/9/2025 16:38:13

Message: ‹‹‹Scheduler: Task executed: 'Telerik.Sitefinity.Authentication.Data.TransientDataCleanupTask'. Start time: 8/9/2025 16:38:13. End time: 8/9/2025 16:38:13. Task data: ''›››


----------------------------------------
----------------------------------------
ActivityId: 00000000-0000-0000-0000-000000000000

Timestamp: 8/9/2025 16:38:13

Message: ‹‹‹Scheduler: Task executed: 'Telerik.Sitefinity.ExternalNotifications.ExternalNotificationsRetrieverTask'. Start time: 8/9/2025 16:38:13. End time: 8/9/2025 16:38:13. Task data: '{}'›››


----------------------------------------
----------------------------------------
ActivityId: 00000000-0000-0000-0000-000000000000

Timestamp: 9/8/2025 4:38:19 PM

Message: ‹‹‹Scheduler: Task executed: 'Telerik.Sitefinity.Lifecycle.Cleanup.TempItemsCleanupTask'. Start time: 9/8/2025 4:38:13 PM. End time: 9/8/2025 4:38:19 PM. Task data: ''›››


----------------------------------------
----------------------------------------
ActivityId: 00000000-0000-0000-0000-000000000000

Timestamp: 9/9/2025 05:25:30

Message: ‹‹‹Scheduler: Task executed: 'Telerik.Sitefinity.Authentication.Data.TransientDataCleanupTask'. Start time: 9/9/2025 05:25:30. End time: 9/9/2025 05:25:30. Task data: ''›››


----------------------------------------
----------------------------------------
ActivityId: 00000000-0000-0000-0000-000000000000

Timestamp: 9/9/2025 05:25:30

Message: ‹‹‹Scheduler: Task executed: 'Telerik.Sitefinity.Versioning.Cleaner.VersioningCleanerTask'. Start time: 9/9/2025 05:25:30. End time: 9/9/2025 05:25:30. Task data: ''›››


----------------------------------------
----------------------------------------
ActivityId: 00000000-0000-0000-0000-000000000000

Timestamp: 9/9/2025 05:25:30

Message: ‹‹‹Scheduler: Task executed: 'Telerik.Sitefinity.ExternalNotifications.ExternalNotificationsRetrieverTask'. Start time: 9/9/2025 05:25:30. End time: 9/9/2025 05:25:30. Task data: '{}'›››


----------------------------------------
----------------------------------------
ActivityId: 00000000-0000-0000-0000-000000000000

Timestamp: 9/9/2025 05:25:30

Message: ‹‹‹Scheduler: Task executed: 'Telerik.Sitefinity.Services.Notifications.Scheduling.NotificationsCleanupTask'. Start time: 9/9/2025 05:25:30. End time: 9/9/2025 05:25:30. Task data: ''›››


----------------------------------------
----------------------------------------
ActivityId: 00000000-0000-0000-0000-000000000000

Timestamp: 9/9/2025 05:25:30

Message: ‹‹‹Scheduler: Task executed: 'Telerik.Sitefinity.ServiceHooks.Scheduling.ServiceHooksActivitiesCleanupTask'. Start time: 9/9/2025 05:25:30. End time: 9/9/2025 05:25:30. Task data: ''›››


----------------------------------------
