----------------------------------------
ActivityId: 00000000-0000-0000-0000-000000000000

Timestamp: 16/09/2025 3:41:41

Message: ‹‹‹Scheduler: Task executed: 'Telerik.Sitefinity.Versioning.Cleaner.VersioningCleanerTask'. Start time: 16/09/2025 3:41:41. End time: 16/09/2025 3:41:41. Task data: ''›››


----------------------------------------
----------------------------------------
ActivityId: 00000000-0000-0000-0000-000000000000

Timestamp: 16/09/2025 13:54:38

Message: ‹‹‹Scheduler: Task executed: 'Telerik.Sitefinity.ExternalNotifications.ExternalNotificationsRetrieverTask'. Start time: 16/09/2025 13:54:38. End time: 16/09/2025 13:54:38. Task data: '{}'›››


----------------------------------------
----------------------------------------
ActivityId: 00000000-0000-0000-0000-000000000000

Timestamp: 16/09/2025 13:54:38

Message: ‹‹‹Scheduler: Task executed: 'Telerik.Sitefinity.ServiceHooks.Scheduling.ServiceHooksActivitiesCleanupTask'. Start time: 16/09/2025 13:54:38. End time: 16/09/2025 13:54:38. Task data: ''›››


----------------------------------------
----------------------------------------
ActivityId: 00000000-0000-0000-0000-000000000000

Timestamp: 16/09/2025 13:54:38

Message: ‹‹‹Scheduler: Task executed: 'Telerik.Sitefinity.Services.Notifications.Scheduling.NotificationsCleanupTask'. Start time: 16/09/2025 13:54:38. End time: 16/09/2025 13:54:38. Task data: ''›››


----------------------------------------
----------------------------------------
ActivityId: 00000000-0000-0000-0000-000000000000

Timestamp: 16/09/2025 13:54:38

Message: ‹‹‹Scheduler: Task executed: 'Telerik.Sitefinity.Authentication.Data.TransientDataCleanupTask'. Start time: 16/09/2025 13:54:38. End time: 16/09/2025 13:54:38. Task data: ''›››


----------------------------------------
