----------------------------------------
ActivityId: 00000000-0000-0000-0000-000000000000

Timestamp: 17/9/2025 14:20:55

Message: ‹‹‹Scheduler: Task executed: 'Telerik.Sitefinity.ExternalNotifications.ExternalNotificationsRetrieverTask'. Start time: 17/9/2025 14:20:55. End time: 17/9/2025 14:20:55. Task data: '{}'›››


----------------------------------------
----------------------------------------
ActivityId: 00000000-0000-0000-0000-000000000000

Timestamp: 17/9/2025 14:20:55

Message: ‹‹‹Scheduler: Task executed: 'Telerik.Sitefinity.Services.Notifications.Scheduling.NotificationsCleanupTask'. Start time: 17/9/2025 14:20:55. End time: 17/9/2025 14:20:55. Task data: ''›››


----------------------------------------
----------------------------------------
ActivityId: 00000000-0000-0000-0000-000000000000

Timestamp: 17/9/2025 14:20:55

Message: ‹‹‹Scheduler: Task executed: 'Telerik.Sitefinity.Versioning.Cleaner.VersioningCleanerTask'. Start time: 17/9/2025 14:20:55. End time: 17/9/2025 14:20:55. Task data: ''›››


----------------------------------------
----------------------------------------
ActivityId: 00000000-0000-0000-0000-000000000000

Timestamp: 17/9/2025 14:20:55

Message: ‹‹‹Scheduler: Task executed: 'Telerik.Sitefinity.ServiceHooks.Scheduling.ServiceHooksActivitiesCleanupTask'. Start time: 17/9/2025 14:20:55. End time: 17/9/2025 14:20:55. Task data: ''›››


----------------------------------------
----------------------------------------
ActivityId: 00000000-0000-0000-0000-000000000000

Timestamp: 17/9/2025 14:21:09

Message: ‹‹‹Scheduler: Task executed: 'Telerik.Sitefinity.Authentication.Data.TransientDataCleanupTask'. Start time: 17/9/2025 14:20:55. End time: 17/9/2025 14:21:09. Task data: ''›››


----------------------------------------
----------------------------------------
ActivityId: 00000000-0000-0000-0000-000000000000

Timestamp: 17/9/2025 16:45:05

Message: ‹‹‹Notification service: Failed to send notification message for Account: , Module: Workflow, with messageJobId: '6edf2a62-13b0-4c08-bb39-33c147c64af2' Error: System.Reflection.TargetInvocationException: Exception has been thrown by the target of an invocation. ---> System.InvalidOperationException: SmtpHost property set through configuration of notifications service module cannot be an empty string.
   at Telerik.Sitefinity.Services.Notifications.Smtp.SmtpSender.VerifySmtpSettings(SmtpSenderProfileElement senderProfile)
   at Telerik.Sitefinity.Services.Notifications.Smtp.SmtpSender..ctor(SmtpSenderProfileElement senderProfile)
   --- End of inner exception stack trace ---
   at System.RuntimeMethodHandle.InvokeMethod(Object target, Object[] arguments, Signature sig, Boolean constructor)
   at System.Reflection.RuntimeConstructorInfo.Invoke(BindingFlags invokeAttr, Binder binder, Object[] parameters, CultureInfo culture)
   at System.RuntimeType.CreateInstanceImpl(BindingFlags bindingAttr, Binder binder, Object[] args, CultureInfo culture, Object[] activationAttributes, StackCrawlMark& stackMark)
   at System.Activator.CreateInstance(Type type, BindingFlags bindingAttr, Binder binder, Object[] args, CultureInfo culture, Object[] activationAttributes)
   at System.Activator.CreateInstance(Type type, Object[] args)
   at Telerik.Sitefinity.Services.Notifications.Sender.GetSender(String profileType, String profileName)
   at Telerik.Sitefinity.Services.Notifications.BackgroundTasks.SendNotificationTask.RunInternal(IBackgroundTaskContext context)›››


----------------------------------------
----------------------------------------
ActivityId: 00000000-0000-0000-0000-000000000000

Timestamp: 9/17/2025 4:45:36 PM

Message: ‹‹‹Notification service: Failed to send notification message for Account: , Module: Workflow, with messageJobId: '3ff7340f-ad75-405d-bdb5-a405341f7884' Error: System.Reflection.TargetInvocationException: Exception has been thrown by the target of an invocation. ---> System.InvalidOperationException: SmtpHost property set through configuration of notifications service module cannot be an empty string.
   at Telerik.Sitefinity.Services.Notifications.Smtp.SmtpSender.VerifySmtpSettings(SmtpSenderProfileElement senderProfile)
   at Telerik.Sitefinity.Services.Notifications.Smtp.SmtpSender..ctor(SmtpSenderProfileElement senderProfile)
   --- End of inner exception stack trace ---
   at System.RuntimeMethodHandle.InvokeMethod(Object target, Object[] arguments, Signature sig, Boolean constructor)
   at System.Reflection.RuntimeConstructorInfo.Invoke(BindingFlags invokeAttr, Binder binder, Object[] parameters, CultureInfo culture)
   at System.RuntimeType.CreateInstanceImpl(BindingFlags bindingAttr, Binder binder, Object[] args, CultureInfo culture, Object[] activationAttributes, StackCrawlMark& stackMark)
   at System.Activator.CreateInstance(Type type, BindingFlags bindingAttr, Binder binder, Object[] args, CultureInfo culture, Object[] activationAttributes)
   at System.Activator.CreateInstance(Type type, Object[] args)
   at Telerik.Sitefinity.Services.Notifications.Sender.GetSender(String profileType, String profileName)
   at Telerik.Sitefinity.Services.Notifications.BackgroundTasks.SendNotificationTask.RunInternal(IBackgroundTaskContext context)›››


----------------------------------------
----------------------------------------
ActivityId: 00000000-0000-0000-0000-000000000000

Timestamp: 17/9/2025 16:47:08

Message: ‹‹‹Notification service: Failed to send notification message for Account: , Module: Workflow, with messageJobId: '114cdc7d-b2ea-4645-8c42-674da44963c9' Error: System.Reflection.TargetInvocationException: Exception has been thrown by the target of an invocation. ---> System.InvalidOperationException: SmtpHost property set through configuration of notifications service module cannot be an empty string.
   at Telerik.Sitefinity.Services.Notifications.Smtp.SmtpSender.VerifySmtpSettings(SmtpSenderProfileElement senderProfile)
   at Telerik.Sitefinity.Services.Notifications.Smtp.SmtpSender..ctor(SmtpSenderProfileElement senderProfile)
   --- End of inner exception stack trace ---
   at System.RuntimeMethodHandle.InvokeMethod(Object target, Object[] arguments, Signature sig, Boolean constructor)
   at System.Reflection.RuntimeConstructorInfo.Invoke(BindingFlags invokeAttr, Binder binder, Object[] parameters, CultureInfo culture)
   at System.RuntimeType.CreateInstanceImpl(BindingFlags bindingAttr, Binder binder, Object[] args, CultureInfo culture, Object[] activationAttributes, StackCrawlMark& stackMark)
   at System.Activator.CreateInstance(Type type, BindingFlags bindingAttr, Binder binder, Object[] args, CultureInfo culture, Object[] activationAttributes)
   at System.Activator.CreateInstance(Type type, Object[] args)
   at Telerik.Sitefinity.Services.Notifications.Sender.GetSender(String profileType, String profileName)
   at Telerik.Sitefinity.Services.Notifications.BackgroundTasks.SendNotificationTask.RunInternal(IBackgroundTaskContext context)›››


----------------------------------------
----------------------------------------
ActivityId: 42f0d4d6-1bd7-422a-9208-e1ac3e62dfcb

Timestamp: 9/17/2025 9:44:17 PM

Message: ‹‹‹Operation: 'ModelReset'. Parameters: 'notify:True'. Reason: 'MetaDataChange|InvalidatedModules:Telerik.Sitefinity.DynamicModules.Data.OpenAccessDynamicModuleProvider;Telerik.Sitefinity.DynamicModules.Builder.Data.OpenAccessModuleBuilderDataProvider'. User: 'walter.villamar@iroute.com.ec'. StackTrace: '
Telerik.Sitefinity.Data.OA.OpenAccessConnection: Void ResetModel(Telerik.Sitefinity.Services.OperationReason, Boolean)
Telerik.Sitefinity.Data.TransactionManager: Void CommitTransaction(System.String)
Telerik.Sitefinity.DynamicModules.Builder.Install.ModuleInstaller: Void InstallModule(Telerik.Sitefinity.DynamicModules.Builder.Model.DynamicModule, Boolean, Boolean)
Telerik.Sitefinity.DynamicModules.Builder.Web.Services.ContentTypeService: Telerik.Sitefinity.DynamicModules.Builder.Data.ContentTypeContext ActivateContentTypeInternal(System.String, System.String)
unknown: System.Object SyncInvokeActivateModule(System.Object, System.Object[], System.Object[])
System.ServiceModel.Dispatcher.SyncMethodInvoker: System.Object Invoke(System.Object, System.Object[], System.Object[] ByRef)
System.ServiceModel.Dispatcher.DispatchOperationRuntime: Void InvokeBegin(System.ServiceModel.Dispatcher.MessageRpc ByRef)
System.ServiceModel.Dispatcher.ImmutableDispatchRuntime: Void ProcessMessage5(System.ServiceModel.Dispatcher.MessageRpc ByRef)
System.ServiceModel.Dispatcher.ImmutableDispatchRuntime: Void ProcessMessage11(System.ServiceModel.Dispatcher.MessageRpc ByRef)
System.ServiceModel.Dispatcher.MessageRpc: Boolean Process(Boolean)
System.ServiceModel.Dispatcher.ChannelHandler: Boolean DispatchAndReleasePump(System.ServiceModel.Channels.RequestContext, Boolean, System.ServiceModel.OperationContext)
System.ServiceModel.Dispatcher.ChannelHandler: Boolean HandleRequest(System.ServiceModel.Channels.RequestContext, System.ServiceModel.OperationContext)
System.ServiceModel.Dispatcher.ChannelHandler: Void AsyncMessagePump(System.IAsyncResult)
System.ServiceModel.Dispatcher.ChannelHandler: Void OnAsyncReceiveComplete(System.IAsyncResult)
System.Runtime.Fx+AsyncThunk: Void UnhandledExceptionFrame(System.IAsyncResult)
Telerik.Sitefinity.Utilities.MS.ServiceModel.Web.AsyncResult: Void Complete(Boolean)
Telerik.Sitefinity.Utilities.MS.ServiceModel.Web.RequestInterceptorReplyChannelBase`1+TryReceiveRequestAsyncResult: Void InnerTryReceiveCallback(System.IAsyncResult)
System.Runtime.AsyncResult: Void Complete(Boolean)
System.Runtime.InputQueue`1+AsyncQueueReader: Void Set(Item)
System.Runtime.InputQueue`1: Void EnqueueAndDispatch(Item, Boolean)
System.Runtime.InputQueue`1: Void EnqueueAndDispatch(T, System.Action, Boolean)
System.ServiceModel.Channels.SingletonChannelAcceptor`3: Void Enqueue(QueueItemType, System.Action, Boolean)
System.ServiceModel.Channels.HttpPipeline+EnqueueMessageAsyncResult: Void CompleteParseAndEnqueue(System.IAsyncResult)
System.ServiceModel.Channels.HttpPipeline+EnqueueMessageAsyncResult: Boolean HandleParseIncomingMessage(System.IAsyncResult)
System.Runtime.AsyncResult: Boolean SyncContinue(System.IAsyncResult)
System.ServiceModel.Channels.HttpPipeline+EmptyHttpPipeline: System.IAsyncResult BeginProcessInboundRequest(System.ServiceModel.Channels.ReplyChannelAcceptor, System.Action, System.AsyncCallback, System.Object)
System.ServiceModel.Channels.HttpChannelListener`1+HttpContextReceivedAsyncResult`1: System.Runtime.AsyncCompletionResult ProcessHttpContextAsync()
System.ServiceModel.Channels.HttpChannelListener`1: System.IAsyncResult BeginHttpContextReceived(System.ServiceModel.Channels.HttpRequestContext, System.Action, System.AsyncCallback, System.Object)
System.ServiceModel.Activation.HostedHttpTransportManager: Void HttpContextReceived(System.ServiceModel.Activation.HostedHttpRequestAsyncResult)
System.ServiceModel.Activation.HostedHttpRequestAsyncResult: Void HandleRequest()
System.ServiceModel.Activation.HostedHttpRequestAsyncResult: Void BeginRequest()
System.ServiceModel.Activation.HostedHttpRequestAsyncResult: Void OnBeginRequest(System.Object)
System.ServiceModel.AspNetPartialTrustHelpers: Void PartialTrustInvoke(System.Threading.ContextCallback, System.Object)
System.ServiceModel.Activation.HostedHttpRequestAsyncResult: Void OnBeginRequestWithFlow(System.Object)
System.Runtime.IOThreadScheduler+ScheduledOverlapped: Void IOCallback(UInt32, UInt32, System.Threading.NativeOverlapped*)
System.Runtime.Fx+IOCompletionThunk: Void UnhandledExceptionFrame(UInt32, UInt32, System.Threading.NativeOverlapped*)
System.Threading._IOCompletionCallback: Void PerformIOCompletionCallback(UInt32, UInt32, System.Threading.NativeOverlapped*)'.›››


----------------------------------------
