----------------------------------------
ActivityId: 00000000-0000-0000-0000-000000000000

Timestamp: 29/8/2025 17:25:48

Message: ‹‹‹Scheduler: Task executed: 'Telerik.Sitefinity.ExternalNotifications.ExternalNotificationsRetrieverTask'. Start time: 29/8/2025 17:25:48. End time: 29/8/2025 17:25:48. Task data: '{}'›››


----------------------------------------
----------------------------------------
ActivityId: 00000000-0000-0000-0000-000000000000

Timestamp: 29/8/2025 17:25:48

Message: ‹‹‹Scheduler: Task executed: 'Telerik.Sitefinity.Versioning.Cleaner.VersioningCleanerTask'. Start time: 29/8/2025 17:25:48. End time: 29/8/2025 17:25:48. Task data: ''›››


----------------------------------------
----------------------------------------
ActivityId: 00000000-0000-0000-0000-000000000000

Timestamp: 29/8/2025 17:25:48

Message: ‹‹‹Scheduler: Task executed: 'Telerik.Sitefinity.ServiceHooks.Scheduling.ServiceHooksActivitiesCleanupTask'. Start time: 29/8/2025 17:25:48. End time: 29/8/2025 17:25:48. Task data: ''›››


----------------------------------------
----------------------------------------
ActivityId: 00000000-0000-0000-0000-000000000000

Timestamp: 29/8/2025 17:25:48

Message: ‹‹‹Scheduler: Task executed: 'Telerik.Sitefinity.Services.Notifications.Scheduling.NotificationsCleanupTask'. Start time: 29/8/2025 17:25:48. End time: 29/8/2025 17:25:48. Task data: ''›››


----------------------------------------
----------------------------------------
ActivityId: 00000000-0000-0000-0000-000000000000

Timestamp: 29/8/2025 17:25:49

Message: ‹‹‹Scheduler: Task executed: 'Telerik.Sitefinity.Authentication.Data.TransientDataCleanupTask'. Start time: 29/8/2025 17:25:48. End time: 29/8/2025 17:25:49. Task data: ''›››


----------------------------------------
