----------------------------------------
ActivityId: 9f79d544-436c-41f4-a0b7-b087e278d78d

Timestamp: 9/1/2025 3:54:05 PM

Message: ‹‹‹"undefined" is not valid JSON
SyntaxError: "undefined" is not valid JSON
    at JSON.parse (<anonymous>)
    at Object.next (https://localhost:5001/adminapp/main.449ba47e63d4ef5e.js:2:2448827)
    at g.next (https://localhost:5001/adminapp/vendor.bd1cd64e7e803345.js:2:392685)
    at m._next (https://localhost:5001/adminapp/vendor.bd1cd64e7e803345.js:2:392369)
    at m.next (https://localhost:5001/adminapp/vendor.bd1cd64e7e803345.js:2:392056)
    at https://localhost:5001/adminapp/vendor.bd1cd64e7e803345.js:2:816513
    at o._next (https://localhost:5001/adminapp/vendor.bd1cd64e7e803345.js:2:398759)
    at o.next (https://localhost:5001/adminapp/vendor.bd1cd64e7e803345.js:2:392056)
    at https://localhost:5001/adminapp/vendor.bd1cd64e7e803345.js:2:815247
    at o._next (https://localhost:5001/adminapp/vendor.bd1cd64e7e803345.js:2:398759)›››

Category: WebClientLog

Priority: -1

EventId: 1

Severity: Information

Title:

Machine: PCIR-DESARR04

App Domain: /LM/W3SVC/2/ROOT-2-134012111211573232

ProcessId: 24868

Process Name: c:\windows\system32\inetsrv\w3wp.exe

Thread Name: 

Win32 ThreadId:8112

Extended Properties: 
----------------------------------------
----------------------------------------
ActivityId: 0ba96874-9cb9-4689-a243-14006dad9ccc

Timestamp: 9/1/2025 4:14:14 PM

Message: ‹‹‹"undefined" is not valid JSON
SyntaxError: "undefined" is not valid JSON
    at JSON.parse (<anonymous>)
    at Object.next (https://localhost:5001/adminapp/main.449ba47e63d4ef5e.js:2:2448827)
    at g.next (https://localhost:5001/adminapp/vendor.bd1cd64e7e803345.js:2:392685)
    at m._next (https://localhost:5001/adminapp/vendor.bd1cd64e7e803345.js:2:392369)
    at m.next (https://localhost:5001/adminapp/vendor.bd1cd64e7e803345.js:2:392056)
    at https://localhost:5001/adminapp/vendor.bd1cd64e7e803345.js:2:816513
    at o._next (https://localhost:5001/adminapp/vendor.bd1cd64e7e803345.js:2:398759)
    at o.next (https://localhost:5001/adminapp/vendor.bd1cd64e7e803345.js:2:392056)
    at https://localhost:5001/adminapp/vendor.bd1cd64e7e803345.js:2:815247
    at o._next (https://localhost:5001/adminapp/vendor.bd1cd64e7e803345.js:2:398759)›››

Category: WebClientLog

Priority: -1

EventId: 1

Severity: Information

Title:

Machine: PCIR-DESARR04

App Domain: /LM/W3SVC/2/ROOT-2-134012111211573232

ProcessId: 24868

Process Name: c:\windows\system32\inetsrv\w3wp.exe

Thread Name: 

Win32 ThreadId:22372

Extended Properties: 
----------------------------------------
----------------------------------------
ActivityId: 21b7ec96-085c-4cd4-ba9f-f975bb05130c

Timestamp: 9/1/2025 4:52:59 PM

Message: ‹‹‹"undefined" is not valid JSON
SyntaxError: "undefined" is not valid JSON
    at JSON.parse (<anonymous>)
    at Object.next (https://localhost:5001/adminapp/main.449ba47e63d4ef5e.js:2:2448827)
    at g.next (https://localhost:5001/adminapp/vendor.bd1cd64e7e803345.js:2:392685)
    at m._next (https://localhost:5001/adminapp/vendor.bd1cd64e7e803345.js:2:392369)
    at m.next (https://localhost:5001/adminapp/vendor.bd1cd64e7e803345.js:2:392056)
    at https://localhost:5001/adminapp/vendor.bd1cd64e7e803345.js:2:816513
    at o._next (https://localhost:5001/adminapp/vendor.bd1cd64e7e803345.js:2:398759)
    at o.next (https://localhost:5001/adminapp/vendor.bd1cd64e7e803345.js:2:392056)
    at https://localhost:5001/adminapp/vendor.bd1cd64e7e803345.js:2:815247
    at o._next (https://localhost:5001/adminapp/vendor.bd1cd64e7e803345.js:2:398759)›››

Category: WebClientLog

Priority: -1

EventId: 1

Severity: Information

Title:

Machine: PCIR-DESARR04

App Domain: /LM/W3SVC/2/ROOT-1-134012190971148928

ProcessId: 23472

Process Name: c:\windows\system32\inetsrv\w3wp.exe

Thread Name: 

Win32 ThreadId:20040

Extended Properties: 
----------------------------------------
----------------------------------------
ActivityId: 66addb53-b124-4699-985d-a51a70c87538

Timestamp: 9/1/2025 4:57:19 PM

Message: ‹‹‹"undefined" is not valid JSON
SyntaxError: "undefined" is not valid JSON
    at JSON.parse (<anonymous>)
    at Object.next (https://localhost:5001/adminapp/main.449ba47e63d4ef5e.js:2:2448827)
    at g.next (https://localhost:5001/adminapp/vendor.bd1cd64e7e803345.js:2:392685)
    at m._next (https://localhost:5001/adminapp/vendor.bd1cd64e7e803345.js:2:392369)
    at m.next (https://localhost:5001/adminapp/vendor.bd1cd64e7e803345.js:2:392056)
    at https://localhost:5001/adminapp/vendor.bd1cd64e7e803345.js:2:816513
    at o._next (https://localhost:5001/adminapp/vendor.bd1cd64e7e803345.js:2:398759)
    at o.next (https://localhost:5001/adminapp/vendor.bd1cd64e7e803345.js:2:392056)
    at https://localhost:5001/adminapp/vendor.bd1cd64e7e803345.js:2:815247
    at o._next (https://localhost:5001/adminapp/vendor.bd1cd64e7e803345.js:2:398759)›››

Category: WebClientLog

Priority: -1

EventId: 1

Severity: Information

Title:

Machine: PCIR-DESARR04

App Domain: /LM/W3SVC/2/ROOT-1-134012190971148928

ProcessId: 23472

Process Name: c:\windows\system32\inetsrv\w3wp.exe

Thread Name: 

Win32 ThreadId:11512

Extended Properties: 
----------------------------------------
----------------------------------------
ActivityId: 7c92b721-063b-4935-985a-763497a58327

Timestamp: 9/1/2025 4:58:55 PM

Message: ‹‹‹"undefined" is not valid JSON
SyntaxError: "undefined" is not valid JSON
    at JSON.parse (<anonymous>)
    at Object.next (https://localhost:5001/adminapp/main.449ba47e63d4ef5e.js:2:2448827)
    at g.next (https://localhost:5001/adminapp/vendor.bd1cd64e7e803345.js:2:392685)
    at m._next (https://localhost:5001/adminapp/vendor.bd1cd64e7e803345.js:2:392369)
    at m.next (https://localhost:5001/adminapp/vendor.bd1cd64e7e803345.js:2:392056)
    at https://localhost:5001/adminapp/vendor.bd1cd64e7e803345.js:2:816513
    at o._next (https://localhost:5001/adminapp/vendor.bd1cd64e7e803345.js:2:398759)
    at o.next (https://localhost:5001/adminapp/vendor.bd1cd64e7e803345.js:2:392056)
    at https://localhost:5001/adminapp/vendor.bd1cd64e7e803345.js:2:815247
    at o._next (https://localhost:5001/adminapp/vendor.bd1cd64e7e803345.js:2:398759)›››

Category: WebClientLog

Priority: -1

EventId: 1

Severity: Information

Title:

Machine: PCIR-DESARR04

App Domain: /LM/W3SVC/2/ROOT-1-134012190971148928

ProcessId: 23472

Process Name: c:\windows\system32\inetsrv\w3wp.exe

Thread Name: 

Win32 ThreadId:21592

Extended Properties: 
----------------------------------------
----------------------------------------
ActivityId: 8eb9d0ca-2861-4ebd-99dd-cd84ba82a139

Timestamp: 9/1/2025 5:06:20 PM

Message: ‹‹‹"undefined" is not valid JSON
SyntaxError: "undefined" is not valid JSON
    at JSON.parse (<anonymous>)
    at Object.next (http://localhost:3000/adminapp/main.449ba47e63d4ef5e.js:2:2448827)
    at g.next (http://localhost:3000/adminapp/vendor.bd1cd64e7e803345.js:2:392685)
    at m._next (http://localhost:3000/adminapp/vendor.bd1cd64e7e803345.js:2:392369)
    at m.next (http://localhost:3000/adminapp/vendor.bd1cd64e7e803345.js:2:392056)
    at http://localhost:3000/adminapp/vendor.bd1cd64e7e803345.js:2:816513
    at o._next (http://localhost:3000/adminapp/vendor.bd1cd64e7e803345.js:2:398759)
    at o.next (http://localhost:3000/adminapp/vendor.bd1cd64e7e803345.js:2:392056)
    at http://localhost:3000/adminapp/vendor.bd1cd64e7e803345.js:2:815247
    at o._next (http://localhost:3000/adminapp/vendor.bd1cd64e7e803345.js:2:398759)›››

Category: WebClientLog

Priority: -1

EventId: 1

Severity: Information

Title:

Machine: PCIR-DESARR04

App Domain: /LM/W3SVC/2/ROOT-1-134012190971148928

ProcessId: 23472

Process Name: c:\windows\system32\inetsrv\w3wp.exe

Thread Name: 

Win32 ThreadId:1068

Extended Properties: 
----------------------------------------
----------------------------------------
ActivityId: 498215d3-a3a5-46f2-94a0-29c111f93213

Timestamp: 9/1/2025 7:20:40 PM

Message: ‹‹‹"undefined" is not valid JSON
SyntaxError: "undefined" is not valid JSON
    at JSON.parse (<anonymous>)
    at Object.next (http://localhost:3000/adminapp/main.449ba47e63d4ef5e.js:2:2448827)
    at g.next (http://localhost:3000/adminapp/vendor.bd1cd64e7e803345.js:2:392685)
    at m._next (http://localhost:3000/adminapp/vendor.bd1cd64e7e803345.js:2:392369)
    at m.next (http://localhost:3000/adminapp/vendor.bd1cd64e7e803345.js:2:392056)
    at http://localhost:3000/adminapp/vendor.bd1cd64e7e803345.js:2:816513
    at o._next (http://localhost:3000/adminapp/vendor.bd1cd64e7e803345.js:2:398759)
    at o.next (http://localhost:3000/adminapp/vendor.bd1cd64e7e803345.js:2:392056)
    at http://localhost:3000/adminapp/vendor.bd1cd64e7e803345.js:2:815247
    at o._next (http://localhost:3000/adminapp/vendor.bd1cd64e7e803345.js:2:398759)›››

Category: WebClientLog

Priority: -1

EventId: 1

Severity: Information

Title:

Machine: PCIR-DESARR04

App Domain: /LM/W3SVC/2/ROOT-1-134012276295197443

ProcessId: 9788

Process Name: c:\windows\system32\inetsrv\w3wp.exe

Thread Name: 

Win32 ThreadId:16760

Extended Properties: 
----------------------------------------
----------------------------------------
ActivityId: 2485cb5b-a62f-4c55-86e3-c7cf492dbbdf

Timestamp: 9/1/2025 7:56:08 PM

Message: ‹‹‹"undefined" is not valid JSON
SyntaxError: "undefined" is not valid JSON
    at JSON.parse (<anonymous>)
    at Object.next (http://localhost:3000/adminapp/main.449ba47e63d4ef5e.js:2:2448827)
    at g.next (http://localhost:3000/adminapp/vendor.bd1cd64e7e803345.js:2:392685)
    at m._next (http://localhost:3000/adminapp/vendor.bd1cd64e7e803345.js:2:392369)
    at m.next (http://localhost:3000/adminapp/vendor.bd1cd64e7e803345.js:2:392056)
    at http://localhost:3000/adminapp/vendor.bd1cd64e7e803345.js:2:816513
    at o._next (http://localhost:3000/adminapp/vendor.bd1cd64e7e803345.js:2:398759)
    at o.next (http://localhost:3000/adminapp/vendor.bd1cd64e7e803345.js:2:392056)
    at http://localhost:3000/adminapp/vendor.bd1cd64e7e803345.js:2:815247
    at o._next (http://localhost:3000/adminapp/vendor.bd1cd64e7e803345.js:2:398759)›››

Category: WebClientLog

Priority: -1

EventId: 1

Severity: Information

Title:

Machine: PCIR-DESARR04

App Domain: /LM/W3SVC/2/ROOT-1-134012283892717498

ProcessId: 15884

Process Name: c:\windows\system32\inetsrv\w3wp.exe

Thread Name: 

Win32 ThreadId:22036

Extended Properties: 
----------------------------------------
----------------------------------------
ActivityId: 693e388a-6df0-4e0a-8b05-4e3e7b186865

Timestamp: 9/1/2025 9:51:29 PM

Message: ‹‹‹"undefined" is not valid JSON
SyntaxError: "undefined" is not valid JSON
    at JSON.parse (<anonymous>)
    at Object.next (http://localhost:3000/adminapp/main.449ba47e63d4ef5e.js:2:2448827)
    at g.next (http://localhost:3000/adminapp/vendor.bd1cd64e7e803345.js:2:392685)
    at m._next (http://localhost:3000/adminapp/vendor.bd1cd64e7e803345.js:2:392369)
    at m.next (http://localhost:3000/adminapp/vendor.bd1cd64e7e803345.js:2:392056)
    at http://localhost:3000/adminapp/vendor.bd1cd64e7e803345.js:2:816513
    at o._next (http://localhost:3000/adminapp/vendor.bd1cd64e7e803345.js:2:398759)
    at o.next (http://localhost:3000/adminapp/vendor.bd1cd64e7e803345.js:2:392056)
    at http://localhost:3000/adminapp/vendor.bd1cd64e7e803345.js:2:815247
    at o._next (http://localhost:3000/adminapp/vendor.bd1cd64e7e803345.js:2:398759)›››

Category: WebClientLog

Priority: -1

EventId: 1

Severity: Information

Title:

Machine: PCIR-DESARR04

App Domain: /LM/W3SVC/2/ROOT-1-134012366924803097

ProcessId: 12300

Process Name: c:\windows\system32\inetsrv\w3wp.exe

Thread Name: 

Win32 ThreadId:23736

Extended Properties: 
----------------------------------------
